{"/home/travis/build/npmtest/node-npmtest-fuse.js/test.js":{"path":"/home/travis/build/npmtest/node-npmtest-fuse.js/test.js","s":{"1":2,"2":2,"3":2,"4":2,"5":2,"6":2,"7":2,"8":1,"9":2,"10":2,"11":1,"12":1,"13":1,"14":1,"15":2,"16":2,"17":2,"18":2,"19":1,"20":1,"21":2,"22":2,"23":2,"24":1,"25":1,"26":1,"27":1,"28":1,"29":1,"30":1,"31":1,"32":1,"33":1,"34":1,"35":1,"36":1,"37":1,"38":1,"39":2,"40":2,"41":1,"42":2,"43":2,"44":1,"45":2,"46":2,"47":1,"48":2,"49":2,"50":1,"51":1,"52":1,"53":1,"54":1},"b":{"1":[2,1,1,1],"2":[1,1,1,1],"3":[1,1],"4":[1,1],"5":[1,1],"6":[1,1],"7":[1,1],"8":[1,1],"9":[1,1],"10":[1,1,1],"11":[1,1],"12":[1,1],"13":[1,1],"14":[1,1],"15":[1,1],"16":[1,1],"17":[1,1]},"f":{"1":2,"2":2,"3":2,"4":2,"5":2,"6":1,"7":1,"8":1,"9":2,"10":2,"11":2,"12":2,"13":1},"fnMap":{"1":{"name":"(anonymous_1)","line":12,"loc":{"start":{"line":12,"column":1},"end":{"line":12,"column":13}}},"2":{"name":"(anonymous_2)","line":19,"loc":{"start":{"line":19,"column":5},"end":{"line":19,"column":17}}},"3":{"name":"(anonymous_3)","line":23,"loc":{"start":{"line":23,"column":24},"end":{"line":23,"column":36}}},"4":{"name":"(anonymous_4)","line":61,"loc":{"start":{"line":61,"column":5},"end":{"line":61,"column":17}}},"5":{"name":"(anonymous_5)","line":82,"loc":{"start":{"line":82,"column":5},"end":{"line":82,"column":17}}},"6":{"name":"(anonymous_6)","line":91,"loc":{"start":{"line":91,"column":77},"end":{"line":94,"column":10}}},"7":{"name":"(anonymous_7)","line":112,"loc":{"start":{"line":112,"column":83},"end":{"line":115,"column":10}},"skip":true},"8":{"name":"(anonymous_8)","line":123,"loc":{"start":{"line":123,"column":77},"end":{"line":126,"column":10}},"skip":true},"9":{"name":"(anonymous_9)","line":139,"loc":{"start":{"line":139,"column":12},"end":{"line":139,"column":40}},"skip":true},"10":{"name":"(anonymous_10)","line":147,"loc":{"start":{"line":147,"column":77},"end":{"line":150,"column":10}},"skip":true},"11":{"name":"(anonymous_11)","line":158,"loc":{"start":{"line":158,"column":83},"end":{"line":161,"column":10}},"skip":true},"12":{"name":"(anonymous_12)","line":169,"loc":{"start":{"line":169,"column":79},"end":{"line":172,"column":10}},"skip":true},"13":{"name":"(anonymous_13)","line":180,"loc":{"start":{"line":180,"column":75},"end":{"line":183,"column":10}},"skip":true}},"statementMap":{"1":{"start":{"line":12,"column":0},"end":{"line":195,"column":5}},"2":{"start":{"line":14,"column":4},"end":{"line":14,"column":14}},"3":{"start":{"line":19,"column":4},"end":{"line":56,"column":9}},"4":{"start":{"line":21,"column":8},"end":{"line":21,"column":19}},"5":{"start":{"line":23,"column":8},"end":{"line":35,"column":13}},"6":{"start":{"line":24,"column":12},"end":{"line":34,"column":13}},"7":{"start":{"line":25,"column":16},"end":{"line":28,"column":30}},"8":{"start":{"line":30,"column":16},"end":{"line":33,"column":27}},"9":{"start":{"line":37,"column":8},"end":{"line":39,"column":21}},"10":{"start":{"line":40,"column":8},"end":{"line":53,"column":9}},"11":{"start":{"line":43,"column":12},"end":{"line":46,"column":14}},"12":{"start":{"line":47,"column":12},"end":{"line":47,"column":18}},"13":{"start":{"line":50,"column":12},"end":{"line":51,"column":33}},"14":{"start":{"line":52,"column":12},"end":{"line":52,"column":18}},"15":{"start":{"line":55,"column":8},"end":{"line":55,"column":35}},"16":{"start":{"line":61,"column":4},"end":{"line":63,"column":9}},"17":{"start":{"line":62,"column":8},"end":{"line":62,"column":15}},"18":{"start":{"line":64,"column":4},"end":{"line":77,"column":5}},"19":{"start":{"line":70,"column":8},"end":{"line":70,"column":14}},"20":{"start":{"line":76,"column":8},"end":{"line":76,"column":14}},"21":{"start":{"line":82,"column":4},"end":{"line":84,"column":9}},"22":{"start":{"line":83,"column":8},"end":{"line":83,"column":15}},"23":{"start":{"line":85,"column":4},"end":{"line":194,"column":5}},"24":{"start":{"line":91,"column":8},"end":{"line":99,"column":10}},"25":{"start":{"line":98,"column":12},"end":{"line":98,"column":35}},"26":{"start":{"line":102,"column":8},"end":{"line":104,"column":63}},"27":{"start":{"line":105,"column":8},"end":{"line":105,"column":14}},"28":{"start":{"line":112,"column":8},"end":{"line":121,"column":10},"skip":true},"29":{"start":{"line":119,"column":12},"end":{"line":119,"column":55},"skip":true},"30":{"start":{"line":120,"column":12},"end":{"line":120,"column":48},"skip":true},"31":{"start":{"line":123,"column":8},"end":{"line":136,"column":10},"skip":true},"32":{"start":{"line":130,"column":12},"end":{"line":130,"column":76},"skip":true},"33":{"start":{"line":131,"column":12},"end":{"line":131,"column":73},"skip":true},"34":{"start":{"line":132,"column":12},"end":{"line":132,"column":74},"skip":true},"35":{"start":{"line":133,"column":12},"end":{"line":133,"column":79},"skip":true},"36":{"start":{"line":134,"column":12},"end":{"line":134,"column":25},"skip":true},"37":{"start":{"line":135,"column":12},"end":{"line":135,"column":45},"skip":true},"38":{"start":{"line":138,"column":8},"end":{"line":145,"column":14},"skip":true},"39":{"start":{"line":143,"column":16},"end":{"line":143,"column":29},"skip":true},"40":{"start":{"line":144,"column":16},"end":{"line":144,"column":55},"skip":true},"41":{"start":{"line":147,"column":8},"end":{"line":156,"column":10},"skip":true},"42":{"start":{"line":154,"column":12},"end":{"line":154,"column":25},"skip":true},"43":{"start":{"line":155,"column":12},"end":{"line":155,"column":45},"skip":true},"44":{"start":{"line":158,"column":8},"end":{"line":167,"column":10},"skip":true},"45":{"start":{"line":165,"column":12},"end":{"line":165,"column":25},"skip":true},"46":{"start":{"line":166,"column":12},"end":{"line":166,"column":48},"skip":true},"47":{"start":{"line":169,"column":8},"end":{"line":178,"column":10},"skip":true},"48":{"start":{"line":176,"column":12},"end":{"line":176,"column":25},"skip":true},"49":{"start":{"line":177,"column":12},"end":{"line":177,"column":46},"skip":true},"50":{"start":{"line":180,"column":8},"end":{"line":189,"column":10},"skip":true},"51":{"start":{"line":187,"column":12},"end":{"line":187,"column":94},"skip":true},"52":{"start":{"line":188,"column":12},"end":{"line":188,"column":48},"skip":true},"53":{"start":{"line":192,"column":8},"end":{"line":192,"column":35},"skip":true},"54":{"start":{"line":193,"column":8},"end":{"line":193,"column":14},"skip":true}},"branchMap":{"1":{"line":25,"type":"binary-expr","locations":[{"start":{"line":25,"column":23},"end":{"line":25,"column":62}},{"start":{"line":26,"column":20},"end":{"line":26,"column":70}},{"start":{"line":27,"column":20},"end":{"line":27,"column":71}},{"start":{"line":28,"column":20},"end":{"line":28,"column":29}}]},"2":{"line":30,"type":"binary-expr","locations":[{"start":{"line":30,"column":23},"end":{"line":30,"column":37}},{"start":{"line":31,"column":20},"end":{"line":31,"column":61}},{"start":{"line":32,"column":20},"end":{"line":32,"column":70}},{"start":{"line":33,"column":20},"end":{"line":33,"column":26}}]},"3":{"line":37,"type":"cond-expr","locations":[{"start":{"line":38,"column":14},"end":{"line":38,"column":20}},{"start":{"line":39,"column":14},"end":{"line":39,"column":20}}]},"4":{"line":40,"type":"switch","locations":[{"start":{"line":42,"column":8},"end":{"line":47,"column":18}},{"start":{"line":49,"column":8},"end":{"line":52,"column":18}}]},"5":{"line":44,"type":"binary-expr","locations":[{"start":{"line":44,"column":16},"end":{"line":44,"column":44}},{"start":{"line":44,"column":48},"end":{"line":44,"column":66}}]},"6":{"line":50,"type":"binary-expr","locations":[{"start":{"line":50,"column":21},"end":{"line":50,"column":49}},{"start":{"line":50,"column":53},"end":{"line":50,"column":72}}]},"7":{"line":64,"type":"switch","locations":[{"start":{"line":69,"column":4},"end":{"line":70,"column":14}},{"start":{"line":75,"column":4},"end":{"line":76,"column":14}}]},"8":{"line":85,"type":"switch","locations":[{"start":{"line":90,"column":4},"end":{"line":105,"column":14}},{"start":{"line":111,"column":4},"end":{"line":193,"column":14},"skip":true}]},"9":{"line":91,"type":"binary-expr","locations":[{"start":{"line":91,"column":42},"end":{"line":91,"column":73}},{"start":{"line":91,"column":77},"end":{"line":99,"column":9}}]},"10":{"line":102,"type":"binary-expr","locations":[{"start":{"line":102,"column":18},"end":{"line":102,"column":32}},{"start":{"line":103,"column":12},"end":{"line":103,"column":53}},{"start":{"line":104,"column":12},"end":{"line":104,"column":61}}]},"11":{"line":112,"type":"binary-expr","locations":[{"start":{"line":112,"column":45},"end":{"line":112,"column":79},"skip":true},{"start":{"line":112,"column":83},"end":{"line":121,"column":9},"skip":true}]},"12":{"line":123,"type":"binary-expr","locations":[{"start":{"line":123,"column":42},"end":{"line":123,"column":73},"skip":true},{"start":{"line":123,"column":77},"end":{"line":136,"column":9},"skip":true}]},"13":{"line":138,"type":"binary-expr","locations":[{"start":{"line":138,"column":48},"end":{"line":138,"column":85},"skip":true},{"start":{"line":139,"column":12},"end":{"line":145,"column":13},"skip":true}]},"14":{"line":147,"type":"binary-expr","locations":[{"start":{"line":147,"column":42},"end":{"line":147,"column":73},"skip":true},{"start":{"line":147,"column":77},"end":{"line":156,"column":9},"skip":true}]},"15":{"line":158,"type":"binary-expr","locations":[{"start":{"line":158,"column":45},"end":{"line":158,"column":79},"skip":true},{"start":{"line":158,"column":83},"end":{"line":167,"column":9},"skip":true}]},"16":{"line":169,"type":"binary-expr","locations":[{"start":{"line":169,"column":43},"end":{"line":169,"column":75},"skip":true},{"start":{"line":169,"column":79},"end":{"line":178,"column":9},"skip":true}]},"17":{"line":180,"type":"binary-expr","locations":[{"start":{"line":180,"column":41},"end":{"line":180,"column":71},"skip":true},{"start":{"line":180,"column":75},"end":{"line":189,"column":9},"skip":true}]}},"code":["/* istanbul instrument in package npmtest_fuse_js */","/*jslint","    bitwise: true,","    browser: true,","    maxerr: 8,","    maxlen: 96,","    node: true,","    nomen: true,","    regexp: true,","    stupid: true","*/","(function () {","    'use strict';","    var local;","","","","    // run shared js-env code - init-before","    (function () {","        // init local","        local = {};","        // init modeJs","        local.modeJs = (function () {","            try {","                return typeof navigator.userAgent === 'string' &&","                    typeof document.querySelector('body') === 'object' &&","                    typeof XMLHttpRequest.prototype.open === 'function' &&","                    'browser';","            } catch (errorCaughtBrowser) {","                return module.exports &&","                    typeof process.versions.node === 'string' &&","                    typeof require('http').createServer === 'function' &&","                    'node';","            }","        }());","        // init global","        local.global = local.modeJs === 'browser'","            ? window","            : global;","        switch (local.modeJs) {","        // re-init local from window.local","        case 'browser':","            local = local.global.utility2.objectSetDefault(","                local.global.utility2_rollup || local.global.local,","                local.global.utility2","            );","            break;","        // re-init local from example.js","        case 'node':","            local = (local.global.utility2_rollup || require('utility2'))","                .requireReadme();","            break;","        }","        // export local","        local.global.local = local;","    }());","","","","    // run shared js-env code - function","    (function () {","        return;","    }());","    switch (local.modeJs) {","","","","    // run browser js-env code - function","    case 'browser':","        break;","","","","    // run node js-env code - function","    case 'node':","        break;","    }","","","","    // run shared js-env code - init-after","    (function () {","        return;","    }());","    switch (local.modeJs) {","","","","    // run browser js-env code - init-after","    case 'browser':","        local.testCase_browser_nullCase = local.testCase_browser_nullCase || function (","            options,","            onError","        ) {","        /*","         * this function will test browsers's null-case handling-behavior-behavior","         */","            onError(null, options);","        };","","        // run tests","        local.nop(local.modeTest &&","            document.querySelector('#testRunButton1') &&","            document.querySelector('#testRunButton1').click());","        break;","","","","    // run node js-env code - init-after","    /* istanbul ignore next */","    case 'node':","        local.testCase_buildApidoc_default = local.testCase_buildApidoc_default || function (","            options,","            onError","        ) {","        /*","         * this function will test buildApidoc's default handling-behavior-behavior","         */","            options = { modulePathList: module.paths };","            local.buildApidoc(options, onError);","        };","","        local.testCase_buildApp_default = local.testCase_buildApp_default || function (","            options,","            onError","        ) {","        /*","         * this function will test buildApp's default handling-behavior-behavior","         */","            local.testCase_buildReadme_default(options, local.onErrorThrow);","            local.testCase_buildLib_default(options, local.onErrorThrow);","            local.testCase_buildTest_default(options, local.onErrorThrow);","            local.testCase_buildCustomOrg_default(options, local.onErrorThrow);","            options = [];","            local.buildApp(options, onError);","        };","","        local.testCase_buildCustomOrg_default = local.testCase_buildCustomOrg_default ||","            function (options, onError) {","            /*","             * this function will test buildCustomOrg's default handling-behavior","             */","                options = {};","                local.buildCustomOrg(options, onError);","            };","","        local.testCase_buildLib_default = local.testCase_buildLib_default || function (","            options,","            onError","        ) {","        /*","         * this function will test buildLib's default handling-behavior","         */","            options = {};","            local.buildLib(options, onError);","        };","","        local.testCase_buildReadme_default = local.testCase_buildReadme_default || function (","            options,","            onError","        ) {","        /*","         * this function will test buildReadme's default handling-behavior-behavior","         */","            options = {};","            local.buildReadme(options, onError);","        };","","        local.testCase_buildTest_default = local.testCase_buildTest_default || function (","            options,","            onError","        ) {","        /*","         * this function will test buildTest's default handling-behavior","         */","            options = {};","            local.buildTest(options, onError);","        };","","        local.testCase_webpage_default = local.testCase_webpage_default || function (","            options,","            onError","        ) {","        /*","         * this function will test webpage's default handling-behavior","         */","            options = { modeCoverageMerge: true, url: local.serverLocalHost + '?modeTest=1' };","            local.browserTest(options, onError);","        };","","        // run test-server","        local.testRunServer(local);","        break;","    }","}());",""],"l":{"12":2,"14":2,"19":2,"21":2,"23":2,"24":2,"25":2,"30":1,"37":2,"40":2,"43":1,"47":1,"50":1,"52":1,"55":2,"61":2,"62":2,"64":2,"70":1,"76":1,"82":2,"83":2,"85":2,"91":1,"98":1,"102":1,"105":1,"112":1,"119":1,"120":1,"123":1,"130":1,"131":1,"132":1,"133":1,"134":1,"135":1,"138":1,"143":2,"144":2,"147":1,"154":2,"155":2,"158":1,"165":2,"166":2,"169":1,"176":2,"177":2,"180":1,"187":1,"188":1,"192":1,"193":1}},"/home/travis/build/npmtest/node-npmtest-fuse.js/lib.npmtest_fuse.js.js":{"path":"/home/travis/build/npmtest/node-npmtest-fuse.js/lib.npmtest_fuse.js.js","s":{"1":2,"2":2,"3":2,"4":2,"5":2,"6":2,"7":2,"8":1,"9":2,"10":2,"11":2,"12":2,"13":1,"14":1,"15":1,"16":1},"b":{"1":[2,1,1,1],"2":[1,1,1,1],"3":[1,1],"4":[2,2],"5":[1,1]},"f":{"1":2,"2":2,"3":2},"fnMap":{"1":{"name":"(anonymous_1)","line":12,"loc":{"start":{"line":12,"column":1},"end":{"line":12,"column":13}}},"2":{"name":"(anonymous_2)","line":19,"loc":{"start":{"line":19,"column":5},"end":{"line":19,"column":17}}},"3":{"name":"(anonymous_3)","line":23,"loc":{"start":{"line":23,"column":24},"end":{"line":23,"column":36}}}},"statementMap":{"1":{"start":{"line":12,"column":0},"end":{"line":53,"column":5}},"2":{"start":{"line":14,"column":4},"end":{"line":14,"column":14}},"3":{"start":{"line":19,"column":4},"end":{"line":52,"column":9}},"4":{"start":{"line":21,"column":8},"end":{"line":21,"column":19}},"5":{"start":{"line":23,"column":8},"end":{"line":35,"column":13}},"6":{"start":{"line":24,"column":12},"end":{"line":34,"column":13}},"7":{"start":{"line":25,"column":16},"end":{"line":28,"column":30}},"8":{"start":{"line":30,"column":16},"end":{"line":33,"column":27}},"9":{"start":{"line":37,"column":8},"end":{"line":39,"column":21}},"10":{"start":{"line":41,"column":8},"end":{"line":41,"column":54}},"11":{"start":{"line":43,"column":8},"end":{"line":43,"column":52}},"12":{"start":{"line":45,"column":8},"end":{"line":51,"column":9}},"13":{"start":{"line":46,"column":12},"end":{"line":46,"column":58}},"14":{"start":{"line":48,"column":12},"end":{"line":48,"column":35}},"15":{"start":{"line":49,"column":12},"end":{"line":49,"column":49}},"16":{"start":{"line":50,"column":12},"end":{"line":50,"column":43}}},"branchMap":{"1":{"line":25,"type":"binary-expr","locations":[{"start":{"line":25,"column":23},"end":{"line":25,"column":62}},{"start":{"line":26,"column":20},"end":{"line":26,"column":70}},{"start":{"line":27,"column":20},"end":{"line":27,"column":71}},{"start":{"line":28,"column":20},"end":{"line":28,"column":29}}]},"2":{"line":30,"type":"binary-expr","locations":[{"start":{"line":30,"column":23},"end":{"line":30,"column":37}},{"start":{"line":31,"column":20},"end":{"line":31,"column":61}},{"start":{"line":32,"column":20},"end":{"line":32,"column":70}},{"start":{"line":33,"column":20},"end":{"line":33,"column":26}}]},"3":{"line":37,"type":"cond-expr","locations":[{"start":{"line":38,"column":14},"end":{"line":38,"column":20}},{"start":{"line":39,"column":14},"end":{"line":39,"column":20}}]},"4":{"line":41,"type":"binary-expr","locations":[{"start":{"line":41,"column":16},"end":{"line":41,"column":44}},{"start":{"line":41,"column":48},"end":{"line":41,"column":53}}]},"5":{"line":45,"type":"if","locations":[{"start":{"line":45,"column":8},"end":{"line":45,"column":8}},{"start":{"line":45,"column":8},"end":{"line":45,"column":8}}]}},"code":["/* istanbul instrument in package npmtest_fuse_js */","/*jslint","    bitwise: true,","    browser: true,","    maxerr: 8,","    maxlen: 96,","    node: true,","    nomen: true,","    regexp: true,","    stupid: true","*/","(function () {","    'use strict';","    var local;","","","","    // run shared js-env code - pre-init","    (function () {","        // init local","        local = {};","        // init modeJs","        local.modeJs = (function () {","            try {","                return typeof navigator.userAgent === 'string' &&","                    typeof document.querySelector('body') === 'object' &&","                    typeof XMLHttpRequest.prototype.open === 'function' &&","                    'browser';","            } catch (errorCaughtBrowser) {","                return module.exports &&","                    typeof process.versions.node === 'string' &&","                    typeof require('http').createServer === 'function' &&","                    'node';","            }","        }());","        // init global","        local.global = local.modeJs === 'browser'","            ? window","            : global;","        // init utility2_rollup","        local = local.global.utility2_rollup || local;","        // init lib","        local.local = local.npmtest_fuse_js = local;","        // init exports","        if (local.modeJs === 'browser') {","            local.global.utility2_npmtest_fuse_js = local;","        } else {","            module.exports = local;","            module.exports.__dirname = __dirname;","            module.exports.module = module;","        }","    }());","}());",""],"l":{"12":2,"14":2,"19":2,"21":2,"23":2,"24":2,"25":2,"30":1,"37":2,"41":2,"43":2,"45":2,"46":1,"48":1,"49":1,"50":1}},"/home/travis/build/npmtest/node-npmtest-fuse.js/example.js":{"path":"/home/travis/build/npmtest/node-npmtest-fuse.js/example.js","s":{"1":2,"2":2,"3":2,"4":2,"5":2,"6":2,"7":2,"8":1,"9":2,"10":2,"11":2,"12":2,"13":1,"14":2,"15":2,"16":2,"17":2,"18":2,"19":0,"20":2,"21":1,"22":1,"23":1,"24":1,"25":1,"26":0,"27":0,"28":1,"29":1,"30":2,"31":0,"32":0,"33":0,"34":1,"35":2,"36":2,"37":3,"38":3,"39":3,"40":3,"41":0,"42":3,"43":3,"44":3,"45":1,"46":3,"47":1,"48":1,"49":1,"50":1,"51":1,"52":1,"53":1,"54":1,"55":1,"56":1,"57":0,"58":1,"59":6,"60":6,"61":1,"62":2,"63":0,"64":2,"65":1,"66":1,"67":0,"68":0,"69":0,"70":0,"71":0,"72":0,"73":0,"74":0,"75":0,"76":0,"77":0,"78":0,"79":0,"80":0,"81":0,"82":0,"83":0},"b":{"1":[2,1,1,1],"2":[1,1,1,1],"3":[1,1],"4":[2,2],"5":[1,1],"6":[1,1],"7":[2,0],"8":[2,1,1,1,1,1],"9":[0,2,0],"10":[1,1],"11":[2,1,1],"12":[1,0],"13":[0,2],"14":[2,0,0,0,0,0,0],"15":[0,3],"16":[3,0],"17":[1,1],"18":[0,1],"19":[1,2,0,2],"20":[1,0],"21":[1,1],"22":[0,0],"23":[0,0],"24":[0,0],"25":[0,0],"26":[0,0],"27":[0,0],"28":[0,0]},"f":{"1":2,"2":2,"3":2,"4":2,"5":2,"6":2,"7":3,"8":3,"9":3,"10":1,"11":6,"12":0},"fnMap":{"1":{"name":"(anonymous_1)","line":26,"loc":{"start":{"line":26,"column":1},"end":{"line":26,"column":13}}},"2":{"name":"(anonymous_2)","line":33,"loc":{"start":{"line":33,"column":5},"end":{"line":33,"column":17}}},"3":{"name":"(anonymous_3)","line":37,"loc":{"start":{"line":37,"column":24},"end":{"line":37,"column":36}}},"4":{"name":"(anonymous_4)","line":69,"loc":{"start":{"line":69,"column":31},"end":{"line":69,"column":48}},"skip":true},"5":{"name":"(anonymous_5)","line":78,"loc":{"start":{"line":78,"column":26},"end":{"line":78,"column":45}},"skip":true},"6":{"name":"(anonymous_6)","line":123,"loc":{"start":{"line":123,"column":33},"end":{"line":123,"column":48}},"skip":true},"7":{"name":"(anonymous_7)","line":125,"loc":{"start":{"line":125,"column":27},"end":{"line":125,"column":39}},"skip":true},"8":{"name":"(anonymous_8)","line":133,"loc":{"start":{"line":133,"column":59},"end":{"line":133,"column":74}},"skip":true},"9":{"name":"(anonymous_9)","line":143,"loc":{"start":{"line":143,"column":45},"end":{"line":143,"column":62}},"skip":true},"10":{"name":"(anonymous_10)","line":144,"loc":{"start":{"line":144,"column":73},"end":{"line":144,"column":92}},"skip":true},"11":{"name":"(anonymous_11)","line":272,"loc":{"start":{"line":272,"column":51},"end":{"line":272,"column":77}},"skip":true},"12":{"name":"(anonymous_12)","line":315,"loc":{"start":{"line":315,"column":32},"end":{"line":315,"column":61}},"skip":true}},"statementMap":{"1":{"start":{"line":26,"column":0},"end":{"line":326,"column":5}},"2":{"start":{"line":28,"column":4},"end":{"line":28,"column":14}},"3":{"start":{"line":33,"column":4},"end":{"line":60,"column":9}},"4":{"start":{"line":35,"column":8},"end":{"line":35,"column":19}},"5":{"start":{"line":37,"column":8},"end":{"line":49,"column":13}},"6":{"start":{"line":38,"column":12},"end":{"line":48,"column":13}},"7":{"start":{"line":39,"column":16},"end":{"line":42,"column":30}},"8":{"start":{"line":44,"column":16},"end":{"line":47,"column":27}},"9":{"start":{"line":51,"column":8},"end":{"line":53,"column":21}},"10":{"start":{"line":55,"column":8},"end":{"line":57,"column":45}},"11":{"start":{"line":59,"column":8},"end":{"line":59,"column":35}},"12":{"start":{"line":61,"column":4},"end":{"line":325,"column":5}},"13":{"start":{"line":69,"column":8},"end":{"line":121,"column":10},"skip":true},"14":{"start":{"line":70,"column":12},"end":{"line":88,"column":13},"skip":true},"15":{"start":{"line":76,"column":16},"end":{"line":87,"column":19},"skip":true},"16":{"start":{"line":79,"column":20},"end":{"line":86,"column":21},"skip":true},"17":{"start":{"line":82,"column":24},"end":{"line":82,"column":43},"skip":true},"18":{"start":{"line":83,"column":24},"end":{"line":83,"column":30},"skip":true},"19":{"start":{"line":85,"column":24},"end":{"line":85,"column":49},"skip":true},"20":{"start":{"line":89,"column":12},"end":{"line":107,"column":13},"skip":true},"21":{"start":{"line":92,"column":16},"end":{"line":102,"column":17},"skip":true},"22":{"start":{"line":93,"column":20},"end":{"line":93,"column":86},"skip":true},"23":{"start":{"line":94,"column":20},"end":{"line":95,"column":45},"skip":true},"24":{"start":{"line":96,"column":20},"end":{"line":96,"column":42},"skip":true},"25":{"start":{"line":97,"column":20},"end":{"line":97,"column":48},"skip":true},"26":{"start":{"line":100,"column":20},"end":{"line":100,"column":85},"skip":true},"27":{"start":{"line":101,"column":20},"end":{"line":101,"column":96},"skip":true},"28":{"start":{"line":103,"column":16},"end":{"line":103,"column":22},"skip":true},"29":{"start":{"line":106,"column":16},"end":{"line":106,"column":22},"skip":true},"30":{"start":{"line":108,"column":12},"end":{"line":120,"column":13},"skip":true},"31":{"start":{"line":114,"column":16},"end":{"line":119,"column":17},"skip":true},"32":{"start":{"line":116,"column":20},"end":{"line":116,"column":78},"skip":true},"33":{"start":{"line":118,"column":20},"end":{"line":118,"column":47},"skip":true},"34":{"start":{"line":123,"column":8},"end":{"line":141,"column":11},"skip":true},"35":{"start":{"line":124,"column":12},"end":{"line":124,"column":54},"skip":true},"36":{"start":{"line":125,"column":12},"end":{"line":140,"column":14},"skip":true},"37":{"start":{"line":126,"column":16},"end":{"line":126,"column":28},"skip":true},"38":{"start":{"line":127,"column":16},"end":{"line":127,"column":69},"skip":true},"39":{"start":{"line":128,"column":16},"end":{"line":128,"column":75},"skip":true},"40":{"start":{"line":129,"column":16},"end":{"line":131,"column":17},"skip":true},"41":{"start":{"line":130,"column":20},"end":{"line":130,"column":27},"skip":true},"42":{"start":{"line":133,"column":16},"end":{"line":137,"column":36},"skip":true},"43":{"start":{"line":134,"column":20},"end":{"line":136,"column":55},"skip":true},"44":{"start":{"line":139,"column":16},"end":{"line":139,"column":57},"skip":true},"45":{"start":{"line":143,"column":8},"end":{"line":147,"column":11},"skip":true},"46":{"start":{"line":144,"column":12},"end":{"line":146,"column":15},"skip":true},"47":{"start":{"line":145,"column":16},"end":{"line":145,"column":70},"skip":true},"48":{"start":{"line":149,"column":8},"end":{"line":149,"column":31},"skip":true},"49":{"start":{"line":150,"column":8},"end":{"line":150,"column":14},"skip":true},"50":{"start":{"line":158,"column":8},"end":{"line":158,"column":31},"skip":true},"51":{"start":{"line":160,"column":8},"end":{"line":160,"column":33},"skip":true},"52":{"start":{"line":161,"column":8},"end":{"line":161,"column":37},"skip":true},"53":{"start":{"line":162,"column":8},"end":{"line":162,"column":35},"skip":true},"54":{"start":{"line":164,"column":8},"end":{"line":164,"column":50},"skip":true},"55":{"start":{"line":166,"column":8},"end":{"line":256,"column":2},"skip":true},"56":{"start":{"line":258,"column":8},"end":{"line":286,"column":9},"skip":true},"57":{"start":{"line":259,"column":12},"end":{"line":269,"column":14},"skip":true},"58":{"start":{"line":271,"column":12},"end":{"line":285,"column":19},"skip":true},"59":{"start":{"line":274,"column":20},"end":{"line":274,"column":35},"skip":true},"60":{"start":{"line":275,"column":20},"end":{"line":284,"column":21},"skip":true},"61":{"start":{"line":277,"column":24},"end":{"line":277,"column":64},"skip":true},"62":{"start":{"line":279,"column":24},"end":{"line":279,"column":40},"skip":true},"63":{"start":{"line":281,"column":24},"end":{"line":281,"column":40},"skip":true},"64":{"start":{"line":283,"column":24},"end":{"line":283,"column":39},"skip":true},"65":{"start":{"line":288,"column":8},"end":{"line":290,"column":9},"skip":true},"66":{"start":{"line":289,"column":12},"end":{"line":289,"column":18},"skip":true},"67":{"start":{"line":291,"column":8},"end":{"line":293,"column":54},"skip":true},"68":{"start":{"line":296,"column":8},"end":{"line":301,"column":37},"skip":true},"69":{"start":{"line":303,"column":8},"end":{"line":303,"column":82},"skip":true},"70":{"start":{"line":306,"column":8},"end":{"line":308,"column":9},"skip":true},"71":{"start":{"line":307,"column":12},"end":{"line":307,"column":82},"skip":true},"72":{"start":{"line":310,"column":8},"end":{"line":312,"column":9},"skip":true},"73":{"start":{"line":311,"column":12},"end":{"line":311,"column":18},"skip":true},"74":{"start":{"line":313,"column":8},"end":{"line":313,"column":54},"skip":true},"75":{"start":{"line":314,"column":8},"end":{"line":314,"column":69},"skip":true},"76":{"start":{"line":315,"column":8},"end":{"line":323,"column":36},"skip":true},"77":{"start":{"line":316,"column":12},"end":{"line":316,"column":61},"skip":true},"78":{"start":{"line":317,"column":12},"end":{"line":320,"column":13},"skip":true},"79":{"start":{"line":318,"column":16},"end":{"line":318,"column":75},"skip":true},"80":{"start":{"line":319,"column":16},"end":{"line":319,"column":23},"skip":true},"81":{"start":{"line":321,"column":12},"end":{"line":321,"column":38},"skip":true},"82":{"start":{"line":322,"column":12},"end":{"line":322,"column":27},"skip":true},"83":{"start":{"line":324,"column":8},"end":{"line":324,"column":14},"skip":true}},"branchMap":{"1":{"line":39,"type":"binary-expr","locations":[{"start":{"line":39,"column":23},"end":{"line":39,"column":62}},{"start":{"line":40,"column":20},"end":{"line":40,"column":70}},{"start":{"line":41,"column":20},"end":{"line":41,"column":71}},{"start":{"line":42,"column":20},"end":{"line":42,"column":29}}]},"2":{"line":44,"type":"binary-expr","locations":[{"start":{"line":44,"column":23},"end":{"line":44,"column":37}},{"start":{"line":45,"column":20},"end":{"line":45,"column":61}},{"start":{"line":46,"column":20},"end":{"line":46,"column":70}},{"start":{"line":47,"column":20},"end":{"line":47,"column":26}}]},"3":{"line":51,"type":"cond-expr","locations":[{"start":{"line":52,"column":14},"end":{"line":52,"column":20}},{"start":{"line":53,"column":14},"end":{"line":53,"column":20}}]},"4":{"line":55,"type":"binary-expr","locations":[{"start":{"line":55,"column":16},"end":{"line":55,"column":44}},{"start":{"line":55,"column":49},"end":{"line":57,"column":43}}]},"5":{"line":55,"type":"cond-expr","locations":[{"start":{"line":56,"column":14},"end":{"line":56,"column":51}},{"start":{"line":57,"column":14},"end":{"line":57,"column":43}}]},"6":{"line":61,"type":"switch","locations":[{"start":{"line":68,"column":4},"end":{"line":150,"column":14},"skip":true},{"start":{"line":156,"column":4},"end":{"line":324,"column":14},"skip":true}]},"7":{"line":70,"type":"if","locations":[{"start":{"line":70,"column":12},"end":{"line":70,"column":12},"skip":true},{"start":{"line":70,"column":12},"end":{"line":70,"column":12},"skip":true}]},"8":{"line":70,"type":"binary-expr","locations":[{"start":{"line":70,"column":16},"end":{"line":70,"column":22},"skip":true},{"start":{"line":70,"column":27},"end":{"line":70,"column":32},"skip":true},{"start":{"line":71,"column":20},"end":{"line":71,"column":39},"skip":true},{"start":{"line":72,"column":20},"end":{"line":72,"column":49},"skip":true},{"start":{"line":73,"column":20},"end":{"line":73,"column":58},"skip":true},{"start":{"line":74,"column":20},"end":{"line":74,"column":69},"skip":true}]},"9":{"line":79,"type":"switch","locations":[{"start":{"line":80,"column":20},"end":{"line":80,"column":33},"skip":true},{"start":{"line":81,"column":20},"end":{"line":83,"column":30},"skip":true},{"start":{"line":84,"column":20},"end":{"line":85,"column":49},"skip":true}]},"10":{"line":89,"type":"switch","locations":[{"start":{"line":90,"column":12},"end":{"line":103,"column":22},"skip":true},{"start":{"line":105,"column":12},"end":{"line":106,"column":22},"skip":true}]},"11":{"line":89,"type":"binary-expr","locations":[{"start":{"line":89,"column":20},"end":{"line":89,"column":25},"skip":true},{"start":{"line":89,"column":29},"end":{"line":89,"column":48},"skip":true},{"start":{"line":89,"column":52},"end":{"line":89,"column":74},"skip":true}]},"12":{"line":92,"type":"if","locations":[{"start":{"line":92,"column":16},"end":{"line":92,"column":16},"skip":true},{"start":{"line":92,"column":16},"end":{"line":92,"column":16},"skip":true}]},"13":{"line":108,"type":"if","locations":[{"start":{"line":108,"column":12},"end":{"line":108,"column":12},"skip":true},{"start":{"line":108,"column":12},"end":{"line":108,"column":12},"skip":true}]},"14":{"line":108,"type":"binary-expr","locations":[{"start":{"line":108,"column":16},"end":{"line":108,"column":61},"skip":true},{"start":{"line":108,"column":66},"end":{"line":108,"column":72},"skip":true},{"start":{"line":108,"column":77},"end":{"line":108,"column":82},"skip":true},{"start":{"line":109,"column":20},"end":{"line":109,"column":39},"skip":true},{"start":{"line":110,"column":20},"end":{"line":110,"column":49},"skip":true},{"start":{"line":111,"column":20},"end":{"line":111,"column":58},"skip":true},{"start":{"line":112,"column":20},"end":{"line":112,"column":68},"skip":true}]},"15":{"line":129,"type":"if","locations":[{"start":{"line":129,"column":16},"end":{"line":129,"column":16},"skip":true},{"start":{"line":129,"column":16},"end":{"line":129,"column":16},"skip":true}]},"16":{"line":134,"type":"cond-expr","locations":[{"start":{"line":135,"column":26},"end":{"line":135,"column":29},"skip":true},{"start":{"line":136,"column":26},"end":{"line":136,"column":54},"skip":true}]},"17":{"line":164,"type":"binary-expr","locations":[{"start":{"line":164,"column":27},"end":{"line":164,"column":43},"skip":true},{"start":{"line":164,"column":47},"end":{"line":164,"column":49},"skip":true}]},"18":{"line":258,"type":"if","locations":[{"start":{"line":258,"column":8},"end":{"line":258,"column":8},"skip":true},{"start":{"line":258,"column":8},"end":{"line":258,"column":8},"skip":true}]},"19":{"line":275,"type":"switch","locations":[{"start":{"line":276,"column":20},"end":{"line":277,"column":64},"skip":true},{"start":{"line":278,"column":20},"end":{"line":279,"column":40},"skip":true},{"start":{"line":280,"column":20},"end":{"line":281,"column":40},"skip":true},{"start":{"line":282,"column":20},"end":{"line":283,"column":39},"skip":true}]},"20":{"line":288,"type":"if","locations":[{"start":{"line":288,"column":8},"end":{"line":288,"column":8},"skip":true},{"start":{"line":288,"column":8},"end":{"line":288,"column":8},"skip":true}]},"21":{"line":288,"type":"binary-expr","locations":[{"start":{"line":288,"column":12},"end":{"line":288,"column":40},"skip":true},{"start":{"line":288,"column":44},"end":{"line":288,"column":67},"skip":true}]},"22":{"line":292,"type":"binary-expr","locations":[{"start":{"line":292,"column":12},"end":{"line":292,"column":50},"skip":true},{"start":{"line":293,"column":12},"end":{"line":293,"column":53},"skip":true}]},"23":{"line":297,"type":"binary-expr","locations":[{"start":{"line":297,"column":12},"end":{"line":297,"column":65},"skip":true},{"start":{"line":298,"column":12},"end":{"line":301,"column":36},"skip":true}]},"24":{"line":303,"type":"binary-expr","locations":[{"start":{"line":303,"column":43},"end":{"line":303,"column":75},"skip":true},{"start":{"line":303,"column":79},"end":{"line":303,"column":81},"skip":true}]},"25":{"line":306,"type":"if","locations":[{"start":{"line":306,"column":8},"end":{"line":306,"column":8},"skip":true},{"start":{"line":306,"column":8},"end":{"line":306,"column":8},"skip":true}]},"26":{"line":310,"type":"if","locations":[{"start":{"line":310,"column":8},"end":{"line":310,"column":8},"skip":true},{"start":{"line":310,"column":8},"end":{"line":310,"column":8},"skip":true}]},"27":{"line":313,"type":"binary-expr","locations":[{"start":{"line":313,"column":27},"end":{"line":313,"column":43},"skip":true},{"start":{"line":313,"column":47},"end":{"line":313,"column":53},"skip":true}]},"28":{"line":317,"type":"if","locations":[{"start":{"line":317,"column":12},"end":{"line":317,"column":12},"skip":true},{"start":{"line":317,"column":12},"end":{"line":317,"column":12},"skip":true}]}},"code":["/*","example.js","","quickstart example","","instruction","    1. save this script as example.js","    2. run the shell command:","        $ npm install npmtest-fuse.js && PORT=8081 node example.js","    3. play with the browser-demo on http://127.0.0.1:8081","*/","","","","/* istanbul instrument in package npmtest_fuse_js */","/*jslint","    bitwise: true,","    browser: true,","    maxerr: 8,","    maxlen: 96,","    node: true,","    nomen: true,","    regexp: true,","    stupid: true","*/","(function () {","    'use strict';","    var local;","","","","    // run shared js-env code - init-before","    (function () {","        // init local","        local = {};","        // init modeJs","        local.modeJs = (function () {","            try {","                return typeof navigator.userAgent === 'string' &&","                    typeof document.querySelector('body') === 'object' &&","                    typeof XMLHttpRequest.prototype.open === 'function' &&","                    'browser';","            } catch (errorCaughtBrowser) {","                return module.exports &&","                    typeof process.versions.node === 'string' &&","                    typeof require('http').createServer === 'function' &&","                    'node';","            }","        }());","        // init global","        local.global = local.modeJs === 'browser'","            ? window","            : global;","        // init utility2_rollup","        local = local.global.utility2_rollup || (local.modeJs === 'browser'","            ? local.global.utility2_npmtest_fuse_js","            : global.utility2_moduleExports);","        // export local","        local.global.local = local;","    }());","    switch (local.modeJs) {","","","","    // init-after","    // run browser js-env code - init-after","    /* istanbul ignore next */","    case 'browser':","        local.testRunBrowser = function (event) {","            if (!event || (event &&","                    event.currentTarget &&","                    event.currentTarget.className &&","                    event.currentTarget.className.includes &&","                    event.currentTarget.className.includes('onreset'))) {","                // reset output","                Array.from(","                    document.querySelectorAll('body > .resettable')","                ).forEach(function (element) {","                    switch (element.tagName) {","                    case 'INPUT':","                    case 'TEXTAREA':","                        element.value = '';","                        break;","                    default:","                        element.textContent = '';","                    }","                });","            }","            switch (event && event.currentTarget && event.currentTarget.id) {","            case 'testRunButton1':","                // show tests","                if (document.querySelector('#testReportDiv1').style.display === 'none') {","                    document.querySelector('#testReportDiv1').style.display = 'block';","                    document.querySelector('#testRunButton1').textContent =","                        'hide internal test';","                    local.modeTest = true;","                    local.testRunDefault(local);","                // hide tests","                } else {","                    document.querySelector('#testReportDiv1').style.display = 'none';","                    document.querySelector('#testRunButton1').textContent = 'run internal test';","                }","                break;","            // custom-case","            default:","                break;","            }","            if (document.querySelector('#inputTextareaEval1') && (!event || (event &&","                    event.currentTarget &&","                    event.currentTarget.className &&","                    event.currentTarget.className.includes &&","                    event.currentTarget.className.includes('oneval')))) {","                // try to eval input-code","                try {","                    /*jslint evil: true*/","                    eval(document.querySelector('#inputTextareaEval1').value);","                } catch (errorCaught) {","                    console.error(errorCaught);","                }","            }","        };","        // log stderr and stdout to #outputTextareaStdout1","        ['error', 'log'].forEach(function (key) {","            console[key + '_original'] = console[key];","            console[key] = function () {","                var element;","                console[key + '_original'].apply(console, arguments);","                element = document.querySelector('#outputTextareaStdout1');","                if (!element) {","                    return;","                }","                // append text to #outputTextareaStdout1","                element.value += Array.from(arguments).map(function (arg) {","                    return typeof arg === 'string'","                        ? arg","                        : JSON.stringify(arg, null, 4);","                }).join(' ') + '\\n';","                // scroll textarea to bottom","                element.scrollTop = element.scrollHeight;","            };","        });","        // init event-handling","        ['change', 'click', 'keyup'].forEach(function (event) {","            Array.from(document.querySelectorAll('.on' + event)).forEach(function (element) {","                element.addEventListener(event, local.testRunBrowser);","            });","        });","        // run tests","        local.testRunBrowser();","        break;","","","","    // run node js-env code - init-after","    /* istanbul ignore next */","    case 'node':","        // export local","        module.exports = local;","        // require modules","        local.fs = require('fs');","        local.http = require('http');","        local.url = require('url');","        // init assets","        local.assetsDict = local.assetsDict || {};","        /* jslint-ignore-begin */","        local.assetsDict['/assets.index.template.html'] = '\\","<!doctype html>\\n\\","<html lang=\"en\">\\n\\","<head>\\n\\","<meta charset=\"UTF-8\">\\n\\","<meta name=\"viewport\" content=\"width=device-width, initial-scale=1\">\\n\\","<title>{{env.npm_package_name}} (v{{env.npm_package_version}})</title>\\n\\","<style>\\n\\","/*csslint\\n\\","    box-sizing: false,\\n\\","    universal-selector: false\\n\\","*/\\n\\","* {\\n\\","    box-sizing: border-box;\\n\\","}\\n\\","body {\\n\\","    background: #dde;\\n\\","    font-family: Arial, Helvetica, sans-serif;\\n\\","    margin: 2rem;\\n\\","}\\n\\","body > * {\\n\\","    margin-bottom: 1rem;\\n\\","}\\n\\",".utility2FooterDiv {\\n\\","    margin-top: 20px;\\n\\","    text-align: center;\\n\\","}\\n\\","</style>\\n\\","<style>\\n\\","/*csslint\\n\\","*/\\n\\","textarea {\\n\\","    font-family: monospace;\\n\\","    height: 10rem;\\n\\","    width: 100%;\\n\\","}\\n\\","textarea[readonly] {\\n\\","    background: #ddd;\\n\\","}\\n\\","</style>\\n\\","</head>\\n\\","<body>\\n\\","<!-- utility2-comment\\n\\","<div id=\"ajaxProgressDiv1\" style=\"background: #d00; height: 2px; left: 0; margin: 0; padding: 0; position: fixed; top: 0; transition: background 0.5s, width 1.5s; width: 25%;\"></div>\\n\\","utility2-comment -->\\n\\","<h1>\\n\\","<!-- utility2-comment\\n\\","    <a\\n\\","        {{#if env.npm_package_homepage}}\\n\\","        href=\"{{env.npm_package_homepage}}\"\\n\\","        {{/if env.npm_package_homepage}}\\n\\","        target=\"_blank\"\\n\\","    >\\n\\","utility2-comment -->\\n\\","        {{env.npm_package_name}} (v{{env.npm_package_version}})\\n\\","<!-- utility2-comment\\n\\","    </a>\\n\\","utility2-comment -->\\n\\","</h1>\\n\\","<h3>{{env.npm_package_description}}</h3>\\n\\","<!-- utility2-comment\\n\\","<h4><a download href=\"assets.app.js\">download standalone app</a></h4>\\n\\","<button class=\"onclick onreset\" id=\"testRunButton1\">run internal test</button><br>\\n\\","<div id=\"testReportDiv1\" style=\"display: none;\"></div>\\n\\","utility2-comment -->\\n\\","\\n\\","\\n\\","\\n\\","<label>stderr and stdout</label>\\n\\","<textarea class=\"resettable\" id=\"outputTextareaStdout1\" readonly></textarea>\\n\\","<!-- utility2-comment\\n\\","{{#if isRollup}}\\n\\","<script src=\"assets.app.js\"></script>\\n\\","{{#unless isRollup}}\\n\\","utility2-comment -->\\n\\","<script src=\"assets.utility2.rollup.js\"></script>\\n\\","<script src=\"jsonp.utility2._stateInit?callback=window.utility2._stateInit\"></script>\\n\\","<script src=\"assets.npmtest_fuse_js.rollup.js\"></script>\\n\\","<script src=\"assets.example.js\"></script>\\n\\","<script src=\"assets.test.js\"></script>\\n\\","<!-- utility2-comment\\n\\","{{/if isRollup}}\\n\\","utility2-comment -->\\n\\","<div class=\"utility2FooterDiv\">\\n\\","    [ this app was created with\\n\\","    <a href=\"https://github.com/kaizhu256/node-utility2\" target=\"_blank\">utility2</a>\\n\\","    ]\\n\\","</div>\\n\\","</body>\\n\\","</html>\\n\\","';","        /* jslint-ignore-end */","        if (local.templateRender) {","            local.assetsDict['/'] = local.templateRender(","                local.assetsDict['/assets.index.template.html'],","                {","                    env: local.objectSetDefault(local.env, {","                        npm_package_description: 'the greatest app in the world!',","                        npm_package_name: 'my-app',","                        npm_package_nameAlias: 'my_app',","                        npm_package_version: '0.0.1'","                    })","                }","            );","        } else {","            local.assetsDict['/'] = local.assetsDict['/assets.index.template.html']","                .replace((/\\{\\{env\\.(\\w+?)\\}\\}/g), function (match0, match1) {","                    // jslint-hack","                    String(match0);","                    switch (match1) {","                    case 'npm_package_description':","                        return 'the greatest app in the world!';","                    case 'npm_package_name':","                        return 'my-app';","                    case 'npm_package_nameAlias':","                        return 'my_app';","                    case 'npm_package_version':","                        return '0.0.1';","                    }","                });","        }","        // run the cli","        if (local.global.utility2_rollup || module !== require.main) {","            break;","        }","        local.assetsDict['/assets.example.js'] =","            local.assetsDict['/assets.example.js'] ||","            local.fs.readFileSync(__filename, 'utf8');","        // bug-workaround - long $npm_package_buildCustomOrg","        /* jslint-ignore-begin */","        local.assetsDict['/assets.npmtest_fuse_js.rollup.js'] =","            local.assetsDict['/assets.npmtest_fuse_js.rollup.js'] ||","            local.fs.readFileSync(","                local.npmtest_fuse_js.__dirname + '/lib.npmtest_fuse_js.js',","                'utf8'","            ).replace((/^#!/), '//');","        /* jslint-ignore-end */","        local.assetsDict['/favicon.ico'] = local.assetsDict['/favicon.ico'] || '';","        // if $npm_config_timeout_exit exists,","        // then exit this process after $npm_config_timeout_exit ms","        if (Number(process.env.npm_config_timeout_exit)) {","            setTimeout(process.exit, Number(process.env.npm_config_timeout_exit));","        }","        // start server","        if (local.global.utility2_serverHttp1) {","            break;","        }","        process.env.PORT = process.env.PORT || '8081';","        console.error('server starting on port ' + process.env.PORT);","        local.http.createServer(function (request, response) {","            request.urlParsed = local.url.parse(request.url);","            if (local.assetsDict[request.urlParsed.pathname] !== undefined) {","                response.end(local.assetsDict[request.urlParsed.pathname]);","                return;","            }","            response.statusCode = 404;","            response.end();","        }).listen(process.env.PORT);","        break;","    }","}());",""],"l":{"26":2,"28":2,"33":2,"35":2,"37":2,"38":2,"39":2,"44":1,"51":2,"55":2,"59":2,"61":2,"69":1,"70":2,"76":2,"79":2,"82":2,"83":2,"85":1,"89":2,"92":1,"93":1,"94":1,"96":1,"97":1,"100":1,"101":1,"103":1,"106":1,"108":2,"114":1,"116":1,"118":1,"123":1,"124":2,"125":2,"126":3,"127":3,"128":3,"129":3,"130":1,"133":3,"134":3,"139":3,"143":1,"144":3,"145":1,"149":1,"150":1,"158":1,"160":1,"161":1,"162":1,"164":1,"166":1,"258":1,"259":1,"271":1,"274":6,"275":6,"277":1,"279":2,"281":1,"283":2,"288":1,"289":1,"291":1,"296":1,"303":1,"306":1,"307":1,"310":1,"311":1,"313":1,"314":1,"315":1,"316":1,"317":1,"318":1,"319":1,"321":1,"322":1,"324":1}},"/home/travis/build/npmtest/node-npmtest-fuse.js/node_modules/fuse.js/dist/fuse.js":{"path":"/home/travis/build/npmtest/node-npmtest-fuse.js/node_modules/fuse.js/dist/fuse.js","s":{"1":1,"2":1,"3":1,"4":0,"5":0,"6":0,"7":0,"8":0,"9":1,"10":1,"11":1,"12":10,"13":1,"14":9,"15":9,"16":9,"17":9,"18":1,"19":1,"20":1,"21":0,"22":1,"23":0,"24":0,"25":1,"26":0,"27":0,"28":0,"29":0,"30":0,"31":1,"32":0,"33":1,"34":1,"35":1,"36":0,"37":1,"38":1,"39":1,"40":1,"41":1,"42":1,"43":1,"44":1,"45":1,"46":1,"47":1,"48":1,"49":1,"50":0,"51":1,"52":1,"53":0,"54":0,"55":1,"56":1,"57":1,"58":1,"59":1,"60":0,"61":0,"62":0,"63":0,"64":0,"65":0,"66":1,"67":0,"68":0,"69":0,"70":0,"71":0,"72":0,"73":0,"74":0,"75":0,"76":1,"77":1,"78":1,"79":1,"80":0,"81":0,"82":0,"83":0,"84":0,"85":0,"86":0,"87":0,"88":0,"89":0,"90":0,"91":0,"92":0,"93":0,"94":0,"95":0,"96":0,"97":0,"98":1,"99":0,"100":1,"101":0,"102":0,"103":0,"104":0,"105":0,"106":0,"107":0,"108":0,"109":0,"110":0,"111":0,"112":0,"113":0,"114":0,"115":0,"116":0,"117":0,"118":0,"119":1,"120":0,"121":0,"122":0,"123":0,"124":0,"125":0,"126":0,"127":1,"128":0,"129":0,"130":0,"131":0,"132":0,"133":0,"134":0,"135":0,"136":0,"137":1,"138":0,"139":0,"140":0,"141":0,"142":0,"143":0,"144":1,"145":1,"146":1,"147":0,"148":0,"149":0,"150":0,"151":0,"152":0,"153":0,"154":0,"155":0,"156":0,"157":0,"158":0,"159":0,"160":0,"161":0,"162":0,"163":0,"164":0,"165":0,"166":0,"167":0,"168":0,"169":0,"170":0,"171":0,"172":0,"173":0,"174":0,"175":0,"176":0,"177":0,"178":0,"179":0,"180":0,"181":0,"182":0,"183":0,"184":0,"185":0,"186":0,"187":0,"188":0,"189":0,"190":0,"191":0,"192":0,"193":0,"194":0,"195":0,"196":0,"197":0,"198":0,"199":0,"200":0,"201":0,"202":0,"203":0,"204":0,"205":1,"206":1,"207":1,"208":9,"209":9,"210":9,"211":9,"212":9,"213":9,"214":1,"215":1,"216":1,"217":1,"218":0,"219":1,"220":1,"221":0,"222":0,"223":1,"224":1,"225":1,"226":1,"227":1,"228":0,"229":0,"230":0,"231":0,"232":0,"233":1,"234":0,"235":0,"236":0,"237":0,"238":0,"239":0,"240":0,"241":0,"242":0,"243":0,"244":0,"245":0,"246":0,"247":0,"248":0,"249":0,"250":0,"251":0,"252":0,"253":0,"254":0,"255":0,"256":0,"257":0,"258":0,"259":0,"260":0,"261":0,"262":0,"263":0,"264":0,"265":0,"266":0,"267":0,"268":0,"269":0,"270":0,"271":0,"272":0,"273":0,"274":0,"275":0,"276":0,"277":0,"278":0,"279":0,"280":0,"281":0,"282":0,"283":0,"284":0,"285":0,"286":0,"287":0,"288":0,"289":0,"290":0,"291":0,"292":0,"293":0,"294":0,"295":0,"296":0,"297":0,"298":0,"299":0,"300":0,"301":0,"302":0,"303":0,"304":0,"305":0,"306":0,"307":0,"308":0,"309":0,"310":0,"311":0,"312":0,"313":0,"314":0,"315":0,"316":0,"317":0,"318":0,"319":0,"320":0,"321":0,"322":0,"323":0,"324":0,"325":0,"326":0,"327":0,"328":0,"329":0,"330":0,"331":0,"332":0,"333":0,"334":0,"335":0,"336":0,"337":0,"338":0,"339":0,"340":0,"341":0,"342":0,"343":0,"344":0,"345":0,"346":0,"347":0,"348":0,"349":0,"350":0,"351":0,"352":0,"353":0,"354":0,"355":0,"356":0,"357":0,"358":0,"359":0,"360":0,"361":0,"362":0,"363":0,"364":0,"365":0,"366":0,"367":0,"368":0,"369":0,"370":0,"371":0,"372":0,"373":0,"374":0,"375":0,"376":1,"377":1},"b":{"1":[1,0],"2":[1,1],"3":[0,0],"4":[0,0],"5":[0,0],"6":[1,9],"7":[0,0],"8":[0,0],"9":[0,0],"10":[1,1],"11":[1,0],"12":[1,0],"13":[0,1],"14":[0,0],"15":[0,0],"16":[0,0],"17":[0,0],"18":[0,0],"19":[0,0],"20":[0,0],"21":[0,0],"22":[0,0],"23":[0,0],"24":[0,0],"25":[0,0],"26":[0,0],"27":[0,0],"28":[0,0],"29":[0,0],"30":[0,0],"31":[0,0],"32":[0,0],"33":[0,0,0],"34":[0,0],"35":[0,0],"36":[0,0],"37":[0,0],"38":[0,0],"39":[0,0],"40":[0,0],"41":[0,0],"42":[0,0],"43":[0,0],"44":[0,0],"45":[0,0],"46":[0,0],"47":[0,0],"48":[0,0],"49":[0,0],"50":[0,0],"51":[0,0],"52":[0,0],"53":[0,0],"54":[0,0],"55":[0,0],"56":[0,0],"57":[0,0],"58":[0,0],"59":[0,0],"60":[0,0],"61":[0,0],"62":[0,0],"63":[0,0],"64":[0,0],"65":[0,0],"66":[0,0],"67":[0,0],"68":[0,0],"69":[0,0],"70":[0,0],"71":[0,0],"72":[0,0],"73":[9,9],"74":[9,0],"75":[1,0],"76":[0,1],"77":[0,0],"78":[0,0],"79":[0,0],"80":[0,0],"81":[0,0],"82":[0,0],"83":[0,0],"84":[0,0],"85":[0,0],"86":[0,0],"87":[0,0],"88":[0,0],"89":[0,0],"90":[0,0],"91":[0,0],"92":[0,0],"93":[0,0],"94":[0,0],"95":[0,0],"96":[0,0],"97":[0,0],"98":[0,0],"99":[0,0],"100":[0,0],"101":[0,0],"102":[0,0],"103":[0,0],"104":[0,0],"105":[0,0],"106":[0,0],"107":[0,0],"108":[0,0],"109":[0,0],"110":[0,0],"111":[0,0],"112":[0,0],"113":[0,0],"114":[0,0],"115":[0,0],"116":[0,0],"117":[0,0],"118":[0,0],"119":[0,0],"120":[0,0],"121":[0,0],"122":[0,0],"123":[0,0,0],"124":[0,0],"125":[0,0],"126":[0,0],"127":[0,0],"128":[0,0],"129":[0,0],"130":[0,0],"131":[0,0],"132":[0,0],"133":[0,0],"134":[0,0]},"f":{"1":1,"2":1,"3":1,"4":10,"5":0,"6":0,"7":0,"8":0,"9":0,"10":0,"11":1,"12":0,"13":1,"14":1,"15":1,"16":1,"17":0,"18":1,"19":0,"20":0,"21":1,"22":0,"23":0,"24":1,"25":0,"26":1,"27":0,"28":1,"29":0,"30":1,"31":0,"32":1,"33":0,"34":1,"35":1,"36":1,"37":1,"38":0,"39":1,"40":0,"41":0,"42":0,"43":0,"44":0,"45":0,"46":0,"47":0,"48":0,"49":0,"50":0,"51":0,"52":0},"fnMap":{"1":{"name":"webpackUniversalModuleDefinition","line":9,"loc":{"start":{"line":9,"column":1},"end":{"line":9,"column":58}}},"2":{"name":"(anonymous_2)","line":18,"loc":{"start":{"line":18,"column":9},"end":{"line":18,"column":20}}},"3":{"name":"(anonymous_3)","line":19,"loc":{"start":{"line":19,"column":17},"end":{"line":19,"column":35}}},"4":{"name":"__webpack_require__","line":24,"loc":{"start":{"line":24,"column":10},"end":{"line":24,"column":49}}},"5":{"name":"(anonymous_5)","line":55,"loc":{"start":{"line":55,"column":34},"end":{"line":55,"column":50}}},"6":{"name":"(anonymous_6)","line":58,"loc":{"start":{"line":58,"column":34},"end":{"line":58,"column":66}}},"7":{"name":"(anonymous_7)","line":69,"loc":{"start":{"line":69,"column":34},"end":{"line":69,"column":51}}},"8":{"name":"getDefault","line":71,"loc":{"start":{"line":71,"column":12},"end":{"line":71,"column":34}}},"9":{"name":"getModuleExports","line":72,"loc":{"start":{"line":72,"column":12},"end":{"line":72,"column":40}}},"10":{"name":"(anonymous_10)","line":78,"loc":{"start":{"line":78,"column":34},"end":{"line":78,"column":61}}},"11":{"name":"(anonymous_11)","line":89,"loc":{"start":{"line":89,"column":7},"end":{"line":89,"column":54}}},"12":{"name":"(anonymous_12)","line":94,"loc":{"start":{"line":94,"column":17},"end":{"line":94,"column":32}}},"13":{"name":"(anonymous_13)","line":100,"loc":{"start":{"line":100,"column":7},"end":{"line":100,"column":54}}},"14":{"name":"(anonymous_14)","line":105,"loc":{"start":{"line":105,"column":19},"end":{"line":105,"column":31}}},"15":{"name":"defineProperties","line":105,"loc":{"start":{"line":105,"column":33},"end":{"line":105,"column":74}}},"16":{"name":"(anonymous_16)","line":105,"loc":{"start":{"line":105,"column":357},"end":{"line":105,"column":405}}},"17":{"name":"_classCallCheck","line":107,"loc":{"start":{"line":107,"column":0},"end":{"line":107,"column":48}}},"18":{"name":"(anonymous_18)","line":113,"loc":{"start":{"line":113,"column":12},"end":{"line":113,"column":24}}},"19":{"name":"Bitap","line":114,"loc":{"start":{"line":114,"column":2},"end":{"line":114,"column":32}}},"20":{"name":"search","line":154,"loc":{"start":{"line":154,"column":11},"end":{"line":154,"column":33}}},"21":{"name":"(anonymous_21)","line":202,"loc":{"start":{"line":202,"column":7},"end":{"line":202,"column":54}}},"22":{"name":"deepValue","line":209,"loc":{"start":{"line":209,"column":16},"end":{"line":209,"column":52}}},"23":{"name":"(anonymous_23)","line":243,"loc":{"start":{"line":243,"column":17},"end":{"line":243,"column":38}}},"24":{"name":"(anonymous_24)","line":249,"loc":{"start":{"line":249,"column":7},"end":{"line":249,"column":54}}},"25":{"name":"(anonymous_25)","line":254,"loc":{"start":{"line":254,"column":17},"end":{"line":254,"column":29}}},"26":{"name":"(anonymous_26)","line":286,"loc":{"start":{"line":286,"column":7},"end":{"line":286,"column":54}}},"27":{"name":"(anonymous_27)","line":291,"loc":{"start":{"line":291,"column":17},"end":{"line":291,"column":36}}},"28":{"name":"(anonymous_28)","line":308,"loc":{"start":{"line":308,"column":7},"end":{"line":308,"column":54}}},"29":{"name":"(anonymous_29)","line":313,"loc":{"start":{"line":313,"column":17},"end":{"line":313,"column":42}}},"30":{"name":"(anonymous_30)","line":337,"loc":{"start":{"line":337,"column":7},"end":{"line":337,"column":54}}},"31":{"name":"(anonymous_31)","line":342,"loc":{"start":{"line":342,"column":17},"end":{"line":342,"column":42}}},"32":{"name":"(anonymous_32)","line":365,"loc":{"start":{"line":365,"column":7},"end":{"line":365,"column":54}}},"33":{"name":"(anonymous_33)","line":373,"loc":{"start":{"line":373,"column":17},"end":{"line":373,"column":65}}},"34":{"name":"(anonymous_34)","line":537,"loc":{"start":{"line":537,"column":7},"end":{"line":537,"column":54}}},"35":{"name":"(anonymous_35)","line":542,"loc":{"start":{"line":542,"column":19},"end":{"line":542,"column":31}}},"36":{"name":"defineProperties","line":542,"loc":{"start":{"line":542,"column":33},"end":{"line":542,"column":74}}},"37":{"name":"(anonymous_37)","line":542,"loc":{"start":{"line":542,"column":357},"end":{"line":542,"column":405}}},"38":{"name":"_classCallCheck","line":544,"loc":{"start":{"line":544,"column":0},"end":{"line":544,"column":48}}},"39":{"name":"(anonymous_39)","line":550,"loc":{"start":{"line":550,"column":11},"end":{"line":550,"column":23}}},"40":{"name":"Fuse","line":551,"loc":{"start":{"line":551,"column":2},"end":{"line":551,"column":28}}},"41":{"name":"(anonymous_41)","line":577,"loc":{"start":{"line":577,"column":45},"end":{"line":577,"column":61}}},"42":{"name":"set","line":619,"loc":{"start":{"line":619,"column":11},"end":{"line":619,"column":30}}},"43":{"name":"search","line":625,"loc":{"start":{"line":625,"column":11},"end":{"line":625,"column":36}}},"44":{"name":"_prepareSearchers","line":646,"loc":{"start":{"line":646,"column":11},"end":{"line":646,"column":40}}},"45":{"name":"_search","line":665,"loc":{"start":{"line":665,"column":11},"end":{"line":665,"column":30}}},"46":{"name":"_analyze","line":734,"loc":{"start":{"line":734,"column":11},"end":{"line":734,"column":43}}},"47":{"name":"_computeScore","line":865,"loc":{"start":{"line":865,"column":11},"end":{"line":865,"column":52}}},"48":{"name":"_sort","line":895,"loc":{"start":{"line":895,"column":11},"end":{"line":895,"column":35}}},"49":{"name":"_format","line":901,"loc":{"start":{"line":901,"column":11},"end":{"line":901,"column":37}}},"50":{"name":"(anonymous_50)","line":909,"loc":{"start":{"line":909,"column":26},"end":{"line":909,"column":50}}},"51":{"name":"(anonymous_51)","line":927,"loc":{"start":{"line":927,"column":26},"end":{"line":927,"column":50}}},"52":{"name":"_log","line":959,"loc":{"start":{"line":959,"column":11},"end":{"line":959,"column":27}}}},"statementMap":{"1":{"start":{"line":9,"column":0},"end":{"line":975,"column":3}},"2":{"start":{"line":10,"column":1},"end":{"line":17,"column":27}},"3":{"start":{"line":11,"column":2},"end":{"line":11,"column":29}},"4":{"start":{"line":12,"column":6},"end":{"line":17,"column":27}},"5":{"start":{"line":13,"column":2},"end":{"line":13,"column":30}},"6":{"start":{"line":14,"column":6},"end":{"line":17,"column":27}},"7":{"start":{"line":15,"column":2},"end":{"line":15,"column":30}},"8":{"start":{"line":17,"column":2},"end":{"line":17,"column":27}},"9":{"start":{"line":19,"column":0},"end":{"line":974,"column":12}},"10":{"start":{"line":21,"column":10},"end":{"line":21,"column":36}},"11":{"start":{"line":24,"column":10},"end":{"line":45,"column":11}},"12":{"start":{"line":27,"column":11},"end":{"line":29,"column":12}},"13":{"start":{"line":28,"column":12},"end":{"line":28,"column":54}},"14":{"start":{"line":31,"column":11},"end":{"line":35,"column":13}},"15":{"start":{"line":38,"column":11},"end":{"line":38,"column":95}},"16":{"start":{"line":41,"column":11},"end":{"line":41,"column":27}},"17":{"start":{"line":44,"column":11},"end":{"line":44,"column":33}},"18":{"start":{"line":49,"column":10},"end":{"line":49,"column":42}},"19":{"start":{"line":52,"column":10},"end":{"line":52,"column":51}},"20":{"start":{"line":55,"column":10},"end":{"line":55,"column":68}},"21":{"start":{"line":55,"column":52},"end":{"line":55,"column":65}},"22":{"start":{"line":58,"column":10},"end":{"line":66,"column":12}},"23":{"start":{"line":59,"column":11},"end":{"line":65,"column":12}},"24":{"start":{"line":60,"column":12},"end":{"line":64,"column":15}},"25":{"start":{"line":69,"column":10},"end":{"line":75,"column":12}},"26":{"start":{"line":70,"column":11},"end":{"line":72,"column":59}},"27":{"start":{"line":71,"column":36},"end":{"line":71,"column":61}},"28":{"start":{"line":72,"column":42},"end":{"line":72,"column":56}},"29":{"start":{"line":73,"column":11},"end":{"line":73,"column":54}},"30":{"start":{"line":74,"column":11},"end":{"line":74,"column":25}},"31":{"start":{"line":78,"column":10},"end":{"line":78,"column":128}},"32":{"start":{"line":78,"column":63},"end":{"line":78,"column":125}},"33":{"start":{"line":81,"column":10},"end":{"line":81,"column":37}},"34":{"start":{"line":84,"column":10},"end":{"line":84,"column":64}},"35":{"start":{"line":94,"column":0},"end":{"line":96,"column":2}},"36":{"start":{"line":95,"column":2},"end":{"line":95,"column":66}},"37":{"start":{"line":105,"column":0},"end":{"line":105,"column":564}},"38":{"start":{"line":105,"column":33},"end":{"line":105,"column":349}},"39":{"start":{"line":105,"column":76},"end":{"line":105,"column":347}},"40":{"start":{"line":105,"column":117},"end":{"line":105,"column":143}},"41":{"start":{"line":105,"column":144},"end":{"line":105,"column":199}},"42":{"start":{"line":105,"column":200},"end":{"line":105,"column":231}},"43":{"start":{"line":105,"column":232},"end":{"line":105,"column":286}},"44":{"start":{"line":105,"column":259},"end":{"line":105,"column":286}},"45":{"start":{"line":105,"column":287},"end":{"line":105,"column":345}},"46":{"start":{"line":105,"column":350},"end":{"line":105,"column":559}},"47":{"start":{"line":105,"column":407},"end":{"line":105,"column":475}},"48":{"start":{"line":105,"column":423},"end":{"line":105,"column":475}},"49":{"start":{"line":105,"column":476},"end":{"line":105,"column":536}},"50":{"start":{"line":105,"column":493},"end":{"line":105,"column":536}},"51":{"start":{"line":105,"column":537},"end":{"line":105,"column":556}},"52":{"start":{"line":107,"column":0},"end":{"line":107,"column":153}},"53":{"start":{"line":107,"column":50},"end":{"line":107,"column":151}},"54":{"start":{"line":107,"column":92},"end":{"line":107,"column":149}},"55":{"start":{"line":109,"column":0},"end":{"line":109,"column":46}},"56":{"start":{"line":110,"column":0},"end":{"line":110,"column":41}},"57":{"start":{"line":111,"column":0},"end":{"line":111,"column":45}},"58":{"start":{"line":113,"column":0},"end":{"line":196,"column":4}},"59":{"start":{"line":114,"column":2},"end":{"line":150,"column":3}},"60":{"start":{"line":115,"column":4},"end":{"line":130,"column":93}},"61":{"start":{"line":132,"column":4},"end":{"line":132,"column":33}},"62":{"start":{"line":134,"column":4},"end":{"line":143,"column":6}},"63":{"start":{"line":145,"column":4},"end":{"line":145,"column":82}},"64":{"start":{"line":147,"column":4},"end":{"line":149,"column":5}},"65":{"start":{"line":148,"column":6},"end":{"line":148,"column":59}},"66":{"start":{"line":152,"column":2},"end":{"line":193,"column":6}},"67":{"start":{"line":155,"column":6},"end":{"line":157,"column":7}},"68":{"start":{"line":156,"column":8},"end":{"line":156,"column":34}},"69":{"start":{"line":160,"column":6},"end":{"line":166,"column":7}},"70":{"start":{"line":161,"column":8},"end":{"line":165,"column":10}},"71":{"start":{"line":169,"column":6},"end":{"line":171,"column":51}},"72":{"start":{"line":173,"column":6},"end":{"line":175,"column":7}},"73":{"start":{"line":174,"column":8},"end":{"line":174,"column":68}},"74":{"start":{"line":178,"column":6},"end":{"line":183,"column":60}},"75":{"start":{"line":185,"column":6},"end":{"line":191,"column":9}},"76":{"start":{"line":195,"column":2},"end":{"line":195,"column":15}},"77":{"start":{"line":198,"column":0},"end":{"line":198,"column":23}},"78":{"start":{"line":207,"column":0},"end":{"line":207,"column":37}},"79":{"start":{"line":209,"column":0},"end":{"line":241,"column":2}},"80":{"start":{"line":210,"column":2},"end":{"line":238,"column":3}},"81":{"start":{"line":212,"column":4},"end":{"line":212,"column":19}},"82":{"start":{"line":214,"column":4},"end":{"line":214,"column":37}},"83":{"start":{"line":215,"column":4},"end":{"line":215,"column":28}},"84":{"start":{"line":216,"column":4},"end":{"line":216,"column":25}},"85":{"start":{"line":218,"column":4},"end":{"line":221,"column":5}},"86":{"start":{"line":219,"column":6},"end":{"line":219,"column":45}},"87":{"start":{"line":220,"column":6},"end":{"line":220,"column":43}},"88":{"start":{"line":223,"column":4},"end":{"line":223,"column":34}},"89":{"start":{"line":225,"column":4},"end":{"line":237,"column":5}},"90":{"start":{"line":226,"column":6},"end":{"line":236,"column":7}},"91":{"start":{"line":227,"column":8},"end":{"line":227,"column":25}},"92":{"start":{"line":228,"column":13},"end":{"line":236,"column":7}},"93":{"start":{"line":230,"column":8},"end":{"line":232,"column":9}},"94":{"start":{"line":231,"column":10},"end":{"line":231,"column":47}},"95":{"start":{"line":233,"column":13},"end":{"line":236,"column":7}},"96":{"start":{"line":235,"column":8},"end":{"line":235,"column":42}},"97":{"start":{"line":240,"column":2},"end":{"line":240,"column":14}},"98":{"start":{"line":243,"column":0},"end":{"line":245,"column":2}},"99":{"start":{"line":244,"column":2},"end":{"line":244,"column":34}},"100":{"start":{"line":254,"column":0},"end":{"line":282,"column":2}},"101":{"start":{"line":255,"column":2},"end":{"line":255,"column":89}},"102":{"start":{"line":256,"column":2},"end":{"line":256,"column":97}},"103":{"start":{"line":258,"column":2},"end":{"line":258,"column":26}},"104":{"start":{"line":259,"column":2},"end":{"line":259,"column":17}},"105":{"start":{"line":260,"column":2},"end":{"line":260,"column":15}},"106":{"start":{"line":261,"column":2},"end":{"line":261,"column":12}},"107":{"start":{"line":263,"column":2},"end":{"line":274,"column":3}},"108":{"start":{"line":264,"column":4},"end":{"line":264,"column":29}},"109":{"start":{"line":265,"column":4},"end":{"line":273,"column":5}},"110":{"start":{"line":266,"column":6},"end":{"line":266,"column":16}},"111":{"start":{"line":267,"column":11},"end":{"line":273,"column":5}},"112":{"start":{"line":268,"column":6},"end":{"line":268,"column":18}},"113":{"start":{"line":269,"column":6},"end":{"line":271,"column":7}},"114":{"start":{"line":270,"column":8},"end":{"line":270,"column":42}},"115":{"start":{"line":272,"column":6},"end":{"line":272,"column":17}},"116":{"start":{"line":277,"column":2},"end":{"line":279,"column":3}},"117":{"start":{"line":278,"column":4},"end":{"line":278,"column":40}},"118":{"start":{"line":281,"column":2},"end":{"line":281,"column":24}},"119":{"start":{"line":291,"column":0},"end":{"line":304,"column":2}},"120":{"start":{"line":292,"column":2},"end":{"line":292,"column":16}},"121":{"start":{"line":293,"column":2},"end":{"line":293,"column":27}},"122":{"start":{"line":295,"column":2},"end":{"line":297,"column":3}},"123":{"start":{"line":296,"column":4},"end":{"line":296,"column":32}},"124":{"start":{"line":299,"column":2},"end":{"line":301,"column":3}},"125":{"start":{"line":300,"column":4},"end":{"line":300,"column":50}},"126":{"start":{"line":303,"column":2},"end":{"line":303,"column":14}},"127":{"start":{"line":313,"column":0},"end":{"line":333,"column":2}},"128":{"start":{"line":314,"column":2},"end":{"line":314,"column":97}},"129":{"start":{"line":316,"column":2},"end":{"line":316,"column":77}},"130":{"start":{"line":317,"column":2},"end":{"line":317,"column":26}},"131":{"start":{"line":318,"column":2},"end":{"line":318,"column":26}},"132":{"start":{"line":320,"column":2},"end":{"line":325,"column":3}},"133":{"start":{"line":321,"column":4},"end":{"line":324,"column":5}},"134":{"start":{"line":322,"column":6},"end":{"line":322,"column":25}},"135":{"start":{"line":323,"column":6},"end":{"line":323,"column":67}},"136":{"start":{"line":327,"column":2},"end":{"line":332,"column":4}},"137":{"start":{"line":342,"column":0},"end":{"line":361,"column":2}},"138":{"start":{"line":343,"column":2},"end":{"line":350,"column":67}},"139":{"start":{"line":352,"column":2},"end":{"line":352,"column":41}},"140":{"start":{"line":353,"column":2},"end":{"line":353,"column":63}},"141":{"start":{"line":355,"column":2},"end":{"line":358,"column":3}},"142":{"start":{"line":357,"column":4},"end":{"line":357,"column":38}},"143":{"start":{"line":360,"column":2},"end":{"line":360,"column":41}},"144":{"start":{"line":370,"column":0},"end":{"line":370,"column":40}},"145":{"start":{"line":371,"column":0},"end":{"line":371,"column":44}},"146":{"start":{"line":373,"column":0},"end":{"line":533,"column":2}},"147":{"start":{"line":374,"column":2},"end":{"line":383,"column":91}},"148":{"start":{"line":385,"column":2},"end":{"line":385,"column":34}},"149":{"start":{"line":387,"column":2},"end":{"line":387,"column":28}},"150":{"start":{"line":389,"column":2},"end":{"line":389,"column":35}},"151":{"start":{"line":391,"column":2},"end":{"line":391,"column":61}},"152":{"start":{"line":393,"column":2},"end":{"line":393,"column":34}},"153":{"start":{"line":396,"column":2},"end":{"line":396,"column":21}},"154":{"start":{"line":397,"column":2},"end":{"line":399,"column":3}},"155":{"start":{"line":398,"column":4},"end":{"line":398,"column":21}},"156":{"start":{"line":401,"column":2},"end":{"line":422,"column":3}},"157":{"start":{"line":402,"column":4},"end":{"line":407,"column":7}},"158":{"start":{"line":408,"column":4},"end":{"line":408,"column":57}},"159":{"start":{"line":411,"column":4},"end":{"line":411,"column":76}},"160":{"start":{"line":413,"column":4},"end":{"line":421,"column":5}},"161":{"start":{"line":414,"column":6},"end":{"line":419,"column":9}},"162":{"start":{"line":420,"column":6},"end":{"line":420,"column":60}},"163":{"start":{"line":425,"column":2},"end":{"line":425,"column":20}},"164":{"start":{"line":427,"column":2},"end":{"line":427,"column":22}},"165":{"start":{"line":428,"column":2},"end":{"line":428,"column":21}},"166":{"start":{"line":429,"column":2},"end":{"line":429,"column":36}},"167":{"start":{"line":431,"column":2},"end":{"line":431,"column":21}},"168":{"start":{"line":432,"column":2},"end":{"line":432,"column":33}},"169":{"start":{"line":434,"column":2},"end":{"line":525,"column":3}},"170":{"start":{"line":438,"column":4},"end":{"line":438,"column":19}},"171":{"start":{"line":439,"column":4},"end":{"line":439,"column":24}},"172":{"start":{"line":441,"column":4},"end":{"line":456,"column":5}},"173":{"start":{"line":442,"column":6},"end":{"line":447,"column":9}},"174":{"start":{"line":449,"column":6},"end":{"line":453,"column":7}},"175":{"start":{"line":450,"column":8},"end":{"line":450,"column":24}},"176":{"start":{"line":452,"column":8},"end":{"line":452,"column":24}},"177":{"start":{"line":455,"column":6},"end":{"line":455,"column":58}},"178":{"start":{"line":459,"column":4},"end":{"line":459,"column":20}},"179":{"start":{"line":461,"column":4},"end":{"line":461,"column":59}},"180":{"start":{"line":462,"column":4},"end":{"line":462,"column":102}},"181":{"start":{"line":465,"column":4},"end":{"line":465,"column":35}},"182":{"start":{"line":467,"column":4},"end":{"line":467,"column":39}},"183":{"start":{"line":469,"column":4},"end":{"line":510,"column":5}},"184":{"start":{"line":470,"column":6},"end":{"line":470,"column":34}},"185":{"start":{"line":471,"column":6},"end":{"line":471,"column":68}},"186":{"start":{"line":473,"column":6},"end":{"line":475,"column":7}},"187":{"start":{"line":474,"column":8},"end":{"line":474,"column":39}},"188":{"start":{"line":478,"column":6},"end":{"line":478,"column":55}},"189":{"start":{"line":481,"column":6},"end":{"line":483,"column":7}},"190":{"start":{"line":482,"column":8},"end":{"line":482,"column":86}},"191":{"start":{"line":485,"column":6},"end":{"line":509,"column":7}},"192":{"start":{"line":486,"column":8},"end":{"line":491,"column":11}},"193":{"start":{"line":495,"column":8},"end":{"line":508,"column":9}},"194":{"start":{"line":497,"column":10},"end":{"line":497,"column":40}},"195":{"start":{"line":498,"column":10},"end":{"line":498,"column":41}},"196":{"start":{"line":499,"column":10},"end":{"line":499,"column":39}},"197":{"start":{"line":502,"column":10},"end":{"line":504,"column":11}},"198":{"start":{"line":503,"column":12},"end":{"line":503,"column":18}},"199":{"start":{"line":507,"column":10},"end":{"line":507,"column":67}},"200":{"start":{"line":513,"column":4},"end":{"line":518,"column":7}},"201":{"start":{"line":520,"column":4},"end":{"line":522,"column":5}},"202":{"start":{"line":521,"column":6},"end":{"line":521,"column":12}},"203":{"start":{"line":524,"column":4},"end":{"line":524,"column":24}},"204":{"start":{"line":528,"column":2},"end":{"line":532,"column":4}},"205":{"start":{"line":542,"column":0},"end":{"line":542,"column":564}},"206":{"start":{"line":542,"column":33},"end":{"line":542,"column":349}},"207":{"start":{"line":542,"column":76},"end":{"line":542,"column":347}},"208":{"start":{"line":542,"column":117},"end":{"line":542,"column":143}},"209":{"start":{"line":542,"column":144},"end":{"line":542,"column":199}},"210":{"start":{"line":542,"column":200},"end":{"line":542,"column":231}},"211":{"start":{"line":542,"column":232},"end":{"line":542,"column":286}},"212":{"start":{"line":542,"column":259},"end":{"line":542,"column":286}},"213":{"start":{"line":542,"column":287},"end":{"line":542,"column":345}},"214":{"start":{"line":542,"column":350},"end":{"line":542,"column":559}},"215":{"start":{"line":542,"column":407},"end":{"line":542,"column":475}},"216":{"start":{"line":542,"column":423},"end":{"line":542,"column":475}},"217":{"start":{"line":542,"column":476},"end":{"line":542,"column":536}},"218":{"start":{"line":542,"column":493},"end":{"line":542,"column":536}},"219":{"start":{"line":542,"column":537},"end":{"line":542,"column":556}},"220":{"start":{"line":544,"column":0},"end":{"line":544,"column":153}},"221":{"start":{"line":544,"column":50},"end":{"line":544,"column":151}},"222":{"start":{"line":544,"column":92},"end":{"line":544,"column":149}},"223":{"start":{"line":546,"column":0},"end":{"line":546,"column":35}},"224":{"start":{"line":547,"column":0},"end":{"line":547,"column":39}},"225":{"start":{"line":548,"column":0},"end":{"line":548,"column":37}},"226":{"start":{"line":550,"column":0},"end":{"line":969,"column":4}},"227":{"start":{"line":551,"column":2},"end":{"line":615,"column":3}},"228":{"start":{"line":552,"column":4},"end":{"line":589,"column":68}},"229":{"start":{"line":578,"column":6},"end":{"line":578,"column":31}},"230":{"start":{"line":591,"column":4},"end":{"line":591,"column":32}},"231":{"start":{"line":593,"column":4},"end":{"line":612,"column":6}},"232":{"start":{"line":614,"column":4},"end":{"line":614,"column":19}},"233":{"start":{"line":617,"column":2},"end":{"line":966,"column":6}},"234":{"start":{"line":620,"column":6},"end":{"line":620,"column":23}},"235":{"start":{"line":621,"column":6},"end":{"line":621,"column":18}},"236":{"start":{"line":626,"column":6},"end":{"line":626,"column":64}},"237":{"start":{"line":628,"column":6},"end":{"line":630,"column":57}},"238":{"start":{"line":632,"column":6},"end":{"line":634,"column":37}},"239":{"start":{"line":636,"column":6},"end":{"line":636,"column":43}},"240":{"start":{"line":638,"column":6},"end":{"line":640,"column":7}},"241":{"start":{"line":639,"column":8},"end":{"line":639,"column":28}},"242":{"start":{"line":642,"column":6},"end":{"line":642,"column":35}},"243":{"start":{"line":647,"column":6},"end":{"line":647,"column":91}},"244":{"start":{"line":649,"column":6},"end":{"line":649,"column":30}},"245":{"start":{"line":651,"column":6},"end":{"line":657,"column":7}},"246":{"start":{"line":653,"column":8},"end":{"line":653,"column":64}},"247":{"start":{"line":654,"column":8},"end":{"line":656,"column":9}},"248":{"start":{"line":655,"column":10},"end":{"line":655,"column":66}},"249":{"start":{"line":659,"column":6},"end":{"line":659,"column":58}},"250":{"start":{"line":661,"column":6},"end":{"line":661,"column":76}},"251":{"start":{"line":666,"column":6},"end":{"line":666,"column":98}},"252":{"start":{"line":667,"column":6},"end":{"line":667,"column":38}},"253":{"start":{"line":669,"column":6},"end":{"line":669,"column":27}},"254":{"start":{"line":670,"column":6},"end":{"line":670,"column":25}},"255":{"start":{"line":671,"column":6},"end":{"line":671,"column":23}},"256":{"start":{"line":675,"column":6},"end":{"line":692,"column":7}},"257":{"start":{"line":677,"column":8},"end":{"line":689,"column":9}},"258":{"start":{"line":678,"column":10},"end":{"line":688,"column":13}},"259":{"start":{"line":691,"column":8},"end":{"line":691,"column":51}},"260":{"start":{"line":696,"column":6},"end":{"line":696,"column":23}},"261":{"start":{"line":697,"column":6},"end":{"line":728,"column":7}},"262":{"start":{"line":698,"column":8},"end":{"line":698,"column":28}},"263":{"start":{"line":700,"column":8},"end":{"line":727,"column":9}},"264":{"start":{"line":701,"column":10},"end":{"line":701,"column":41}},"265":{"start":{"line":702,"column":10},"end":{"line":714,"column":11}},"266":{"start":{"line":703,"column":12},"end":{"line":705,"column":14}},"267":{"start":{"line":706,"column":12},"end":{"line":708,"column":13}},"268":{"start":{"line":707,"column":14},"end":{"line":707,"column":67}},"269":{"start":{"line":709,"column":12},"end":{"line":709,"column":27}},"270":{"start":{"line":711,"column":12},"end":{"line":713,"column":14}},"271":{"start":{"line":716,"column":10},"end":{"line":726,"column":13}},"272":{"start":{"line":730,"column":6},"end":{"line":730,"column
[...]
":2,"column":76}},"3":{"start":{"line":3,"column":2},"end":{"line":3,"column":25}},"4":{"start":{"line":4,"column":2},"end":{"line":4,"column":25}},"5":{"start":{"line":6,"column":2},"end":{"line":11,"column":3}},"6":{"start":{"line":7,"column":4},"end":{"line":10,"column":5}},"7":{"start":{"line":8,"column":6},"end":{"line":8,"column":24}},"8":{"start":{"line":9,"column":6},"end":{"line":9,"column":66}},"9":{"start":{"line":13,"column":2},"end":{"line":18,"column":3}}},"branchMap":{"1":{"line":6,"type":"if","locations":[{"start":{"line":6,"column":2},"end":{"line":6,"column":2}},{"start":{"line":6,"column":2},"end":{"line":6,"column":2}}]},"2":{"line":15,"type":"cond-expr","locations":[{"start":{"line":15,"column":23},"end":{"line":15,"column":26}},{"start":{"line":15,"column":29},"end":{"line":15,"column":30}}]}},"code":["module.exports = (text, pattern, tokenSeparator = / +/g) => {","  let matches = text.match(new RegExp(pattern.replace(tokenSeparator, '|')))","  let isMatch = !!matches","  let matchedIndices = []","","  if (isMatch) {","    for (i = 0, matchesLen = matches.length; i < matchesLen; i += 1) {","      match = matches[i]","      matchedIndices.push([text.indexOf(match), match.length - 1])","    }","  }","  ","  return {","    // TODO: revisit this score","    score: isMatched ? 0.5 : 1,","    isMatch,","    matchedIndices","  } ","}"],"l":{"1":1,"2":0,"3":0,"4":0,"6":0,"7":0,"8":0,"9":0,"13":0}},"/home/travis/build/npmtest/node-npmtest-fuse.js/node_modules/fuse.js/src/bitap/bitap_score.js":{"path":"/home/travis/build/npmtest/node-npmtest-fuse.js/node_modules/fuse.js/src/bitap/bitap_score.js","s":{"1":1,"2":0,"3":0,"4":0,"5":0,"6":0},"b":{"1":[0,0],"2":[0,0]},"f":{},"fnMap":{},"statementMap":{"1":{"start":{"line":1,"column":0},"end":{"line":11,"column":1}},"2":{"start":{"line":2,"column":2},"end":{"line":2,"column":42}},"3":{"start":{"line":3,"column":2},"end":{"line":3,"column":64}},"4":{"start":{"line":5,"column":2},"end":{"line":8,"column":3}},"5":{"start":{"line":7,"column":4},"end":{"line":7,"column":37}},"6":{"start":{"line":10,"column":2},"end":{"line":10,"column":42}}},"branchMap":{"1":{"line":5,"type":"if","locations":[{"start":{"line":5,"column":2},"end":{"line":5,"column":2}},{"start":{"line":5,"column":2},"end":{"line":5,"column":2}}]},"2":{"line":7,"type":"cond-expr","locations":[{"start":{"line":7,"column":23},"end":{"line":7,"column":26}},{"start":{"line":7,"column":29},"end":{"line":7,"column":37}}]}},"code":["module.exports = (pattern, { errors = 0, currentLocation = 0, expectedLocation = 0, distance = 100 }) => {","  const accuracy = errors / pattern.length","  const proximity = Math.abs(expectedLocation - currentLocation)","","  if (!distance) {","    // Dodge divide by zero error.","    return proximity ? 1.0 : accuracy","  }","","  return accuracy + (proximity / distance)","}"],"l":{"1":1,"2":0,"3":0,"5":0,"7":0,"10":0}},"/home/travis/build/npmtest/node-npmtest-fuse.js/node_modules/fuse.js/src/bitap/bitap_search.js":{"path":"/home/travis/build/npmtest/node-npmtest-fuse.js/node_modules/fuse.js/src/bitap/bitap_search.js","s":{"1":1,"2":1,"3":1,"4":0,"5":0,"6":0,"7":0,"8":0,"9":0,"10":0,"11":0,"12":0,"13":0,"14":0,"15":0,"16":0,"17":0,"18":0,"19":0,"20":0,"21":0,"22":0,"23":0,"24":0,"25":0,"26":0,"27":0,"28":0,"29":0,"30":0,"31":0,"32":0,"33":0,"34":0,"35":0,"36":0,"37":0,"38":0,"39":0,"40":0,"41":0,"42":0,"43":0,"44":0,"45":0,"46":0,"47":0,"48":0,"49":0,"50":0,"51":0,"52":0,"53":0,"54":0,"55":0,"56":0,"57":0,"58":0,"59":0,"60":0},"b":{"1":[0,0],"2":[0,0],"3":[0,0],"4":[0,0],"5":[0,0],"6":[0,0],"7":[0,0],"8":[0,0],"9":[0,0],"10":[0,0],"11":[0,0]},"f":{},"fnMap":{},"statementMap":{"1":{"start":{"line":1,"column":0},"end":{"line":1,"column":43}},"2":{"start":{"line":2,"column":0},"end":{"line":2,"column":57}},"3":{"start":{"line":4,"column":0},"end":{"line":153,"column":1}},"4":{"start":{"line":5,"column":2},"end":{"line":5,"column":35}},"5":{"start":{"line":7,"column":2},"end":{"line":7,"column":29}},"6":{"start":{"line":9,"column":2},"end":{"line":9,"column":34}},"7":{"start":{"line":11,"column":2},"end":{"line":11,"column":60}},"8":{"start":{"line":13,"column":2},"end":{"line":13,"column":35}},"9":{"start":{"line":16,"column":2},"end":{"line":16,"column":22}},"10":{"start":{"line":17,"column":2},"end":{"line":19,"column":3}},"11":{"start":{"line":18,"column":4},"end":{"line":18,"column":20}},"12":{"start":{"line":21,"column":2},"end":{"line":42,"column":3}},"13":{"start":{"line":22,"column":4},"end":{"line":27,"column":6}},"14":{"start":{"line":28,"column":4},"end":{"line":28,"column":56}},"15":{"start":{"line":31,"column":4},"end":{"line":31,"column":75}},"16":{"start":{"line":33,"column":4},"end":{"line":41,"column":5}},"17":{"start":{"line":34,"column":6},"end":{"line":39,"column":8}},"18":{"start":{"line":40,"column":6},"end":{"line":40,"column":58}},"19":{"start":{"line":45,"column":2},"end":{"line":45,"column":19}},"20":{"start":{"line":47,"column":2},"end":{"line":47,"column":21}},"21":{"start":{"line":48,"column":2},"end":{"line":48,"column":20}},"22":{"start":{"line":49,"column":2},"end":{"line":49,"column":35}},"23":{"start":{"line":51,"column":2},"end":{"line":51,"column":22}},"24":{"start":{"line":52,"column":2},"end":{"line":52,"column":36}},"25":{"start":{"line":54,"column":2},"end":{"line":145,"column":3}},"26":{"start":{"line":58,"column":4},"end":{"line":58,"column":18}},"27":{"start":{"line":59,"column":4},"end":{"line":59,"column":23}},"28":{"start":{"line":61,"column":4},"end":{"line":76,"column":5}},"29":{"start":{"line":62,"column":6},"end":{"line":67,"column":8}},"30":{"start":{"line":69,"column":6},"end":{"line":73,"column":7}},"31":{"start":{"line":70,"column":8},"end":{"line":70,"column":23}},"32":{"start":{"line":72,"column":8},"end":{"line":72,"column":23}},"33":{"start":{"line":75,"column":6},"end":{"line":75,"column":57}},"34":{"start":{"line":79,"column":4},"end":{"line":79,"column":19}},"35":{"start":{"line":81,"column":4},"end":{"line":81,"column":58}},"36":{"start":{"line":82,"column":4},"end":{"line":82,"column":101}},"37":{"start":{"line":85,"column":4},"end":{"line":85,"column":34}},"38":{"start":{"line":87,"column":4},"end":{"line":87,"column":37}},"39":{"start":{"line":89,"column":4},"end":{"line":130,"column":5}},"40":{"start":{"line":90,"column":6},"end":{"line":90,"column":33}},"41":{"start":{"line":91,"column":6},"end":{"line":91,"column":67}},"42":{"start":{"line":93,"column":6},"end":{"line":95,"column":7}},"43":{"start":{"line":94,"column":8},"end":{"line":94,"column":38}},"44":{"start":{"line":98,"column":6},"end":{"line":98,"column":56}},"45":{"start":{"line":101,"column":6},"end":{"line":103,"column":7}},"46":{"start":{"line":102,"column":8},"end":{"line":102,"column":89}},"47":{"start":{"line":105,"column":6},"end":{"line":129,"column":7}},"48":{"start":{"line":106,"column":8},"end":{"line":111,"column":10}},"49":{"start":{"line":115,"column":8},"end":{"line":128,"column":9}},"50":{"start":{"line":117,"column":10},"end":{"line":117,"column":39}},"51":{"start":{"line":118,"column":10},"end":{"line":118,"column":40}},"52":{"start":{"line":119,"column":10},"end":{"line":119,"column":38}},"53":{"start":{"line":122,"column":10},"end":{"line":124,"column":11}},"54":{"start":{"line":123,"column":12},"end":{"line":123,"column":17}},"55":{"start":{"line":127,"column":10},"end":{"line":127,"column":66}},"56":{"start":{"line":133,"column":4},"end":{"line":138,"column":6}},"57":{"start":{"line":140,"column":4},"end":{"line":142,"column":5}},"58":{"start":{"line":141,"column":6},"end":{"line":141,"column":11}},"59":{"start":{"line":144,"column":4},"end":{"line":144,"column":23}},"60":{"start":{"line":148,"column":2},"end":{"line":152,"column":3}}},"branchMap":{"1":{"line":21,"type":"if","locations":[{"start":{"line":21,"column":2},"end":{"line":21,"column":2}},{"start":{"line":21,"column":2},"end":{"line":21,"column":2}}]},"2":{"line":33,"type":"if","locations":[{"start":{"line":33,"column":4},"end":{"line":33,"column":4}},{"start":{"line":33,"column":4},"end":{"line":33,"column":4}}]},"3":{"line":69,"type":"if","locations":[{"start":{"line":69,"column":6},"end":{"line":69,"column":6}},{"start":{"line":69,"column":6},"end":{"line":69,"column":6}}]},"4":{"line":82,"type":"cond-expr","locations":[{"start":{"line":82,"column":34},"end":{"line":82,"column":41}},{"start":{"line":82,"column":44},"end":{"line":82,"column":101}}]},"5":{"line":93,"type":"if","locations":[{"start":{"line":93,"column":6},"end":{"line":93,"column":6}},{"start":{"line":93,"column":6},"end":{"line":93,"column":6}}]},"6":{"line":101,"type":"if","locations":[{"start":{"line":101,"column":6},"end":{"line":101,"column":6}},{"start":{"line":101,"column":6},"end":{"line":101,"column":6}}]},"7":{"line":105,"type":"if","locations":[{"start":{"line":105,"column":6},"end":{"line":105,"column":6}},{"start":{"line":105,"column":6},"end":{"line":105,"column":6}}]},"8":{"line":115,"type":"if","locations":[{"start":{"line":115,"column":8},"end":{"line":115,"column":8}},{"start":{"line":115,"column":8},"end":{"line":115,"column":8}}]},"9":{"line":122,"type":"if","locations":[{"start":{"line":122,"column":10},"end":{"line":122,"column":10}},{"start":{"line":122,"column":10},"end":{"line":122,"column":10}}]},"10":{"line":140,"type":"if","locations":[{"start":{"line":140,"column":4},"end":{"line":140,"column":4}},{"start":{"line":140,"column":4},"end":{"line":140,"column":4}}]},"11":{"line":150,"type":"cond-expr","locations":[{"start":{"line":150,"column":30},"end":{"line":150,"column":35}},{"start":{"line":150,"column":38},"end":{"line":150,"column":48}}]}},"code":["const bitapScore = require('./bitap_score')","const matchedIndices = require('./bitap_matched_indices')","","module.exports = (text, pattern, patternAlphabet, { location = 0, distance = 100, threshold = 0.6, findAllMatches = false, minMatchCharLength = 1 }) => {","  const expectedLocation = location","  // Set starting location at beginning text and initialize the alphabet.","  const textLen = text.length","  // Highest score beyond which we give up.","  let currentThreshold = threshold","  // Is there a nearby exact match? (speedup)","  let bestLocation = text.indexOf(pattern, expectedLocation)","","  const patternLen = pattern.length","","  // a mask of the matches","  const matchMask = []","  for (let i = 0; i < textLen; i += 1) {","    matchMask[i] = 0","  }","","  if (bestLocation != -1) {","    let score = bitapScore(pattern, { ","      errors: 0, ","      currentLocation: bestLocation, ","      expectedLocation, ","      distance ","    })","    currentThreshold = Math.min(score, currentThreshold)","","    // What about in the other direction? (speed up)","    bestLocation = text.lastIndexOf(pattern, expectedLocation + patternLen)","","    if (bestLocation != -1) {","      let score = bitapScore(pattern, { ","        errors: 0, ","        currentLocation: bestLocation, ","        expectedLocation, ","        distance","      })","      currentThreshold = Math.min(score, currentThreshold)","    }","  }","","  // Reset the best location","  bestLocation = -1","","  let lastBitArr = []","  let finalScore = 1","  let binMax = patternLen + textLen","","  const locations = []","  const mask = 1 << (patternLen - 1)","","  for (let i = 0; i < patternLen; i += 1) {","    // Scan for the best match; each iteration allows for one more error.","    // Run a binary search to determine how far from the match location we can stray","    // at this error level.","    let binMin = 0","    let binMid = binMax","","    while (binMin < binMid) {","      const score = bitapScore(pattern, { ","        errors: i, ","        currentLocation: expectedLocation + binMid, ","        expectedLocation, ","        distance ","      })","","      if (score <= currentThreshold) {","        binMin = binMid","      } else {","        binMax = binMid","      }","","      binMid = Math.floor((binMax - binMin) / 2 + binMin)","    }","","    // Use the result from this iteration as the maximum for the next.","    binMax = binMid","","    let start = Math.max(1, expectedLocation - binMid + 1)","    let finish = findAllMatches ? textLen : Math.min(expectedLocation + binMid, textLen) + patternLen","","    // Initialize the bit array","    let bitArr = Array(finish + 2)","","    bitArr[finish + 1] = (1 << i) - 1","","    for (let j = finish; j >= start; j -= 1) {","      let currentLocation = j - 1","      let charMatch = patternAlphabet[text.charAt(currentLocation)]","","      if (charMatch) {","        matchMask[currentLocation] = 1","      }","","      // First pass: exact match","      bitArr[j] = ((bitArr[j + 1] << 1) | 1) & charMatch","","      // Subsequent passes: fuzzy match","      if (i !== 0) {","        bitArr[j] |= (((lastBitArr[j + 1] | lastBitArr[j]) << 1) | 1) | lastBitArr[j + 1]","      }","      ","      if (bitArr[j] & mask) {","        finalScore = bitapScore(pattern, { ","          errors: i, ","          currentLocation, ","          expectedLocation, ","          distance ","        })","","        // This match will almost certainly be better than any existing match.","        // But check anyway.","        if (finalScore <= currentThreshold) {","          // Indeed it is","          currentThreshold = finalScore","          bestLocation = currentLocation","          locations.push(bestLocation)","","          // Already passed `loc`, downhill from here on in.","          if (bestLocation <= expectedLocation) {","            break","          }","","          // When passing `bestLocation`, don't exceed our current distance from `expectedLocation`.","          start = Math.max(1, 2 * expectedLocation - bestLocation)","        }","      }","    }","","    // No hope for a (better) match at greater error levels.    ","    const score = bitapScore(pattern, { ","      errors: i + 1, ","      currentLocation: expectedLocation, ","      expectedLocation, ","      distance ","    })","  ","    if (score > currentThreshold) {","      break","    }","    ","    lastBitArr = bitArr","  }","","  // Count exact matches (those with a score of 0) to be \"almost\" exact","  return {","    isMatch: bestLocation >= 0,","    score: finalScore === 0 ? 0.001 : finalScore,","    matchedIndices: matchedIndices(matchMask, minMatchCharLength)","  }","}"],"l":{"1":1,"2":1,"4":1,"5":0,"7":0,"9":0,"11":0,"13":0,"16":0,"17":0,"18":0,"21":0,"22":0,"28":0,"31":0,"33":0,"34":0,"40":0,"45":0,"47":0,"48":0,"49":0,"51":0,"52":0,"54":0,"58":0,"59":0,"61":0,"62":0,"69":0,"70":0,"72":0,"75":0,"79":0,"81":0,"82":0,"85":0,"87":0,"89":0,"90":0,"91":0,"93":0,"94":0,"98":0,"101":0,"102":0,"105":0,"106":0,"115":0,"117":0,"118":0,"119":0,"122":0,"123":0,"127":0,"133":0,"140":0,"141":0,"144":0,"148":0}},"/home/travis/build/npmtest/node-npmtest-fuse.js/node_modules/fuse.js/src/helpers/deep_value.js":{"path":"/home/travis/build/npmtest/node-npmtest-fuse.js/node_modules/fuse.js/src/helpers/deep_value.js","s":{"1":1,"2":1,"3":0,"4":0,"5":0,"6":0,"7":0,"8":0,"9":0,"10":0,"11":0,"12":0,"13":0,"14":0,"15":0,"16":0,"17":0,"18":0,"19":0,"20":0,"21":1,"22":0},"b":{"1":[0,0],"2":[0,0],"3":[0,0],"4":[0,0],"5":[0,0],"6":[0,0,0],"7":[0,0],"8":[0,0]},"f":{},"fnMap":{},"statementMap":{"1":{"start":{"line":1,"column":0},"end":{"line":1,"column":37}},"2":{"start":{"line":3,"column":0},"end":{"line":35,"column":1}},"3":{"start":{"line":4,"column":2},"end":{"line":32,"column":3}},"4":{"start":{"line":6,"column":4},"end":{"line":6,"column":18}},"5":{"start":{"line":8,"column":4},"end":{"line":8,"column":38}},"6":{"start":{"line":9,"column":4},"end":{"line":9,"column":27}},"7":{"start":{"line":10,"column":4},"end":{"line":10,"column":24}},"8":{"start":{"line":12,"column":4},"end":{"line":15,"column":5}},"9":{"start":{"line":13,"column":6},"end":{"line":13,"column":44}},"10":{"start":{"line":14,"column":6},"end":{"line":14,"column":42}},"11":{"start":{"line":17,"column":4},"end":{"line":17,"column":35}},"12":{"start":{"line":19,"column":4},"end":{"line":31,"column":5}},"13":{"start":{"line":20,"column":6},"end":{"line":30,"column":7}},"14":{"start":{"line":21,"column":8},"end":{"line":21,"column":24}},"15":{"start":{"line":22,"column":13},"end":{"line":30,"column":7}},"16":{"start":{"line":24,"column":8},"end":{"line":26,"column":9}},"17":{"start":{"line":25,"column":10},"end":{"line":25,"column":46}},"18":{"start":{"line":27,"column":13},"end":{"line":30,"column":7}},"19":{"start":{"line":29,"column":8},"end":{"line":29,"column":41}},"20":{"start":{"line":34,"column":2},"end":{"line":34,"column":13}},"21":{"start":{"line":37,"column":0},"end":{"line":39,"column":1}},"22":{"start":{"line":38,"column":2},"end":{"line":38,"column":33}}},"branchMap":{"1":{"line":4,"type":"if","locations":[{"start":{"line":4,"column":2},"end":{"line":4,"column":2}},{"start":{"line":4,"column":2},"end":{"line":4,"column":2}}]},"2":{"line":12,"type":"if","locations":[{"start":{"line":12,"column":4},"end":{"line":12,"column":4}},{"start":{"line":12,"column":4},"end":{"line":12,"column":4}}]},"3":{"line":19,"type":"if","locations":[{"start":{"line":19,"column":4},"end":{"line":19,"column":4}},{"start":{"line":19,"column":4},"end":{"line":19,"column":4}}]},"4":{"line":19,"type":"binary-expr","locations":[{"start":{"line":19,"column":8},"end":{"line":19,"column":22}},{"start":{"line":19,"column":26},"end":{"line":19,"column":45}}]},"5":{"line":20,"type":"if","locations":[{"start":{"line":20,"column":6},"end":{"line":20,"column":6}},{"start":{"line":20,"column":6},"end":{"line":20,"column":6}}]},"6":{"line":20,"type":"binary-expr","locations":[{"start":{"line":20,"column":10},"end":{"line":20,"column":20}},{"start":{"line":20,"column":25},"end":{"line":20,"column":50}},{"start":{"line":20,"column":54},"end":{"line":20,"column":79}}]},"7":{"line":22,"type":"if","locations":[{"start":{"line":22,"column":13},"end":{"line":22,"column":13}},{"start":{"line":22,"column":13},"end":{"line":22,"column":13}}]},"8":{"line":27,"type":"if","locations":[{"start":{"line":27,"column":13},"end":{"line":27,"column":13}},{"start":{"line":27,"column":13},"end":{"line":27,"column":13}}]}},"code":["const isArray = require('./is_array')","","const deepValue = (obj, path, list) => {","  if (!path) {","    // If there's no path left, we've gotten to the object we care about.","    list.push(obj)","  } else {","    const dotIndex = path.indexOf('.')","    let firstSegment = path","    let remaining = null","","    if (dotIndex !== -1) {","      firstSegment = path.slice(0, dotIndex)","      remaining = path.slice(dotIndex + 1)","    }","","    const value = obj[firstSegment]","    ","    if (value !== null && value !== undefined) {","      if (!remaining && (typeof value === 'string' || typeof value === 'number')) {","        list.push(value)","      } else if (isArray(value)) {","        // Search each item in the array.","        for (let i = 0, len = value.length; i < len; i += 1) {","          deepValue(value[i], remaining, list)","        }","      } else if (remaining) {","        // An object. Recurse further.","        deepValue(value, remaining, list)","      }","    }","  }","","  return list","}","","module.exports = (obj, path) => {","  return deepValue(obj, path, [])","}"],"l":{"1":1,"3":1,"4":0,"6":0,"8":0,"9":0,"10":0,"12":0,"13":0,"14":0,"17":0,"19":0,"20":0,"21":0,"22":0,"24":0,"25":0,"27":0,"29":0,"34":0,"37":1,"38":0}},"/home/travis/build/npmtest/node-npmtest-fuse.js/node_modules/fuse.js/src/helpers/is_array.js":{"path":"/home/travis/build/npmtest/node-npmtest-fuse.js/node_modules/fuse.js/src/helpers/is_array.js","s":{"1":1,"2":0},"b":{},"f":{},"fnMap":{},"statementMap":{"1":{"start":{"line":1,"column":0},"end":{"line":3,"column":1}},"2":{"start":{"line":2,"column":2},"end":{"line":2,"column":65}}},"branchMap":{},"code":["module.exports = (obj) => {","  return Object.prototype.toString.call(obj) === '[object Array]'","}"],"l":{"1":1,"2":0}}}