{"/home/travis/build/npmtest/node-npmtest-fuse.js/test.js":{"path":"/home/travis/build/npmtest/node-npmtest-fuse.js/test.js","s":{"1":2,"2":2,"3":2,"4":2,"5":2,"6":2,"7":2,"8":1,"9":2,"10":2,"11":1,"12":1,"13":1,"14":1,"15":2,"16":2,"17":2,"18":2,"19":1,"20":1,"21":2,"22":2,"23":2,"24":1,"25":1,"26":1,"27":1,"28":1,"29":1,"30":1,"31":1,"32":1,"33":1,"34":1,"35":1,"36":1,"37":1,"38":1,"39":2,"40":2,"41":1,"42":2,"43":2,"44":1,"45":2,"46":2,"47":1,"48":2,"49":2,"50":1,"51":1,"52":1,"53":1,"54":1},"b":{"1":[2,1,1,1],"2":[1,1,1,1],"3":[1,1],"4":[1,1],"5":[1,1],"6":[1,1],"7":[1,1],"8":[1,1],"9":[1,1],"10":[1,1,1],"11":[1,1],"12":[1,1],"13":[1,1],"14":[1,1],"15":[1,1],"16":[1,1],"17":[1,1]},"f":{"1":2,"2":2,"3":2,"4":2,"5":2,"6":1,"7":1,"8":1,"9":2,"10":2,"11":2,"12":2,"13":1},"fnMap":{"1":{"name":"(anonymous_1)","line":12,"loc":{"start":{"line":12,"column":1},"end":{"line":12,"column":13}}},"2":{"name":"(anonymous_2)","line":19,"loc":{"start":{"line":19,"column":5},"end":{"line":19,"column":17}}},"3":{"name":"(anonymous_3)","line":23,"loc":{"start":{"line":23,"column":24},"end":{"line":23,"column":36}}},"4":{"name":"(anonymous_4)","line":61,"loc":{"start":{"line":61,"column":5},"end":{"line":61,"column":17}}},"5":{"name":"(anonymous_5)","line":82,"loc":{"start":{"line":82,"column":5},"end":{"line":82,"column":17}}},"6":{"name":"(anonymous_6)","line":91,"loc":{"start":{"line":91,"column":77},"end":{"line":94,"column":10}}},"7":{"name":"(anonymous_7)","line":112,"loc":{"start":{"line":112,"column":83},"end":{"line":115,"column":10}},"skip":true},"8":{"name":"(anonymous_8)","line":123,"loc":{"start":{"line":123,"column":77},"end":{"line":126,"column":10}},"skip":true},"9":{"name":"(anonymous_9)","line":139,"loc":{"start":{"line":139,"column":12},"end":{"line":139,"column":40}},"skip":true},"10":{"name":"(anonymous_10)","line":147,"loc":{"start":{"line":147,"column":77},"end":{"line":150,"column":10}},"skip":true},"11":{"name":"(anonymous_11)","line":158,"loc":{"start":{"line":158,"column":83},"end":{"line":161,"column":10}},"skip":true},"12":{"name":"(anonymous_12)","line":169,"loc":{"start":{"line":169,"column":79},"end":{"line":172,"column":10}},"skip":true},"13":{"name":"(anonymous_13)","line":180,"loc":{"start":{"line":180,"column":75},"end":{"line":183,"column":10}},"skip":true}},"statementMap":{"1":{"start":{"line":12,"column":0},"end":{"line":195,"column":5}},"2":{"start":{"line":14,"column":4},"end":{"line":14,"column":14}},"3":{"start":{"line":19,"column":4},"end":{"line":56,"column":9}},"4":{"start":{"line":21,"column":8},"end":{"line":21,"column":19}},"5":{"start":{"line":23,"column":8},"end":{"line":35,"column":13}},"6":{"start":{"line":24,"column":12},"end":{"line":34,"column":13}},"7":{"start":{"line":25,"column":16},"end":{"line":28,"column":30}},"8":{"start":{"line":30,"column":16},"end":{"line":33,"column":27}},"9":{"start":{"line":37,"column":8},"end":{"line":39,"column":21}},"10":{"start":{"line":40,"column":8},"end":{"line":53,"column":9}},"11":{"start":{"line":43,"column":12},"end":{"line":46,"column":14}},"12":{"start":{"line":47,"column":12},"end":{"line":47,"column":18}},"13":{"start":{"line":50,"column":12},"end":{"line":51,"column":46}},"14":{"start":{"line":52,"column":12},"end":{"line":52,"column":18}},"15":{"start":{"line":55,"column":8},"end":{"line":55,"column":35}},"16":{"start":{"line":61,"column":4},"end":{"line":63,"column":9}},"17":{"start":{"line":62,"column":8},"end":{"line":62,"column":15}},"18":{"start":{"line":64,"column":4},"end":{"line":77,"column":5}},"19":{"start":{"line":70,"column":8},"end":{"line":70,"column":14}},"20":{"start":{"line":76,"column":8},"end":{"line":76,"column":14}},"21":{"start":{"line":82,"column":4},"end":{"line":84,"column":9}},"22":{"start":{"line":83,"column":8},"end":{"line":83,"column":15}},"23":{"start":{"line":85,"column":4},"end":{"line":194,"column":5}},"24":{"start":{"line":91,"column":8},"end":{"line":99,"column":10}},"25":{"start":{"line":98,"column":12},"end":{"line":98,"column":35}},"26":{"start":{"line":102,"column":8},"end":{"line":104,"column":63}},"27":{"start":{"line":105,"column":8},"end":{"line":105,"column":14}},"28":{"start":{"line":112,"column":8},"end":{"line":121,"column":10},"skip":true},"29":{"start":{"line":119,"column":12},"end":{"line":119,"column":55},"skip":true},"30":{"start":{"line":120,"column":12},"end":{"line":120,"column":48},"skip":true},"31":{"start":{"line":123,"column":8},"end":{"line":136,"column":10},"skip":true},"32":{"start":{"line":130,"column":12},"end":{"line":130,"column":76},"skip":true},"33":{"start":{"line":131,"column":12},"end":{"line":131,"column":73},"skip":true},"34":{"start":{"line":132,"column":12},"end":{"line":132,"column":74},"skip":true},"35":{"start":{"line":133,"column":12},"end":{"line":133,"column":79},"skip":true},"36":{"start":{"line":134,"column":12},"end":{"line":134,"column":25},"skip":true},"37":{"start":{"line":135,"column":12},"end":{"line":135,"column":45},"skip":true},"38":{"start":{"line":138,"column":8},"end":{"line":145,"column":14},"skip":true},"39":{"start":{"line":143,"column":16},"end":{"line":143,"column":29},"skip":true},"40":{"start":{"line":144,"column":16},"end":{"line":144,"column":55},"skip":true},"41":{"start":{"line":147,"column":8},"end":{"line":156,"column":10},"skip":true},"42":{"start":{"line":154,"column":12},"end":{"line":154,"column":25},"skip":true},"43":{"start":{"line":155,"column":12},"end":{"line":155,"column":45},"skip":true},"44":{"start":{"line":158,"column":8},"end":{"line":167,"column":10},"skip":true},"45":{"start":{"line":165,"column":12},"end":{"line":165,"column":25},"skip":true},"46":{"start":{"line":166,"column":12},"end":{"line":166,"column":48},"skip":true},"47":{"start":{"line":169,"column":8},"end":{"line":178,"column":10},"skip":true},"48":{"start":{"line":176,"column":12},"end":{"line":176,"column":25},"skip":true},"49":{"start":{"line":177,"column":12},"end":{"line":177,"column":46},"skip":true},"50":{"start":{"line":180,"column":8},"end":{"line":189,"column":10},"skip":true},"51":{"start":{"line":187,"column":12},"end":{"line":187,"column":94},"skip":true},"52":{"start":{"line":188,"column":12},"end":{"line":188,"column":48},"skip":true},"53":{"start":{"line":192,"column":8},"end":{"line":192,"column":35},"skip":true},"54":{"start":{"line":193,"column":8},"end":{"line":193,"column":14},"skip":true}},"branchMap":{"1":{"line":25,"type":"binary-expr","locations":[{"start":{"line":25,"column":23},"end":{"line":25,"column":62}},{"start":{"line":26,"column":20},"end":{"line":26,"column":70}},{"start":{"line":27,"column":20},"end":{"line":27,"column":71}},{"start":{"line":28,"column":20},"end":{"line":28,"column":29}}]},"2":{"line":30,"type":"binary-expr","locations":[{"start":{"line":30,"column":23},"end":{"line":30,"column":37}},{"start":{"line":31,"column":20},"end":{"line":31,"column":61}},{"start":{"line":32,"column":20},"end":{"line":32,"column":70}},{"start":{"line":33,"column":20},"end":{"line":33,"column":26}}]},"3":{"line":37,"type":"cond-expr","locations":[{"start":{"line":38,"column":14},"end":{"line":38,"column":20}},{"start":{"line":39,"column":14},"end":{"line":39,"column":20}}]},"4":{"line":40,"type":"switch","locations":[{"start":{"line":42,"column":8},"end":{"line":47,"column":18}},{"start":{"line":49,"column":8},"end":{"line":52,"column":18}}]},"5":{"line":44,"type":"binary-expr","locations":[{"start":{"line":44,"column":16},"end":{"line":44,"column":44}},{"start":{"line":44,"column":48},"end":{"line":44,"column":66}}]},"6":{"line":50,"type":"binary-expr","locations":[{"start":{"line":50,"column":21},"end":{"line":50,"column":49}},{"start":{"line":50,"column":53},"end":{"line":50,"column":72}}]},"7":{"line":64,"type":"switch","locations":[{"start":{"line":69,"column":4},"end":{"line":70,"column":14}},{"start":{"line":75,"column":4},"end":{"line":76,"column":14}}]},"8":{"line":85,"type":"switch","locations":[{"start":{"line":90,"column":4},"end":{"line":105,"column":14}},{"start":{"line":111,"column":4},"end":{"line":193,"column":14},"skip":true}]},"9":{"line":91,"type":"binary-expr","locations":[{"start":{"line":91,"column":42},"end":{"line":91,"column":73}},{"start":{"line":91,"column":77},"end":{"line":99,"column":9}}]},"10":{"line":102,"type":"binary-expr","locations":[{"start":{"line":102,"column":18},"end":{"line":102,"column":32}},{"start":{"line":103,"column":12},"end":{"line":103,"column":53}},{"start":{"line":104,"column":12},"end":{"line":104,"column":61}}]},"11":{"line":112,"type":"binary-expr","locations":[{"start":{"line":112,"column":45},"end":{"line":112,"column":79},"skip":true},{"start":{"line":112,"column":83},"end":{"line":121,"column":9},"skip":true}]},"12":{"line":123,"type":"binary-expr","locations":[{"start":{"line":123,"column":42},"end":{"line":123,"column":73},"skip":true},{"start":{"line":123,"column":77},"end":{"line":136,"column":9},"skip":true}]},"13":{"line":138,"type":"binary-expr","locations":[{"start":{"line":138,"column":48},"end":{"line":138,"column":85},"skip":true},{"start":{"line":139,"column":12},"end":{"line":145,"column":13},"skip":true}]},"14":{"line":147,"type":"binary-expr","locations":[{"start":{"line":147,"column":42},"end":{"line":147,"column":73},"skip":true},{"start":{"line":147,"column":77},"end":{"line":156,"column":9},"skip":true}]},"15":{"line":158,"type":"binary-expr","locations":[{"start":{"line":158,"column":45},"end":{"line":158,"column":79},"skip":true},{"start":{"line":158,"column":83},"end":{"line":167,"column":9},"skip":true}]},"16":{"line":169,"type":"binary-expr","locations":[{"start":{"line":169,"column":43},"end":{"line":169,"column":75},"skip":true},{"start":{"line":169,"column":79},"end":{"line":178,"column":9},"skip":true}]},"17":{"line":180,"type":"binary-expr","locations":[{"start":{"line":180,"column":41},"end":{"line":180,"column":71},"skip":true},{"start":{"line":180,"column":75},"end":{"line":189,"column":9},"skip":true}]}},"code":["/* istanbul instrument in package npmtest_fuse_js */","/*jslint","    bitwise: true,","    browser: true,","    maxerr: 8,","    maxlen: 96,","    node: true,","    nomen: true,","    regexp: true,","    stupid: true","*/","(function () {","    'use strict';","    var local;","","","","    // run shared js-env code - pre-init","    (function () {","        // init local","        local = {};","        // init modeJs","        local.modeJs = (function () {","            try {","                return typeof navigator.userAgent === 'string' &&","                    typeof document.querySelector('body') === 'object' &&","                    typeof XMLHttpRequest.prototype.open === 'function' &&","                    'browser';","            } catch (errorCaughtBrowser) {","                return module.exports &&","                    typeof process.versions.node === 'string' &&","                    typeof require('http').createServer === 'function' &&","                    'node';","            }","        }());","        // init global","        local.global = local.modeJs === 'browser'","            ? window","            : global;","        switch (local.modeJs) {","        // re-init local from window.local","        case 'browser':","            local = local.global.utility2.objectSetDefault(","                local.global.utility2_rollup || local.global.local,","                local.global.utility2","            );","            break;","        // re-init local from example.js","        case 'node':","            local = (local.global.utility2_rollup || require('utility2'))","                .requireExampleJsFromReadme();","            break;","        }","        // export local","        local.global.local = local;","    }());","","","","    // run shared js-env code - function","    (function () {","        return;","    }());","    switch (local.modeJs) {","","","","    // run browser js-env code - function","    case 'browser':","        break;","","","","    // run node js-env code - function","    case 'node':","        break;","    }","","","","    // run shared js-env code - post-init","    (function () {","        return;","    }());","    switch (local.modeJs) {","","","","    // run browser js-env code - post-init","    case 'browser':","        local.testCase_browser_nullCase = local.testCase_browser_nullCase || function (","            options,","            onError","        ) {","        /*","         * this function will test browsers's null-case handling-behavior-behavior","         */","            onError(null, options);","        };","","        // run tests","        local.nop(local.modeTest &&","            document.querySelector('#testRunButton1') &&","            document.querySelector('#testRunButton1').click());","        break;","","","","    // run node js-env code - post-init","    /* istanbul ignore next */","    case 'node':","        local.testCase_buildApidoc_default = local.testCase_buildApidoc_default || function (","            options,","            onError","        ) {","        /*","         * this function will test buildApidoc's default handling-behavior-behavior","         */","            options = { modulePathList: module.paths };","            local.buildApidoc(options, onError);","        };","","        local.testCase_buildApp_default = local.testCase_buildApp_default || function (","            options,","            onError","        ) {","        /*","         * this function will test buildApp's default handling-behavior-behavior","         */","            local.testCase_buildReadme_default(options, local.onErrorThrow);","            local.testCase_buildLib_default(options, local.onErrorThrow);","            local.testCase_buildTest_default(options, local.onErrorThrow);","            local.testCase_buildCustomOrg_default(options, local.onErrorThrow);","            options = [];","            local.buildApp(options, onError);","        };","","        local.testCase_buildCustomOrg_default = local.testCase_buildCustomOrg_default ||","            function (options, onError) {","            /*","             * this function will test buildCustomOrg's default handling-behavior","             */","                options = {};","                local.buildCustomOrg(options, onError);","            };","","        local.testCase_buildLib_default = local.testCase_buildLib_default || function (","            options,","            onError","        ) {","        /*","         * this function will test buildLib's default handling-behavior","         */","            options = {};","            local.buildLib(options, onError);","        };","","        local.testCase_buildReadme_default = local.testCase_buildReadme_default || function (","            options,","            onError","        ) {","        /*","         * this function will test buildReadme's default handling-behavior-behavior","         */","            options = {};","            local.buildReadme(options, onError);","        };","","        local.testCase_buildTest_default = local.testCase_buildTest_default || function (","            options,","            onError","        ) {","        /*","         * this function will test buildTest's default handling-behavior","         */","            options = {};","            local.buildTest(options, onError);","        };","","        local.testCase_webpage_default = local.testCase_webpage_default || function (","            options,","            onError","        ) {","        /*","         * this function will test webpage's default handling-behavior","         */","            options = { modeCoverageMerge: true, url: local.serverLocalHost + '?modeTest=1' };","            local.browserTest(options, onError);","        };","","        // run test-server","        local.testRunServer(local);","        break;","    }","}());",""],"l":{"12":2,"14":2,"19":2,"21":2,"23":2,"24":2,"25":2,"30":1,"37":2,"40":2,"43":1,"47":1,"50":1,"52":1,"55":2,"61":2,"62":2,"64":2,"70":1,"76":1,"82":2,"83":2,"85":2,"91":1,"98":1,"102":1,"105":1,"112":1,"119":1,"120":1,"123":1,"130":1,"131":1,"132":1,"133":1,"134":1,"135":1,"138":1,"143":2,"144":2,"147":1,"154":2,"155":2,"158":1,"165":2,"166":2,"169":1,"176":2,"177":2,"180":1,"187":1,"188":1,"192":1,"193":1}},"/home/travis/build/npmtest/node-npmtest-fuse.js/lib.npmtest_fuse.js.js":{"path":"/home/travis/build/npmtest/node-npmtest-fuse.js/lib.npmtest_fuse.js.js","s":{"1":2,"2":2,"3":2,"4":2,"5":2,"6":2,"7":2,"8":1,"9":2,"10":2,"11":2,"12":2,"13":1,"14":1,"15":1,"16":1},"b":{"1":[2,1,1,1],"2":[1,1,1,1],"3":[1,1],"4":[2,2],"5":[1,1]},"f":{"1":2,"2":2,"3":2},"fnMap":{"1":{"name":"(anonymous_1)","line":12,"loc":{"start":{"line":12,"column":1},"end":{"line":12,"column":13}}},"2":{"name":"(anonymous_2)","line":19,"loc":{"start":{"line":19,"column":5},"end":{"line":19,"column":17}}},"3":{"name":"(anonymous_3)","line":23,"loc":{"start":{"line":23,"column":24},"end":{"line":23,"column":36}}}},"statementMap":{"1":{"start":{"line":12,"column":0},"end":{"line":53,"column":5}},"2":{"start":{"line":14,"column":4},"end":{"line":14,"column":14}},"3":{"start":{"line":19,"column":4},"end":{"line":52,"column":9}},"4":{"start":{"line":21,"column":8},"end":{"line":21,"column":19}},"5":{"start":{"line":23,"column":8},"end":{"line":35,"column":13}},"6":{"start":{"line":24,"column":12},"end":{"line":34,"column":13}},"7":{"start":{"line":25,"column":16},"end":{"line":28,"column":30}},"8":{"start":{"line":30,"column":16},"end":{"line":33,"column":27}},"9":{"start":{"line":37,"column":8},"end":{"line":39,"column":21}},"10":{"start":{"line":41,"column":8},"end":{"line":41,"column":54}},"11":{"start":{"line":43,"column":8},"end":{"line":43,"column":52}},"12":{"start":{"line":45,"column":8},"end":{"line":51,"column":9}},"13":{"start":{"line":46,"column":12},"end":{"line":46,"column":58}},"14":{"start":{"line":48,"column":12},"end":{"line":48,"column":35}},"15":{"start":{"line":49,"column":12},"end":{"line":49,"column":49}},"16":{"start":{"line":50,"column":12},"end":{"line":50,"column":43}}},"branchMap":{"1":{"line":25,"type":"binary-expr","locations":[{"start":{"line":25,"column":23},"end":{"line":25,"column":62}},{"start":{"line":26,"column":20},"end":{"line":26,"column":70}},{"start":{"line":27,"column":20},"end":{"line":27,"column":71}},{"start":{"line":28,"column":20},"end":{"line":28,"column":29}}]},"2":{"line":30,"type":"binary-expr","locations":[{"start":{"line":30,"column":23},"end":{"line":30,"column":37}},{"start":{"line":31,"column":20},"end":{"line":31,"column":61}},{"start":{"line":32,"column":20},"end":{"line":32,"column":70}},{"start":{"line":33,"column":20},"end":{"line":33,"column":26}}]},"3":{"line":37,"type":"cond-expr","locations":[{"start":{"line":38,"column":14},"end":{"line":38,"column":20}},{"start":{"line":39,"column":14},"end":{"line":39,"column":20}}]},"4":{"line":41,"type":"binary-expr","locations":[{"start":{"line":41,"column":16},"end":{"line":41,"column":44}},{"start":{"line":41,"column":48},"end":{"line":41,"column":53}}]},"5":{"line":45,"type":"if","locations":[{"start":{"line":45,"column":8},"end":{"line":45,"column":8}},{"start":{"line":45,"column":8},"end":{"line":45,"column":8}}]}},"code":["/* istanbul instrument in package npmtest_fuse_js */","/*jslint","    bitwise: true,","    browser: true,","    maxerr: 8,","    maxlen: 96,","    node: true,","    nomen: true,","    regexp: true,","    stupid: true","*/","(function () {","    'use strict';","    var local;","","","","    // run shared js-env code - pre-init","    (function () {","        // init local","        local = {};","        // init modeJs","        local.modeJs = (function () {","            try {","                return typeof navigator.userAgent === 'string' &&","                    typeof document.querySelector('body') === 'object' &&","                    typeof XMLHttpRequest.prototype.open === 'function' &&","                    'browser';","            } catch (errorCaughtBrowser) {","                return module.exports &&","                    typeof process.versions.node === 'string' &&","                    typeof require('http').createServer === 'function' &&","                    'node';","            }","        }());","        // init global","        local.global = local.modeJs === 'browser'","            ? window","            : global;","        // init utility2_rollup","        local = local.global.utility2_rollup || local;","        // init lib","        local.local = local.npmtest_fuse_js = local;","        // init exports","        if (local.modeJs === 'browser') {","            local.global.utility2_npmtest_fuse_js = local;","        } else {","            module.exports = local;","            module.exports.__dirname = __dirname;","            module.exports.module = module;","        }","    }());","}());",""],"l":{"12":2,"14":2,"19":2,"21":2,"23":2,"24":2,"25":2,"30":1,"37":2,"41":2,"43":2,"45":2,"46":1,"48":1,"49":1,"50":1}},"/home/travis/build/npmtest/node-npmtest-fuse.js/example.js":{"path":"/home/travis/build/npmtest/node-npmtest-fuse.js/example.js","s":{"1":2,"2":2,"3":2,"4":2,"5":2,"6":2,"7":2,"8":1,"9":2,"10":2,"11":2,"12":2,"13":1,"14":2,"15":2,"16":2,"17":2,"18":2,"19":0,"20":2,"21":1,"22":1,"23":1,"24":1,"25":1,"26":0,"27":0,"28":1,"29":1,"30":2,"31":0,"32":0,"33":0,"34":1,"35":2,"36":2,"37":3,"38":3,"39":3,"40":3,"41":0,"42":3,"43":3,"44":3,"45":1,"46":3,"47":1,"48":1,"49":1,"50":1,"51":1,"52":1,"53":1,"54":1,"55":1,"56":1,"57":0,"58":1,"59":6,"60":6,"61":1,"62":2,"63":0,"64":2,"65":1,"66":1,"67":0,"68":0,"69":0,"70":0,"71":0,"72":0,"73":0,"74":0,"75":0,"76":0,"77":0,"78":0,"79":0,"80":0,"81":0,"82":0,"83":0},"b":{"1":[2,1,1,1],"2":[1,1,1,1],"3":[1,1],"4":[2,2],"5":[1,1],"6":[1,1],"7":[2,0],"8":[2,1,1,1,1,1],"9":[0,2,0],"10":[1,1],"11":[2,1,1],"12":[1,0],"13":[0,2],"14":[2,0,0,0,0,0,0],"15":[0,3],"16":[3,0],"17":[1,1],"18":[0,1],"19":[1,2,0,2],"20":[1,0],"21":[1,1],"22":[0,0],"23":[0,0],"24":[0,0],"25":[0,0],"26":[0,0],"27":[0,0],"28":[0,0]},"f":{"1":2,"2":2,"3":2,"4":2,"5":2,"6":2,"7":3,"8":3,"9":3,"10":1,"11":6,"12":0},"fnMap":{"1":{"name":"(anonymous_1)","line":26,"loc":{"start":{"line":26,"column":1},"end":{"line":26,"column":13}}},"2":{"name":"(anonymous_2)","line":33,"loc":{"start":{"line":33,"column":5},"end":{"line":33,"column":17}}},"3":{"name":"(anonymous_3)","line":37,"loc":{"start":{"line":37,"column":24},"end":{"line":37,"column":36}}},"4":{"name":"(anonymous_4)","line":69,"loc":{"start":{"line":69,"column":31},"end":{"line":69,"column":48}},"skip":true},"5":{"name":"(anonymous_5)","line":78,"loc":{"start":{"line":78,"column":26},"end":{"line":78,"column":45}},"skip":true},"6":{"name":"(anonymous_6)","line":123,"loc":{"start":{"line":123,"column":33},"end":{"line":123,"column":48}},"skip":true},"7":{"name":"(anonymous_7)","line":125,"loc":{"start":{"line":125,"column":27},"end":{"line":125,"column":39}},"skip":true},"8":{"name":"(anonymous_8)","line":133,"loc":{"start":{"line":133,"column":59},"end":{"line":133,"column":74}},"skip":true},"9":{"name":"(anonymous_9)","line":143,"loc":{"start":{"line":143,"column":45},"end":{"line":143,"column":62}},"skip":true},"10":{"name":"(anonymous_10)","line":144,"loc":{"start":{"line":144,"column":73},"end":{"line":144,"column":92}},"skip":true},"11":{"name":"(anonymous_11)","line":272,"loc":{"start":{"line":272,"column":51},"end":{"line":272,"column":77}},"skip":true},"12":{"name":"(anonymous_12)","line":315,"loc":{"start":{"line":315,"column":32},"end":{"line":315,"column":61}},"skip":true}},"statementMap":{"1":{"start":{"line":26,"column":0},"end":{"line":326,"column":5}},"2":{"start":{"line":28,"column":4},"end":{"line":28,"column":14}},"3":{"start":{"line":33,"column":4},"end":{"line":60,"column":9}},"4":{"start":{"line":35,"column":8},"end":{"line":35,"column":19}},"5":{"start":{"line":37,"column":8},"end":{"line":49,"column":13}},"6":{"start":{"line":38,"column":12},"end":{"line":48,"column":13}},"7":{"start":{"line":39,"column":16},"end":{"line":42,"column":30}},"8":{"start":{"line":44,"column":16},"end":{"line":47,"column":27}},"9":{"start":{"line":51,"column":8},"end":{"line":53,"column":21}},"10":{"start":{"line":55,"column":8},"end":{"line":57,"column":45}},"11":{"start":{"line":59,"column":8},"end":{"line":59,"column":35}},"12":{"start":{"line":61,"column":4},"end":{"line":325,"column":5}},"13":{"start":{"line":69,"column":8},"end":{"line":121,"column":10},"skip":true},"14":{"start":{"line":70,"column":12},"end":{"line":88,"column":13},"skip":true},"15":{"start":{"line":76,"column":16},"end":{"line":87,"column":19},"skip":true},"16":{"start":{"line":79,"column":20},"end":{"line":86,"column":21},"skip":true},"17":{"start":{"line":82,"column":24},"end":{"line":82,"column":43},"skip":true},"18":{"start":{"line":83,"column":24},"end":{"line":83,"column":30},"skip":true},"19":{"start":{"line":85,"column":24},"end":{"line":85,"column":49},"skip":true},"20":{"start":{"line":89,"column":12},"end":{"line":107,"column":13},"skip":true},"21":{"start":{"line":92,"column":16},"end":{"line":102,"column":17},"skip":true},"22":{"start":{"line":93,"column":20},"end":{"line":93,"column":86},"skip":true},"23":{"start":{"line":94,"column":20},"end":{"line":95,"column":45},"skip":true},"24":{"start":{"line":96,"column":20},"end":{"line":96,"column":42},"skip":true},"25":{"start":{"line":97,"column":20},"end":{"line":97,"column":48},"skip":true},"26":{"start":{"line":100,"column":20},"end":{"line":100,"column":85},"skip":true},"27":{"start":{"line":101,"column":20},"end":{"line":101,"column":96},"skip":true},"28":{"start":{"line":103,"column":16},"end":{"line":103,"column":22},"skip":true},"29":{"start":{"line":106,"column":16},"end":{"line":106,"column":22},"skip":true},"30":{"start":{"line":108,"column":12},"end":{"line":120,"column":13},"skip":true},"31":{"start":{"line":114,"column":16},"end":{"line":119,"column":17},"skip":true},"32":{"start":{"line":116,"column":20},"end":{"line":116,"column":78},"skip":true},"33":{"start":{"line":118,"column":20},"end":{"line":118,"column":47},"skip":true},"34":{"start":{"line":123,"column":8},"end":{"line":141,"column":11},"skip":true},"35":{"start":{"line":124,"column":12},"end":{"line":124,"column":54},"skip":true},"36":{"start":{"line":125,"column":12},"end":{"line":140,"column":14},"skip":true},"37":{"start":{"line":126,"column":16},"end":{"line":126,"column":28},"skip":true},"38":{"start":{"line":127,"column":16},"end":{"line":127,"column":69},"skip":true},"39":{"start":{"line":128,"column":16},"end":{"line":128,"column":75},"skip":true},"40":{"start":{"line":129,"column":16},"end":{"line":131,"column":17},"skip":true},"41":{"start":{"line":130,"column":20},"end":{"line":130,"column":27},"skip":true},"42":{"start":{"line":133,"column":16},"end":{"line":137,"column":36},"skip":true},"43":{"start":{"line":134,"column":20},"end":{"line":136,"column":55},"skip":true},"44":{"start":{"line":139,"column":16},"end":{"line":139,"column":57},"skip":true},"45":{"start":{"line":143,"column":8},"end":{"line":147,"column":11},"skip":true},"46":{"start":{"line":144,"column":12},"end":{"line":146,"column":15},"skip":true},"47":{"start":{"line":145,"column":16},"end":{"line":145,"column":70},"skip":true},"48":{"start":{"line":149,"column":8},"end":{"line":149,"column":31},"skip":true},"49":{"start":{"line":150,"column":8},"end":{"line":150,"column":14},"skip":true},"50":{"start":{"line":158,"column":8},"end":{"line":158,"column":31},"skip":true},"51":{"start":{"line":160,"column":8},"end":{"line":160,"column":33},"skip":true},"52":{"start":{"line":161,"column":8},"end":{"line":161,"column":37},"skip":true},"53":{"start":{"line":162,"column":8},"end":{"line":162,"column":35},"skip":true},"54":{"start":{"line":164,"column":8},"end":{"line":164,"column":50},"skip":true},"55":{"start":{"line":166,"column":8},"end":{"line":256,"column":2},"skip":true},"56":{"start":{"line":258,"column":8},"end":{"line":286,"column":9},"skip":true},"57":{"start":{"line":259,"column":12},"end":{"line":269,"column":14},"skip":true},"58":{"start":{"line":271,"column":12},"end":{"line":285,"column":19},"skip":true},"59":{"start":{"line":274,"column":20},"end":{"line":274,"column":35},"skip":true},"60":{"start":{"line":275,"column":20},"end":{"line":284,"column":21},"skip":true},"61":{"start":{"line":277,"column":24},"end":{"line":277,"column":64},"skip":true},"62":{"start":{"line":279,"column":24},"end":{"line":279,"column":40},"skip":true},"63":{"start":{"line":281,"column":24},"end":{"line":281,"column":40},"skip":true},"64":{"start":{"line":283,"column":24},"end":{"line":283,"column":39},"skip":true},"65":{"start":{"line":288,"column":8},"end":{"line":290,"column":9},"skip":true},"66":{"start":{"line":289,"column":12},"end":{"line":289,"column":18},"skip":true},"67":{"start":{"line":291,"column":8},"end":{"line":293,"column":54},"skip":true},"68":{"start":{"line":296,"column":8},"end":{"line":301,"column":37},"skip":true},"69":{"start":{"line":303,"column":8},"end":{"line":303,"column":82},"skip":true},"70":{"start":{"line":306,"column":8},"end":{"line":308,"column":9},"skip":true},"71":{"start":{"line":307,"column":12},"end":{"line":307,"column":82},"skip":true},"72":{"start":{"line":310,"column":8},"end":{"line":312,"column":9},"skip":true},"73":{"start":{"line":311,"column":12},"end":{"line":311,"column":18},"skip":true},"74":{"start":{"line":313,"column":8},"end":{"line":313,"column":54},"skip":true},"75":{"start":{"line":314,"column":8},"end":{"line":314,"column":69},"skip":true},"76":{"start":{"line":315,"column":8},"end":{"line":323,"column":36},"skip":true},"77":{"start":{"line":316,"column":12},"end":{"line":316,"column":61},"skip":true},"78":{"start":{"line":317,"column":12},"end":{"line":320,"column":13},"skip":true},"79":{"start":{"line":318,"column":16},"end":{"line":318,"column":75},"skip":true},"80":{"start":{"line":319,"column":16},"end":{"line":319,"column":23},"skip":true},"81":{"start":{"line":321,"column":12},"end":{"line":321,"column":38},"skip":true},"82":{"start":{"line":322,"column":12},"end":{"line":322,"column":27},"skip":true},"83":{"start":{"line":324,"column":8},"end":{"line":324,"column":14},"skip":true}},"branchMap":{"1":{"line":39,"type":"binary-expr","locations":[{"start":{"line":39,"column":23},"end":{"line":39,"column":62}},{"start":{"line":40,"column":20},"end":{"line":40,"column":70}},{"start":{"line":41,"column":20},"end":{"line":41,"column":71}},{"start":{"line":42,"column":20},"end":{"line":42,"column":29}}]},"2":{"line":44,"type":"binary-expr","locations":[{"start":{"line":44,"column":23},"end":{"line":44,"column":37}},{"start":{"line":45,"column":20},"end":{"line":45,"column":61}},{"start":{"line":46,"column":20},"end":{"line":46,"column":70}},{"start":{"line":47,"column":20},"end":{"line":47,"column":26}}]},"3":{"line":51,"type":"cond-expr","locations":[{"start":{"line":52,"column":14},"end":{"line":52,"column":20}},{"start":{"line":53,"column":14},"end":{"line":53,"column":20}}]},"4":{"line":55,"type":"binary-expr","locations":[{"start":{"line":55,"column":16},"end":{"line":55,"column":44}},{"start":{"line":55,"column":49},"end":{"line":57,"column":43}}]},"5":{"line":55,"type":"cond-expr","locations":[{"start":{"line":56,"column":14},"end":{"line":56,"column":51}},{"start":{"line":57,"column":14},"end":{"line":57,"column":43}}]},"6":{"line":61,"type":"switch","locations":[{"start":{"line":68,"column":4},"end":{"line":150,"column":14},"skip":true},{"start":{"line":156,"column":4},"end":{"line":324,"column":14},"skip":true}]},"7":{"line":70,"type":"if","locations":[{"start":{"line":70,"column":12},"end":{"line":70,"column":12},"skip":true},{"start":{"line":70,"column":12},"end":{"line":70,"column":12},"skip":true}]},"8":{"line":70,"type":"binary-expr","locations":[{"start":{"line":70,"column":16},"end":{"line":70,"column":22},"skip":true},{"start":{"line":70,"column":27},"end":{"line":70,"column":32},"skip":true},{"start":{"line":71,"column":20},"end":{"line":71,"column":39},"skip":true},{"start":{"line":72,"column":20},"end":{"line":72,"column":49},"skip":true},{"start":{"line":73,"column":20},"end":{"line":73,"column":58},"skip":true},{"start":{"line":74,"column":20},"end":{"line":74,"column":69},"skip":true}]},"9":{"line":79,"type":"switch","locations":[{"start":{"line":80,"column":20},"end":{"line":80,"column":33},"skip":true},{"start":{"line":81,"column":20},"end":{"line":83,"column":30},"skip":true},{"start":{"line":84,"column":20},"end":{"line":85,"column":49},"skip":true}]},"10":{"line":89,"type":"switch","locations":[{"start":{"line":90,"column":12},"end":{"line":103,"column":22},"skip":true},{"start":{"line":105,"column":12},"end":{"line":106,"column":22},"skip":true}]},"11":{"line":89,"type":"binary-expr","locations":[{"start":{"line":89,"column":20},"end":{"line":89,"column":25},"skip":true},{"start":{"line":89,"column":29},"end":{"line":89,"column":48},"skip":true},{"start":{"line":89,"column":52},"end":{"line":89,"column":74},"skip":true}]},"12":{"line":92,"type":"if","locations":[{"start":{"line":92,"column":16},"end":{"line":92,"column":16},"skip":true},{"start":{"line":92,"column":16},"end":{"line":92,"column":16},"skip":true}]},"13":{"line":108,"type":"if","locations":[{"start":{"line":108,"column":12},"end":{"line":108,"column":12},"skip":true},{"start":{"line":108,"column":12},"end":{"line":108,"column":12},"skip":true}]},"14":{"line":108,"type":"binary-expr","locations":[{"start":{"line":108,"column":16},"end":{"line":108,"column":61},"skip":true},{"start":{"line":108,"column":66},"end":{"line":108,"column":72},"skip":true},{"start":{"line":108,"column":77},"end":{"line":108,"column":82},"skip":true},{"start":{"line":109,"column":20},"end":{"line":109,"column":39},"skip":true},{"start":{"line":110,"column":20},"end":{"line":110,"column":49},"skip":true},{"start":{"line":111,"column":20},"end":{"line":111,"column":58},"skip":true},{"start":{"line":112,"column":20},"end":{"line":112,"column":68},"skip":true}]},"15":{"line":129,"type":"if","locations":[{"start":{"line":129,"column":16},"end":{"line":129,"column":16},"skip":true},{"start":{"line":129,"column":16},"end":{"line":129,"column":16},"skip":true}]},"16":{"line":134,"type":"cond-expr","locations":[{"start":{"line":135,"column":26},"end":{"line":135,"column":29},"skip":true},{"start":{"line":136,"column":26},"end":{"line":136,"column":54},"skip":true}]},"17":{"line":164,"type":"binary-expr","locations":[{"start":{"line":164,"column":27},"end":{"line":164,"column":43},"skip":true},{"start":{"line":164,"column":47},"end":{"line":164,"column":49},"skip":true}]},"18":{"line":258,"type":"if","locations":[{"start":{"line":258,"column":8},"end":{"line":258,"column":8},"skip":true},{"start":{"line":258,"column":8},"end":{"line":258,"column":8},"skip":true}]},"19":{"line":275,"type":"switch","locations":[{"start":{"line":276,"column":20},"end":{"line":277,"column":64},"skip":true},{"start":{"line":278,"column":20},"end":{"line":279,"column":40},"skip":true},{"start":{"line":280,"column":20},"end":{"line":281,"column":40},"skip":true},{"start":{"line":282,"column":20},"end":{"line":283,"column":39},"skip":true}]},"20":{"line":288,"type":"if","locations":[{"start":{"line":288,"column":8},"end":{"line":288,"column":8},"skip":true},{"start":{"line":288,"column":8},"end":{"line":288,"column":8},"skip":true}]},"21":{"line":288,"type":"binary-expr","locations":[{"start":{"line":288,"column":12},"end":{"line":288,"column":40},"skip":true},{"start":{"line":288,"column":44},"end":{"line":288,"column":67},"skip":true}]},"22":{"line":292,"type":"binary-expr","locations":[{"start":{"line":292,"column":12},"end":{"line":292,"column":50},"skip":true},{"start":{"line":293,"column":12},"end":{"line":293,"column":53},"skip":true}]},"23":{"line":297,"type":"binary-expr","locations":[{"start":{"line":297,"column":12},"end":{"line":297,"column":65},"skip":true},{"start":{"line":298,"column":12},"end":{"line":301,"column":36},"skip":true}]},"24":{"line":303,"type":"binary-expr","locations":[{"start":{"line":303,"column":43},"end":{"line":303,"column":75},"skip":true},{"start":{"line":303,"column":79},"end":{"line":303,"column":81},"skip":true}]},"25":{"line":306,"type":"if","locations":[{"start":{"line":306,"column":8},"end":{"line":306,"column":8},"skip":true},{"start":{"line":306,"column":8},"end":{"line":306,"column":8},"skip":true}]},"26":{"line":310,"type":"if","locations":[{"start":{"line":310,"column":8},"end":{"line":310,"column":8},"skip":true},{"start":{"line":310,"column":8},"end":{"line":310,"column":8},"skip":true}]},"27":{"line":313,"type":"binary-expr","locations":[{"start":{"line":313,"column":27},"end":{"line":313,"column":43},"skip":true},{"start":{"line":313,"column":47},"end":{"line":313,"column":53},"skip":true}]},"28":{"line":317,"type":"if","locations":[{"start":{"line":317,"column":12},"end":{"line":317,"column":12},"skip":true},{"start":{"line":317,"column":12},"end":{"line":317,"column":12},"skip":true}]}},"code":["/*","example.js","","quickstart example","","instruction","    1. save this script as example.js","    2. run the shell command:","        $ npm install npmtest-fuse.js && PORT=8081 node example.js","    3. play with the browser-demo on http://127.0.0.1:8081","*/","","","","/* istanbul instrument in package npmtest_fuse_js */","/*jslint","    bitwise: true,","    browser: true,","    maxerr: 8,","    maxlen: 96,","    node: true,","    nomen: true,","    regexp: true,","    stupid: true","*/","(function () {","    'use strict';","    var local;","","","","    // run shared js-env code - pre-init","    (function () {","        // init local","        local = {};","        // init modeJs","        local.modeJs = (function () {","            try {","                return typeof navigator.userAgent === 'string' &&","                    typeof document.querySelector('body') === 'object' &&","                    typeof XMLHttpRequest.prototype.open === 'function' &&","                    'browser';","            } catch (errorCaughtBrowser) {","                return module.exports &&","                    typeof process.versions.node === 'string' &&","                    typeof require('http').createServer === 'function' &&","                    'node';","            }","        }());","        // init global","        local.global = local.modeJs === 'browser'","            ? window","            : global;","        // init utility2_rollup","        local = local.global.utility2_rollup || (local.modeJs === 'browser'","            ? local.global.utility2_npmtest_fuse_js","            : global.utility2_moduleExports);","        // export local","        local.global.local = local;","    }());","    switch (local.modeJs) {","","","","    // post-init","    // run browser js-env code - post-init","    /* istanbul ignore next */","    case 'browser':","        local.testRunBrowser = function (event) {","            if (!event || (event &&","                    event.currentTarget &&","                    event.currentTarget.className &&","                    event.currentTarget.className.includes &&","                    event.currentTarget.className.includes('onreset'))) {","                // reset output","                Array.from(","                    document.querySelectorAll('body > .resettable')","                ).forEach(function (element) {","                    switch (element.tagName) {","                    case 'INPUT':","                    case 'TEXTAREA':","                        element.value = '';","                        break;","                    default:","                        element.textContent = '';","                    }","                });","            }","            switch (event && event.currentTarget && event.currentTarget.id) {","            case 'testRunButton1':","                // show tests","                if (document.querySelector('#testReportDiv1').style.display === 'none') {","                    document.querySelector('#testReportDiv1').style.display = 'block';","                    document.querySelector('#testRunButton1').textContent =","                        'hide internal test';","                    local.modeTest = true;","                    local.testRunDefault(local);","                // hide tests","                } else {","                    document.querySelector('#testReportDiv1').style.display = 'none';","                    document.querySelector('#testRunButton1').textContent = 'run internal test';","                }","                break;","            // custom-case","            default:","                break;","            }","            if (document.querySelector('#inputTextareaEval1') && (!event || (event &&","                    event.currentTarget &&","                    event.currentTarget.className &&","                    event.currentTarget.className.includes &&","                    event.currentTarget.className.includes('oneval')))) {","                // try to eval input-code","                try {","                    /*jslint evil: true*/","                    eval(document.querySelector('#inputTextareaEval1').value);","                } catch (errorCaught) {","                    console.error(errorCaught);","                }","            }","        };","        // log stderr and stdout to #outputTextareaStdout1","        ['error', 'log'].forEach(function (key) {","            console[key + '_original'] = console[key];","            console[key] = function () {","                var element;","                console[key + '_original'].apply(console, arguments);","                element = document.querySelector('#outputTextareaStdout1');","                if (!element) {","                    return;","                }","                // append text to #outputTextareaStdout1","                element.value += Array.from(arguments).map(function (arg) {","                    return typeof arg === 'string'","                        ? arg","                        : JSON.stringify(arg, null, 4);","                }).join(' ') + '\\n';","                // scroll textarea to bottom","                element.scrollTop = element.scrollHeight;","            };","        });","        // init event-handling","        ['change', 'click', 'keyup'].forEach(function (event) {","            Array.from(document.querySelectorAll('.on' + event)).forEach(function (element) {","                element.addEventListener(event, local.testRunBrowser);","            });","        });","        // run tests","        local.testRunBrowser();","        break;","","","","    // run node js-env code - post-init","    /* istanbul ignore next */","    case 'node':","        // export local","        module.exports = local;","        // require modules","        local.fs = require('fs');","        local.http = require('http');","        local.url = require('url');","        // init assets","        local.assetsDict = local.assetsDict || {};","        /* jslint-ignore-begin */","        local.assetsDict['/assets.index.template.html'] = '\\","<!doctype html>\\n\\","<html lang=\"en\">\\n\\","<head>\\n\\","<meta charset=\"UTF-8\">\\n\\","<meta name=\"viewport\" content=\"width=device-width, initial-scale=1\">\\n\\","<title>{{env.npm_package_name}} (v{{env.npm_package_version}})</title>\\n\\","<style>\\n\\","/*csslint\\n\\","    box-sizing: false,\\n\\","    universal-selector: false\\n\\","*/\\n\\","* {\\n\\","    box-sizing: border-box;\\n\\","}\\n\\","body {\\n\\","    background: #dde;\\n\\","    font-family: Arial, Helvetica, sans-serif;\\n\\","    margin: 2rem;\\n\\","}\\n\\","body > * {\\n\\","    margin-bottom: 1rem;\\n\\","}\\n\\",".utility2FooterDiv {\\n\\","    margin-top: 20px;\\n\\","    text-align: center;\\n\\","}\\n\\","</style>\\n\\","<style>\\n\\","/*csslint\\n\\","*/\\n\\","textarea {\\n\\","    font-family: monospace;\\n\\","    height: 10rem;\\n\\","    width: 100%;\\n\\","}\\n\\","textarea[readonly] {\\n\\","    background: #ddd;\\n\\","}\\n\\","</style>\\n\\","</head>\\n\\","<body>\\n\\","<!-- utility2-comment\\n\\","<div id=\"ajaxProgressDiv1\" style=\"background: #d00; height: 2px; left: 0; margin: 0; padding: 0; position: fixed; top: 0; transition: background 0.5s, width 1.5s; width: 25%;\"></div>\\n\\","utility2-comment -->\\n\\","<h1>\\n\\","<!-- utility2-comment\\n\\","    <a\\n\\","        {{#if env.npm_package_homepage}}\\n\\","        href=\"{{env.npm_package_homepage}}\"\\n\\","        {{/if env.npm_package_homepage}}\\n\\","        target=\"_blank\"\\n\\","    >\\n\\","utility2-comment -->\\n\\","        {{env.npm_package_name}} (v{{env.npm_package_version}})\\n\\","<!-- utility2-comment\\n\\","    </a>\\n\\","utility2-comment -->\\n\\","</h1>\\n\\","<h3>{{env.npm_package_description}}</h3>\\n\\","<!-- utility2-comment\\n\\","<h4><a download href=\"assets.app.js\">download standalone app</a></h4>\\n\\","<button class=\"onclick onreset\" id=\"testRunButton1\">run internal test</button><br>\\n\\","<div id=\"testReportDiv1\" style=\"display: none;\"></div>\\n\\","utility2-comment -->\\n\\","\\n\\","\\n\\","\\n\\","<label>stderr and stdout</label>\\n\\","<textarea class=\"resettable\" id=\"outputTextareaStdout1\" readonly></textarea>\\n\\","<!-- utility2-comment\\n\\","{{#if isRollup}}\\n\\","<script src=\"assets.app.js\"></script>\\n\\","{{#unless isRollup}}\\n\\","utility2-comment -->\\n\\","<script src=\"assets.utility2.rollup.js\"></script>\\n\\","<script src=\"jsonp.utility2._stateInit?callback=window.utility2._stateInit\"></script>\\n\\","<script src=\"assets.npmtest_fuse_js.rollup.js\"></script>\\n\\","<script src=\"assets.example.js\"></script>\\n\\","<script src=\"assets.test.js\"></script>\\n\\","<!-- utility2-comment\\n\\","{{/if isRollup}}\\n\\","utility2-comment -->\\n\\","<div class=\"utility2FooterDiv\">\\n\\","    [ this app was created with\\n\\","    <a href=\"https://github.com/kaizhu256/node-utility2\" target=\"_blank\">utility2</a>\\n\\","    ]\\n\\","</div>\\n\\","</body>\\n\\","</html>\\n\\","';","        /* jslint-ignore-end */","        if (local.templateRender) {","            local.assetsDict['/'] = local.templateRender(","                local.assetsDict['/assets.index.template.html'],","                {","                    env: local.objectSetDefault(local.env, {","                        npm_package_description: 'the greatest app in the world!',","                        npm_package_name: 'my-app',","                        npm_package_nameAlias: 'my_app',","                        npm_package_version: '0.0.1'","                    })","                }","            );","        } else {","            local.assetsDict['/'] = local.assetsDict['/assets.index.template.html']","                .replace((/\\{\\{env\\.(\\w+?)\\}\\}/g), function (match0, match1) {","                    // jslint-hack","                    String(match0);","                    switch (match1) {","                    case 'npm_package_description':","                        return 'the greatest app in the world!';","                    case 'npm_package_name':","                        return 'my-app';","                    case 'npm_package_nameAlias':","                        return 'my_app';","                    case 'npm_package_version':","                        return '0.0.1';","                    }","                });","        }","        // run the cli","        if (local.global.utility2_rollup || module !== require.main) {","            break;","        }","        local.assetsDict['/assets.example.js'] =","            local.assetsDict['/assets.example.js'] ||","            local.fs.readFileSync(__filename, 'utf8');","        // bug-workaround - long $npm_package_buildCustomOrg","        /* jslint-ignore-begin */","        local.assetsDict['/assets.npmtest_fuse_js.rollup.js'] =","            local.assetsDict['/assets.npmtest_fuse_js.rollup.js'] ||","            local.fs.readFileSync(","                local.npmtest_fuse_js.__dirname + '/lib.npmtest_fuse_js.js',","                'utf8'","            ).replace((/^#!/), '//');","        /* jslint-ignore-end */","        local.assetsDict['/favicon.ico'] = local.assetsDict['/favicon.ico'] || '';","        // if $npm_config_timeout_exit exists,","        // then exit this process after $npm_config_timeout_exit ms","        if (Number(process.env.npm_config_timeout_exit)) {","            setTimeout(process.exit, Number(process.env.npm_config_timeout_exit));","        }","        // start server","        if (local.global.utility2_serverHttp1) {","            break;","        }","        process.env.PORT = process.env.PORT || '8081';","        console.error('server starting on port ' + process.env.PORT);","        local.http.createServer(function (request, response) {","            request.urlParsed = local.url.parse(request.url);","            if (local.assetsDict[request.urlParsed.pathname] !== undefined) {","                response.end(local.assetsDict[request.urlParsed.pathname]);","                return;","            }","            response.statusCode = 404;","            response.end();","        }).listen(process.env.PORT);","        break;","    }","}());",""],"l":{"26":2,"28":2,"33":2,"35":2,"37":2,"38":2,"39":2,"44":1,"51":2,"55":2,"59":2,"61":2,"69":1,"70":2,"76":2,"79":2,"82":2,"83":2,"85":1,"89":2,"92":1,"93":1,"94":1,"96":1,"97":1,"100":1,"101":1,"103":1,"106":1,"108":2,"114":1,"116":1,"118":1,"123":1,"124":2,"125":2,"126":3,"127":3,"128":3,"129":3,"130":1,"133":3,"134":3,"139":3,"143":1,"144":3,"145":1,"149":1,"150":1,"158":1,"160":1,"161":1,"162":1,"164":1,"166":1,"258":1,"259":1,"271":1,"274":6,"275":6,"277":1,"279":2,"281":1,"283":2,"288":1,"289":1,"291":1,"296":1,"303":1,"306":1,"307":1,"310":1,"311":1,"313":1,"314":1,"315":1,"316":1,"317":1,"318":1,"319":1,"321":1,"322":1,"324":1}},"/home/travis/build/npmtest/node-npmtest-fuse.js/node_modules/fuse.js/src/fuse.js":{"path":"/home/travis/build/npmtest/node-npmtest-fuse.js/node_modules/fuse.js/src/fuse.js","s":{"1":1,"2":1,"3":0,"4":1,"5":0,"6":1,"7":0,"8":0,"9":0,"10":0,"11":0,"12":0,"13":0,"14":0,"15":0,"16":1,"17":1,"18":0,"19":0,"20":1,"21":0,"22":0,"23":0,"24":0,"25":0,"26":0,"27":0,"28":0,"29":0,"30":0,"31":0,"32":0,"33":1,"34":0,"35":0,"36":0,"37":0,"38":0,"39":0,"40":0,"41":0,"42":0,"43":0,"44":0,"45":1,"46":0,"47":0,"48":0,"49":0,"50":0,"51":0,"52":0,"53":0,"54":0,"55":0,"56":0,"57":0,"58":0,"59":0,"60":0,"61":0,"62":0,"63":0,"64":0,"65":0,"66":0,"67":0,"68":0,"69":0,"70":0,"71":0,"72":0,"73":1,"74":0,"75":0,"76":0,"77":0,"78":0,"79":0,"80":0,"81":0,"82":0,"83":0,"84":0,"85":0,"86":0,"87":0,"88":0,"89":0,"90":0,"91":0,"92":0,"93":0,"94":0,"95":0,"96":0,"97":0,"98":0,"99":0,"100":0,"101":0,"102":0,"103":0,"104":0,"105":0,"106":0,"107":0,"108":0,"109":0,"110":0,"111":0,"112":0,"113":0,"114":0,"115":0,"116":0,"117":0,"118":0,"119":0,"120":0,"121":0,"122":0,"123":0,"124":0,"125":0,"126":0,"127":0,"128":0,"129":0,"130":0,"131":0,"132":0,"133":0,"134":0,"135":0,"136":0,"137":0,"138":0,"139":0,"140":0,"141":0,"142":0,"143":0,"144":0,"145":0,"146":0,"147":0,"148":0,"149":0,"150":1,"151":0,"152":0,"153":0,"154":0,"155":0,"156":0,"157":0,"158":0,"159":0,"160":0,"161":0,"162":0,"163":0,"164":0,"165":0,"166":0,"167":0,"168":0,"169":0,"170":0,"171":0,"172":0,"173":0,"174":0,"175":0,"176":0,"177":0,"178":0,"179":0,"180":0,"181":0,"182":1,"183":0,"184":0,"185":0,"186":0,"187":0,"188":1,"189":0,"190":0,"191":0,"192":0,"193":0,"194":0,"195":0,"196":0,"197":0,"198":0,"199":0,"200":0,"201":0,"202":0,"203":0,"204":0,"205":0,"206":0,"207":0,"208":0,"209":0,"210":0,"211":0,"212":0,"213":0,"214":0,"215":0,"216":0,"217":0,"218":0,"219":0,"220":0,"221":0,"222":0,"223":0,"224":0,"225":0,"226":0,"227":0,"228":0,"229":0,"230":1,"231":0,"232":0,"233":0,"234":0,"235":0,"236":0,"237":0,"238":0,"239":0,"240":0,"241":0,"242":0,"243":0,"244":0,"245":0,"246":0,"247":0,"248":0,"249":0,"250":0,"251":0,"252":0,"253":0,"254":1,"255":0,"256":1,"257":0,"258":0,"259":0,"260":0,"261":0,"262":0,"263":0,"264":0,"265":0,"266":0,"267":0,"268":1,"269":1,"270":0,"271":0,"272":0,"273":0,"274":0,"275":0,"276":1,"277":0,"278":0,"279":0,"280":0,"281":1,"282":0,"283":0,"284":0,"285":0,"286":0,"287":0,"288":0,"289":0,"290":0,"291":0,"292":0,"293":0,"294":0,"295":0,"296":0,"297":0,"298":0,"299":0,"300":0,"301":0,"302":0,"303":0,"304":0,"305":0,"306":0,"307":0,"308":0,"309":0,"310":0,"311":0,"312":0,"313":0,"314":0,"315":0,"316":0,"317":0,"318":0,"319":0,"320":0,"321":0,"322":0,"323":0,"324":0,"325":0,"326":0,"327":0,"328":0,"329":0,"330":0,"331":0,"332":0,"333":0,"334":0,"335":0,"336":0,"337":0,"338":0,"339":0,"340":0,"341":0,"342":0,"343":0,"344":0,"345":0,"346":0,"347":0,"348":0,"349":0,"350":0,"351":0,"352":0,"353":0,"354":0,"355":0,"356":0,"357":0,"358":0,"359":0,"360":0,"361":0,"362":0,"363":0,"364":0,"365":0,"366":0,"367":0,"368":0,"369":0,"370":1,"371":0,"372":0,"373":0,"374":0,"375":0,"376":0,"377":0,"378":0,"379":0,"380":0,"381":0,"382":0,"383":0,"384":0,"385":0,"386":0,"387":0,"388":0,"389":0,"390":1,"391":1,"392":0,"393":0,"394":0,"395":0},"b":{"1":[0,0],"2":[0,0],"3":[0,0],"4":[0,0],"5":[0,0],"6":[0,0],"7":[0,0],"8":[0,0],"9":[0,0],"10":[0,0],"11":[0,0],"12":[0,0],"13":[0,0],"14":[0,0],"15":[0,0],"16":[0,0],"17":[0,0],"18":[0,0],"19":[0,0],"20":[0,0],"21":[0,0],"22":[0,0],"23":[0,0],"24":[0,0],"25":[0,0],"26":[0,0],"27":[0,0],"28":[0,0],"29":[0,0],"30":[0,0],"31":[0,0,0],"32":[0,0],"33":[0,0],"34":[0,0],"35":[0,0],"36":[0,0],"37":[0,0],"38":[0,0],"39":[0,0],"40":[0,0],"41":[0,0],"42":[0,0],"43":[0,0],"44":[0,0],"45":[0,0],"46":[0,0],"47":[0,0],"48":[0,0],"49":[0,0],"50":[0,0],"51":[0,0],"52":[0,0,0],"53":[0,0],"54":[0,0],"55":[0,0],"56":[0,0],"57":[0,0],"58":[0,0],"59":[0,0],"60":[0,0],"61":[0,0],"62":[0,0],"63":[0,0],"64":[0,0],"65":[0,0],"66":[0,0],"67":[0,0],"68":[0,0],"69":[0,0],"70":[0,0],"71":[0,0],"72":[0,0],"73":[0,0],"74":[0,0],"75":[0,0],"76":[0,0],"77":[0,0],"78":[0,0],"79":[0,0],"80":[0,0],"81":[0,0],"82":[0,0],"83":[0,0],"84":[0,0],"85":[0,0],"86":[0,0],"87":[1,0],"88":[0,0],"89":[0,0]},"f":{"1":1,"2":0,"3":0,"4":0,"5":0,"6":0,"7":0,"8":0,"9":0,"10":0,"11":0,"12":0,"13":0,"14":0,"15":0,"16":0,"17":0,"18":0,"19":0,"20":0,"21":0,"22":0,"23":0},"fnMap":{"1":{"name":"(anonymous_1)","line":20,"loc":{"start":{"line":20,"column":2},"end":{"line":20,"column":20}}},"2":{"name":"log","line":24,"loc":{"start":{"line":24,"column":2},"end":{"line":24,"column":18}}},"3":{"name":"(anonymous_3)","line":60,"loc":{"start":{"line":60,"column":12},"end":{"line":60,"column":28}}},"4":{"name":"Fuse","line":99,"loc":{"start":{"line":99,"column":2},"end":{"line":99,"column":32}}},"5":{"name":"(anonymous_5)","line":127,"loc":{"start":{"line":127,"column":23},"end":{"line":127,"column":39}}},"6":{"name":"(anonymous_6)","line":132,"loc":{"start":{"line":132,"column":26},"end":{"line":132,"column":45}}},"7":{"name":"(anonymous_7)","line":149,"loc":{"start":{"line":149,"column":37},"end":{"line":149,"column":49}}},"8":{"name":"(anonymous_8)","line":166,"loc":{"start":{"line":166,"column":32},"end":{"line":166,"column":44}}},"9":{"name":"(anonymous_9)","line":216,"loc":{"start":{"line":216,"column":28},"end":{"line":216,"column":64}}},"10":{"name":"(anonymous_10)","line":341,"loc":{"start":{"line":341,"column":33},"end":{"line":341,"column":45}}},"11":{"name":"(anonymous_11)","line":387,"loc":{"start":{"line":387,"column":25},"end":{"line":387,"column":37}}},"12":{"name":"(anonymous_12)","line":395,"loc":{"start":{"line":395,"column":27},"end":{"line":395,"column":39}}},"13":{"name":"(anonymous_13)","line":411,"loc":{"start":{"line":411,"column":32},"end":{"line":411,"column":49}}},"14":{"name":"(anonymous_14)","line":413,"loc":{"start":{"line":413,"column":8},"end":{"line":413,"column":20}}},"15":{"name":"(anonymous_15)","line":415,"loc":{"start":{"line":415,"column":21},"end":{"line":415,"column":38}}},"16":{"name":"deepValue","line":468,"loc":{"start":{"line":468,"column":2},"end":{"line":468,"column":39}}},"17":{"name":"isArray","line":508,"loc":{"start":{"line":508,"column":2},"end":{"line":508,"column":25}}},"18":{"name":"BitapSearcher","line":530,"loc":{"start":{"line":530,"column":2},"end":{"line":530,"column":44}}},"19":{"name":"(anonymous_19)","line":571,"loc":{"start":{"line":571,"column":54},"end":{"line":571,"column":66}}},"20":{"name":"(anonymous_20)","line":593,"loc":{"start":{"line":593,"column":40},"end":{"line":593,"column":68}}},"21":{"name":"(anonymous_21)","line":612,"loc":{"start":{"line":612,"column":35},"end":{"line":612,"column":51}}},"22":{"name":"(anonymous_22)","line":782,"loc":{"start":{"line":782,"column":47},"end":{"line":782,"column":68}}},"23":{"name":"(anonymous_23)","line":817,"loc":{"start":{"line":817,"column":11},"end":{"line":817,"column":23}}}},"statementMap":{"1":{"start":{"line":20,"column":1},"end":{"line":825,"column":9}},"2":{"start":{"line":24,"column":2},"end":{"line":26,"column":3}},"3":{"start":{"line":25,"column":4},"end":{"line":25,"column":41}},"4":{"start":{"line":28,"column":2},"end":{"line":92,"column":3}},"5":{"start":{"line":61,"column":6},"end":{"line":61,"column":30}},"6":{"start":{"line":99,"column":2},"end":{"line":117,"column":3}},"7":{"start":{"line":100,"column":4},"end":{"line":100,"column":11}},"8":{"start":{"line":102,"column":4},"end":{"line":102,"column":20}},"9":{"start":{"line":103,"column":4},"end":{"line":103,"column":42}},"10":{"start":{"line":105,"column":4},"end":{"line":116,"column":5}},"11":{"start":{"line":106,"column":6},"end":{"line":108,"column":7}},"12":{"start":{"line":107,"column":8},"end":{"line":107,"column":17}},"13":{"start":{"line":110,"column":6},"end":{"line":115,"column":7}},"14":{"start":{"line":111,"column":8},"end":{"line":111,"column":80}},"15":{"start":{"line":114,"column":8},"end":{"line":114,"column":63}},"16":{"start":{"line":119,"column":2},"end":{"line":119,"column":24}},"17":{"start":{"line":127,"column":2},"end":{"line":130,"column":3}},"18":{"start":{"line":128,"column":4},"end":{"line":128,"column":20}},"19":{"start":{"line":129,"column":4},"end":{"line":129,"column":15}},"20":{"start":{"line":132,"column":2},"end":{"line":147,"column":3}},"21":{"start":{"line":133,"column":4},"end":{"line":133,"column":66}},"22":{"start":{"line":133,"column":30},"end":{"line":133,"column":66}},"23":{"start":{"line":135,"column":4},"end":{"line":135,"column":26}},"24":{"start":{"line":136,"column":4},"end":{"line":136,"column":21}},"25":{"start":{"line":137,"column":4},"end":{"line":137,"column":23}},"26":{"start":{"line":138,"column":4},"end":{"line":138,"column":23}},"27":{"start":{"line":140,"column":4},"end":{"line":140,"column":28}},"28":{"start":{"line":141,"column":4},"end":{"line":141,"column":23}},"29":{"start":{"line":142,"column":4},"end":{"line":142,"column":24}},"30":{"start":{"line":143,"column":4},"end":{"line":143,"column":16}},"31":{"start":{"line":145,"column":4},"end":{"line":145,"column":31}},"32":{"start":{"line":146,"column":4},"end":{"line":146,"column":17}},"33":{"start":{"line":149,"column":2},"end":{"line":164,"column":3}},"34":{"start":{"line":150,"column":4},"end":{"line":150,"column":30}},"35":{"start":{"line":151,"column":4},"end":{"line":151,"column":30}},"36":{"start":{"line":152,"column":4},"end":{"line":152,"column":35}},"37":{"start":{"line":153,"column":4},"end":{"line":153,"column":54}},"38":{"start":{"line":154,"column":4},"end":{"line":154,"column":13}},"39":{"start":{"line":155,"column":4},"end":{"line":155,"column":27}},"40":{"start":{"line":157,"column":4},"end":{"line":162,"column":5}},"41":{"start":{"line":158,"column":6},"end":{"line":158,"column":30}},"42":{"start":{"line":159,"column":6},"end":{"line":161,"column":7}},"43":{"start":{"line":160,"column":8},"end":{"line":160,"column":66}},"44":{"start":{"line":163,"column":4},"end":{"line":163,"column":53}},"45":{"start":{"line":166,"column":2},"end":{"line":214,"column":3}},"46":{"start":{"line":167,"column":4},"end":{"line":167,"column":30}},"47":{"start":{"line":168,"column":4},"end":{"line":168,"column":29}},"48":{"start":{"line":169,"column":4},"end":{"line":169,"column":24}},"49":{"start":{"line":170,"column":4},"end":{"line":170,"column":29}},"50":{"start":{"line":171,"column":4},"end":{"line":171,"column":32}},"51":{"start":{"line":172,"column":4},"end":{"line":172,"column":29}},"52":{"start":{"line":173,"column":4},"end":{"line":173,"column":11}},"53":{"start":{"line":174,"column":4},"end":{"line":174,"column":14}},"54":{"start":{"line":175,"column":4},"end":{"line":175,"column":19}},"55":{"start":{"line":176,"column":4},"end":{"line":176,"column":9}},"56":{"start":{"line":177,"column":4},"end":{"line":177,"column":9}},"57":{"start":{"line":181,"column":4},"end":{"line":213,"column":5}},"58":{"start":{"line":183,"column":6},"end":{"line":185,"column":7}},"59":{"start":{"line":184,"column":8},"end":{"line":184,"column":40}},"60":{"start":{"line":187,"column":6},"end":{"line":187,"column":23}},"61":{"start":{"line":191,"column":6},"end":{"line":212,"column":7}},"62":{"start":{"line":192,"column":8},"end":{"line":192,"column":22}},"63":{"start":{"line":194,"column":8},"end":{"line":211,"column":9}},"64":{"start":{"line":195,"column":10},"end":{"line":195,"column":23}},"65":{"start":{"line":196,"column":10},"end":{"line":209,"column":11}},"66":{"start":{"line":197,"column":12},"end":{"line":197,"column":42}},"67":{"start":{"line":198,"column":12},"end":{"line":200,"column":13}},"68":{"start":{"line":201,"column":12},"end":{"line":203,"column":13}},"69":{"start":{"line":202,"column":14},"end":{"line":202,"column":66}},"70":{"start":{"line":204,"column":12},"end":{"line":204,"column":26}},"71":{"start":{"line":206,"column":12},"end":{"line":208,"column":13}},"72":{"start":{"line":210,"column":10},"end":{"line":210,"column":59}},"73":{"start":{"line":216,"column":2},"end":{"line":339,"column":3}},"74":{"start":{"line":217,"column":4},"end":{"line":217,"column":30}},"75":{"start":{"line":218,"column":4},"end":{"line":218,"column":13}},"76":{"start":{"line":219,"column":4},"end":{"line":219,"column":14}},"77":{"start":{"line":220,"column":4},"end":{"line":220,"column":22}},"78":{"start":{"line":221,"column":4},"end":{"line":221,"column":22}},"79":{"start":{"line":222,"column":4},"end":{"line":222,"column":20}},"80":{"start":{"line":223,"column":4},"end":{"line":223,"column":18}},"81":{"start":{"line":224,"column":4},"end":{"line":224,"column":17}},"82":{"start":{"line":225,"column":4},"end":{"line":225,"column":24}},"83":{"start":{"line":226,"column":4},"end":{"line":226,"column":21}},"84":{"start":{"line":227,"column":4},"end":{"line":227,"column":18}},"85":{"start":{"line":228,"column":4},"end":{"line":228,"column":12}},"86":{"start":{"line":229,"column":4},"end":{"line":229,"column":25}},"87":{"start":{"line":230,"column":4},"end":{"line":230,"column":22}},"88":{"start":{"line":231,"column":4},"end":{"line":231,"column":24}},"89":{"start":{"line":232,"column":4},"end":{"line":232,"column":9}},"90":{"start":{"line":233,"column":4},"end":{"line":233,"column":9}},"91":{"start":{"line":236,"column":4},"end":{"line":238,"column":5}},"92":{"start":{"line":237,"column":6},"end":{"line":237,"column":12}},"93":{"start":{"line":240,"column":4},"end":{"line":240,"column":15}},"94":{"start":{"line":242,"column":4},"end":{"line":242,"column":26}},"95":{"start":{"line":244,"column":4},"end":{"line":338,"column":5}},"96":{"start":{"line":245,"column":6},"end":{"line":245,"column":48}},"97":{"start":{"line":247,"column":6},"end":{"line":247,"column":54}},"98":{"start":{"line":247,"column":27},"end":{"line":247,"column":54}},"99":{"start":{"line":249,"column":6},"end":{"line":291,"column":7}},"100":{"start":{"line":250,"column":8},"end":{"line":281,"column":9}},"101":{"start":{"line":251,"column":10},"end":{"line":251,"column":48}},"102":{"start":{"line":253,"column":10},"end":{"line":253,"column":69}},"103":{"start":{"line":253,"column":31},"end":{"line":253,"column":69}},"104":{"start":{"line":255,"column":10},"end":{"line":255,"column":25}},"105":{"start":{"line":256,"column":10},"end":{"line":256,"column":32}},"106":{"start":{"line":258,"column":10},"end":{"line":274,"column":11}},"107":{"start":{"line":259,"column":12},"end":{"line":259,"column":27}},"108":{"start":{"line":260,"column":12},"end":{"line":260,"column":58}},"109":{"start":{"line":261,"column":12},"end":{"line":261,"column":24}},"110":{"start":{"line":262,"column":12},"end":{"line":272,"column":13}},"111":{"start":{"line":263,"column":14},"end":{"line":263,"column":49}},"112":{"start":{"line":264,"column":14},"end":{"line":264,"column":27}},"113":{"start":{"line":265,"column":14},"end":{"line":265,"column":35}},"114":{"start":{"line":266,"column":14},"end":{"line":266,"column":50}},"115":{"start":{"line":268,"column":14},"end":{"line":268,"column":27}},"116":{"start":{"line":269,"column":14},"end":{"line":271,"column":15}},"117":{"start":{"line":270,"column":16},"end":{"line":270,"column":30}},"118":{"start":{"line":273,"column":12},"end":{"line":273,"column":32}},"119":{"start":{"line":276,"column":10},"end":{"line":278,"column":11}},"120":{"start":{"line":277,"column":12},"end":{"line":277,"column":28}},"121":{"start":{"line":280,"column":10},"end":{"line":280,"column":63}},"122":{"start":{"line":280,"column":31},"end":{"line":280,"column":63}},"123":{"start":{"line":283,"column":8},"end":{"line":283,"column":32}},"124":{"start":{"line":284,"column":8},"end":{"line":284,"column":33}},"125":{"start":{"line":285,"column":8},"end":{"line":287,"column":9}},"126":{"start":{"line":286,"column":10},"end":{"line":286,"column":35}},"127":{"start":{"line":288,"column":8},"end":{"line":288,"column":47}},"128":{"start":{"line":290,"column":8},"end":{"line":290,"column":70}},"129":{"start":{"line":290,"column":29},"end":{"line":290,"column":70}},"130":{"start":{"line":293,"column":6},"end":{"line":293,"column":54}},"131":{"start":{"line":294,"column":6},"end":{"line":294,"column":74}},"132":{"start":{"line":294,"column":27},"end":{"line":294,"column":74}},"133":{"start":{"line":296,"column":6},"end":{"line":296,"column":41}},"134":{"start":{"line":297,"column":6},"end":{"line":299,"column":7}},"135":{"start":{"line":298,"column":8},"end":{"line":298,"column":52}},"136":{"start":{"line":301,"column":6},"end":{"line":301,"column":60}},"137":{"start":{"line":301,"column":27},"end":{"line":301,"column":60}},"138":{"start":{"line":303,"column":6},"end":{"line":303,"column":133}},"139":{"start":{"line":305,"column":6},"end":{"line":305,"column":65}},"140":{"start":{"line":305,"column":27},"end":{"line":305,"column":65}},"141":{"start":{"line":308,"column":6},"end":{"line":333,"column":7}},"142":{"start":{"line":310,"column":8},"end":{"line":310,"column":46}},"143":{"start":{"line":312,"column":8},"end":{"line":332,"column":9}},"144":{"start":{"line":315,"column":10},"end":{"line":319,"column":12}},"145":{"start":{"line":322,"column":10},"end":{"line":329,"column":11}},"146":{"start":{"line":331,"column":10},"end":{"line":331,"column":50}},"147":{"start":{"line":334,"column":11},"end":{"line":338,"column":5}},"148":{"start":{"line":335,"column":6},"end":{"line":337,"column":7}},"149":{"start":{"line":336,"column":8},"end":{"line":336,"column":50}},"150":{"start":{"line":341,"column":2},"end":{"line":385,"column":3}},"151":{"start":{"line":342,"column":4},"end":{"line":342,"column":9}},"152":{"start":{"line":343,"column":4},"end":{"line":343,"column":9}},"153":{"start":{"line":344,"column":4},"end":{"line":344,"column":29}},"154":{"start":{"line":345,"column":4},"end":{"line":345,"column":18}},"155":{"start":{"line":346,"column":4},"end":{"line":346,"column":14}},"156":{"start":{"line":347,"column":4},"end":{"line":347,"column":16}},"157":{"start":{"line":348,"column":4},"end":{"line":348,"column":13}},"158":{"start":{"line":349,"column":4},"end":{"line":349,"column":14}},"159":{"start":{"line":350,"column":4},"end":{"line":350,"column":30}},"160":{"start":{"line":351,"column":4},"end":{"line":351,"column":17}},"161":{"start":{"line":352,"column":4},"end":{"line":352,"column":14}},"162":{"start":{"line":354,"column":4},"end":{"line":354,"column":59}},"163":{"start":{"line":354,"column":30},"end":{"line":354,"column":59}},"164":{"start":{"line":356,"column":4},"end":{"line":384,"column":5}},"165":{"start":{"line":357,"column":6},"end":{"line":357,"column":20}},"166":{"start":{"line":358,"column":6},"end":{"line":358,"column":32}},"167":{"start":{"line":359,"column":6},"end":{"line":359,"column":30}},"168":{"start":{"line":361,"column":6},"end":{"line":361,"column":19}},"169":{"start":{"line":363,"column":6},"end":{"line":375,"column":7}},"170":{"start":{"line":364,"column":8},"end":{"line":364,"column":31}},"171":{"start":{"line":365,"column":8},"end":{"line":365,"column":58}},"172":{"start":{"line":367,"column":8},"end":{"line":367,"column":31}},"173":{"start":{"line":369,"column":8},"end":{"line":374,"column":9}},"174":{"start":{"line":370,"column":10},"end":{"line":370,"column":49}},"175":{"start":{"line":372,"column":10},"end":{"line":372,"column":30}},"176":{"start":{"line":373,"column":10},"end":{"line":373,"column":35}},"177":{"start":{"line":377,"column":6},"end":{"line":381,"column":7}},"178":{"start":{"line":378,"column":8},"end":{"line":378,"column":48}},"179":{"start":{"line":380,"column":8},"end":{"line":380,"column":36}},"180":{"start":{"line":383,"column":6},"end":{"line":383,"column":47}},"181":{"start":{"line":383,"column":32},"end":{"line":383,"column":47}},"182":{"start":{"line":387,"column":2},"end":{"line":393,"column":3}},"183":{"start":{"line":388,"column":4},"end":{"line":388,"column":30}},"184":{"start":{"line":389,"column":4},"end":{"line":392,"column":5}},"185":{"start":{"line":390,"column":6},"end":{"line":390,"column":49}},"186":{"start":{"line":390,"column":27},"end":{"line":390,"column":49}},"187":{"start":{"line":391,"column":6},"end":{"line":391,"column":39}},"188":{"start":{"line":395,"column":2},"end":{"line":464,"column":3}},"189":{"start":{"line":396,"column":4},"end":{"line":396,"column":30}},"190":{"start":{"line":397,"column":4},"end":{"line":397,"column":29}},"191":{"start":{"line":398,"column":4},"end":{"line":398,"column":24}},"192":{"start":{"line":399,"column":4},"end":{"line":399,"column":12}},"193":{"start":{"line":400,"column":4},"end":{"line":400,"column":9}},"194":{"start":{"line":401,"column":4},"end":{"line":401,"column":11}},"195":{"start":{"line":402,"column":4},"end":{"line":402,"column":30}},"196":{"start":{"line":403,"column":4},"end":{"line":403,"column":20}},"197":{"start":{"line":404,"column":4},"end":{"line":404,"column":22}},"198":{"start":{"line":405,"column":4},"end":{"line":405,"column":33}},"199":{"start":{"line":407,"column":4},"end":{"line":407,"column":56}},"200":{"start":{"line":407,"column":25},"end":{"line":407,"column":56}},"201":{"start":{"line":411,"column":4},"end":{"line":413,"column":22}},"202":{"start":{"line":412,"column":6},"end":{"line":412,"column":73}},"203":{"start":{"line":415,"column":4},"end":{"line":452,"column":5}},"204":{"start":{"line":416,"column":6},"end":{"line":416,"column":33}},"205":{"start":{"line":417,"column":6},"end":{"line":417,"column":14}},"206":{"start":{"line":418,"column":6},"end":{"line":418,"column":11}},"207":{"start":{"line":419,"column":6},"end":{"line":419,"column":16}},"208":{"start":{"line":420,"column":6},"end":{"line":420,"column":15}},"209":{"start":{"line":421,"column":6},"end":{"line":421,"column":17}},"210":{"start":{"line":424,"column":6},"end":{"line":449,"column":7}},"211":{"start":{"line":425,"column":8},"end":{"line":427,"column":9}},"212":{"start":{"line":428,"column":8},"end":{"line":441,"column":9}},"213":{"start":{"line":429,"column":10},"end":{"line":429,"column":32}},"214":{"start":{"line":430,"column":10},"end":{"line":430,"column":27}},"215":{"start":{"line":431,"column":10},"end":{"line":440,"column":11}},"216":{"start":{"line":432,"column":12},"end":{"line":432,"column":29}},"217":{"start":{"line":433,"column":12},"end":{"line":435,"column":13}},"218":{"start":{"line":436,"column":12},"end":{"line":438,"column":13}},"219":{"start":{"line":437,"column":14},"end":{"line":437,"column":37}},"220":{"start":{"line":439,"column":12},"end":{"line":439,"column":38}},"221":{"start":{"line":443,"column":8},"end":{"line":445,"column":9}},"222":{"start":{"line":444,"column":10},"end":{"line":444,"column":43}},"223":{"start":{"line":448,"column":8},"end":{"line":448,"column":26}},"224":{"start":{"line":451,"column":6},"end":{"line":451,"column":17}},"225":{"start":{"line":457,"column":4},"end":{"line":461,"column":5}},"226":{"start":{"line":458,"column":6},"end":{"line":458,"column":21}},"227":{"start":{"line":459,"column":6},"end":{"line":459,"column":30}},"228":{"start":{"line":460,"column":6},"end":{"line":460,"column":28}},"229":{"start":{"line":463,"column":4},"end":{"line":463,"column":22}},"230":{"start":{"line":468,"column":2},"end":{"line":506,"column":3}},"231":{"start":{"line":469,"column":4},"end":{"line":469,"column":20}},"232":{"start":{"line":470,"column":4},"end":{"line":470,"column":17}},"233":{"start":{"line":471,"column":4},"end":{"line":471,"column":16}},"234":{"start":{"line":472,"column":4},"end":{"line":472,"column":13}},"235":{"start":{"line":473,"column":4},"end":{"line":473,"column":9}},"236":{"start":{"line":474,"column":4},"end":{"line":474,"column":11}},"237":{"start":{"line":476,"column":4},"end":{"line":503,"column":5}},"238":{"start":{"line":478,"column":6},"end":{"line":478,"column":20}},"239":{"start":{"line":480,"column":6},"end":{"line":480,"column":34}},"240":{"start":{"line":482,"column":6},"end":{"line":487,"column":7}},"241":{"start":{"line":483,"column":8},"end":{"line":483,"column":46}},"242":{"start":{"line":484,"column":8},"end":{"line":484,"column":44}},"243":{"start":{"line":486,"column":8},"end":{"line":486,"column":27}},"244":{"start":{"line":489,"column":6},"end":{"line":489,"column":31}},"245":{"start":{"line":490,"column":6},"end":{"line":502,"column":7}},"246":{"start":{"line":491,"column":8},"end":{"line":501,"column":9}},"247":{"start":{"line":492,"column":10},"end":{"line":492,"column":26}},"248":{"start":{"line":493,"column":15},"end":{"line":501,"column":9}},"249":{"start":{"line":495,"column":10},"end":{"line":497,"column":11}},"250":{"start":{"line":496,"column":12},"end":{"line":496,"column":48}},"251":{"start":{"line":498,"column":15},"end":{"line":501,"column":9}},"252":{"start":{"line":500,"column":10},"end":{"line":500,"column":43}},"253":{"start":{"line":505,"column":4},"end":{"line":505,"column":15}},"254":{"start":{"line":508,"column":2},"end":{"line":510,"column":3}},"255":{"start":{"line":509,"column":4},"end":{"line":509,"column":67}},"256":{"start":{"line":530,"column":2},"end":{"line":545,"column":3}},"257":{"start":{"line":531,"column":4},"end":{"line":531,"column":27}},"258":{"start":{"line":532,"column":4},"end":{"line":532,"column":26}},"259":{"start":{"line":533,"column":4},"end":{"line":533,"column":85}},"260":{"start":{"line":534,"column":4},"end":{"line":534,"column":108}},"261":{"start":{"line":535,"column":4},"end":{"line":535,"column":112}},"262":{"start":{"line":536,"column":4},"end":{"line":536,"column":109}},"263":{"start":{"line":538,"column":4},"end":{"line":538,"column":74}},"264":{"start":{"line":539,"column":4},"end":{"line":539,"column":36}},"265":{"start":{"line":541,"column":4},"end":{"line":544,"column":5}},"266":{"start":{"line":542,"column":6},"end":{"line":542,"column":49}},"267":{"start":{"line":543,"column":6},"end":{"line":543,"column":61}},"268":{"start":{"line":547,"column":2},"end":{"line":564,"column":3}},"269":{"start":{"line":571,"column":2},"end":{"line":584,"column":3}},"270":{"start":{"line":572,"column":4},"end":{"line":573,"column":11}},"271":{"start":{"line":575,"column":4},"end":{"line":577,"column":5}},"272":{"start":{"line":576,"column":6},"end":{"line":576,"column":38}},"273":{"start":{"line":579,"column":4},"end":{"line":581,"column":5}},"274":{"start":{"line":580,"column":6},"end":{"line":580,"column":72}},"275":{"start":{"line":583,"column":4},"end":{"line":583,"column":15}},"276":{"start":{"line":593,"column":2},"end":{"line":602,"column":3}},"277":{"start":{"line":594,"column":4},"end":{"line":595,"column":60}},"278":{"start":{"line":597,"column":4},"end":{"line":600,"column":5}},"279":{"start":{"line":599,"column":6},"end":{"line":599,"column":39}},"280":{"start":{"line":601,"column":4},"end":{"line":601,"column":57}},"281":{"start":{"line":612,"column":2},"end":{"line":780,"column":3}},"282":{"start":{"line":613,"column":4},"end":{"line":613,"column":30}},"283":{"start":{"line":614,"column":4},"end":{"line":614,"column":9}},"284":{"start":{"line":615,"column":4},"end":{"line":615,"column":9}},"285":{"start":{"line":616,"column":4},"end":{"line":616,"column":15}},"286":{"start":{"line":617,"column":4},"end":{"line":617,"column":22}},"287":{"start":{"line":618,"column":4},"end":{"line":618,"column":16}},"288":{"start":{"line":619,"column":4},"end":{"line":619,"column":17}},"289":{"start":{"line":620,"column":4},"end":{"line":620,"column":15}},"290":{"start":{"line":621,"column":4},"end":{"line":621,"column":14}},"291":{"start":{"line":622,"column":4},"end":{"line":622,"column":14}},"292":{"start":{"line":623,"column":4},"end":{"line":623,"column":14}},"293":{"start":{"line":624,"column":4},"end":{"line":624,"column":21}},"294":{"start":{"line":625,"column":4},"end":{"line":625,"column":14}},"295":{"start":{"line":626,"column":4},"end":{"line":626,"column":18}},"296":{"start":{"line":627,"column":4},"end":{"line":627,"column":17}},"297":{"start":{"line":628,"column":4},"end":{"line":628,"column":13}},"298":{"start":{"line":629,"column":4},"end":{"line":629,"column":17}},"299":{"start":{"line":630,"column":4},"end":{"line":630,"column":15}},"300":{"start":{"line":631,"column":4},"end":{"line":631,"column":17}},"301":{"start":{"line":632,"column":4},"end":{"line":632,"column":17}},"302":{"start":{"line":633,"column":4},"end":{"line":633,"column":22}},"303":{"start":{"line":634,"column":4},"end":{"line":634,"column":18}},"304":{"start":{"line":635,"column":4},"end":{"line":635,"column":13}},"305":{"start":{"line":637,"column":4},"end":{"line":637,"column":60}},"306":{"start":{"line":639,"column":4},"end":{"line":646,"column":5}},"307":{"start":{"line":641,"column":6},"end":{"line":645,"column":7}},"308":{"start":{"line":649,"column":4},"end":{"line":667,"column":5}},"309":{"start":{"line":650,"column":6},"end":{"line":650,"column":89}},"310":{"start":{"line":651,"column":6},"end":{"line":651,"column":27}},"311":{"start":{"line":653,"column":6},"end":{"line":659,"column":7}},"312":{"start":{"line":654,"column":8},"end":{"line":654,"column":27}},"313":{"start":{"line":655,"column":8},"end":{"line":658,"column":9}},"314":{"start":{"line":656,"column":10},"end":{"line":656,"column":28}},"315":{"start":{"line":657,"column":10},"end":{"line":657,"column":70}},"316":{"start":{"line":661,"column":6},"end":{"line":666,"column":7}},"317":{"start":{"line":669,"column":4},"end":{"line":669,"column":43}},"318":{"start":{"line":671,"column":4},"end":{"line":671,"column":31}},"319":{"start":{"line":673,"column":4},"end":{"line":673,"column":25}},"320":{"start":{"line":675,"column":4},"end":{"line":675,"column":33}},"321":{"start":{"line":677,"column":4},"end":{"line":677,"column":50}},"322":{"start":{"line":680,"column":4},"end":{"line":680,"column":18}},"323":{"start":{"line":681,"column":4},"end":{"line":683,"column":5}},"324":{"start":{"line":682,"column":6},"end":{"line":682,"column":22}},"325":{"start":{"line":685,"column":4},"end":{"line":693,"column":5}},"326":{"start":{"line":686,"column":6},"end":{"line":686,"column":67}},"327":{"start":{"line":
[...]
 scoresLen; i++) {","          averageScore += scores[i]","        }","        averageScore = averageScore / scoresLen","","        if (options.verbose) log('Token score average:', averageScore)","      }","","      mainSearchResult = this.fullSeacher.search(text)","      if (options.verbose) log('Full text score:', mainSearchResult.score)","","      finalScore = mainSearchResult.score","      if (averageScore !== undefined) {","        finalScore = (finalScore + averageScore) / 2","      }","","      if (options.verbose) log('Score average:', finalScore)","","      checkTextMatches = (this.options.tokenize && this.options.matchAllTokens) ? numTextMatches >= this.tokenSearchers.length : true","","      if (options.verbose) log('Check Matches', checkTextMatches)","","      // If a match is found, add the item to <rawResults>, including its score","      if ((exists || mainSearchResult.isMatch) && checkTextMatches) {","        // Check if the item already exists in our results","        existingResult = this.resultMap[index]","","        if (existingResult) {","          // Use the lowest score","          // existingResult.score, bitapResult.score","          existingResult.output.push({","            key: key,","            score: finalScore,","            matchedIndices: mainSearchResult.matchedIndices","          })","        } else {","          // Add it to the raw result list","          this.resultMap[index] = {","            item: entity,","            output: [{","              key: key,","              score: finalScore,","              matchedIndices: mainSearchResult.matchedIndices","            }]","          }","","          this.results.push(this.resultMap[index])","        }","      }","    } else if (isArray(text)) {","      for (i = 0; i < text.length; i++) {","        this._analyze(key, text[i], entity, index)","      }","    }","  }","","  Fuse.prototype._computeScore = function () {","    var i","    var j","    var keyMap = this._keyMap","    var totalScore","    var output","    var scoreLen","    var score","    var weight","    var results = this.results","    var bestScore","    var nScore","","    if (this.options.verbose) log('\\n\\nComputing score:\\n')","","    for (i = 0; i < results.length; i++) {","      totalScore = 0","      output = results[i].output","      scoreLen = output.length","","      bestScore = 1","","      for (j = 0; j < scoreLen; j++) {","        score = output[j].score","        weight = keyMap ? keyMap[output[j].key].weight : 1","","        nScore = score * weight","","        if (weight !== 1) {","          bestScore = Math.min(bestScore, nScore)","        } else {","          totalScore += nScore","          output[j].nScore = nScore","        }","      }","","      if (bestScore === 1) {","        results[i].score = totalScore / scoreLen","      } else {","        results[i].score = bestScore","      }","","      if (this.options.verbose) log(results[i])","    }","  }","","  Fuse.prototype._sort = function () {","    var options = this.options","    if (options.shouldSort) {","      if (options.verbose) log('\\n\\nSorting....')","      this.results.sort(options.sortFn)","    }","  }","","  Fuse.prototype._format = function () {","    var options = this.options","    var getFn = options.getFn","    var finalOutput = []","    var item","    var i","    var len","    var results = this.results","    var replaceValue","    var getItemAtIndex","    var include = options.include","","    if (options.verbose) log('\\n\\nOutput:\\n\\n', results)","","    // Helper function, here for speed-up, which replaces the item with its value,","    // if the options specifies it,","    replaceValue = options.id ? function (index) {","      results[index].item = getFn(results[index].item, options.id, [])[0]","    } : function () {}","","    getItemAtIndex = function (index) {","      var record = results[index]","      var data","      var j","      var output","      var _item","      var _result","","      // If `include` has values, put the item in the result","      if (include.length > 0) {","        data = {","          item: record.item","        }","        if (include.indexOf('matches') !== -1) {","          output = record.output","          data.matches = []","          for (j = 0; j < output.length; j++) {","            _item = output[j]","            _result = {","              indices: _item.matchedIndices","            }","            if (_item.key) {","              _result.key = _item.key","            }","            data.matches.push(_result)","          }","        }","","        if (include.indexOf('score') !== -1) {","          data.score = results[index].score","        }","","      } else {","        data = record.item","      }","","      return data","    }","","    // From the results, push into a new array only the item identifier (if specified)","    // of the entire item.  This is because we don't want to return the <results>,","    // since it contains other metadata","    for (i = 0, len = results.length; i < len; i++) {","      replaceValue(i)","      item = getItemAtIndex(i)","      finalOutput.push(item)","    }","","    return finalOutput","  }","","  // Helpers","","  function deepValue (obj, path, list) {","    var firstSegment","    var remaining","    var dotIndex","    var value","    var i","    var len","","    if (!path) {","      // If there's no path left, we've gotten to the object we care about.","      list.push(obj)","    } else {","      dotIndex = path.indexOf('.')","","      if (dotIndex !== -1) {","        firstSegment = path.slice(0, dotIndex)","        remaining = path.slice(dotIndex + 1)","      } else {","        firstSegment = path","      }","","      value = obj[firstSegment]","      if (value !== null && value !== undefined) {","        if (!remaining && (typeof value === 'string' || typeof value === 'number')) {","          list.push(value)","        } else if (isArray(value)) {","          // Search each item in the array.","          for (i = 0, len = value.length; i < len; i++) {","            deepValue(value[i], remaining, list)","          }","        } else if (remaining) {","          // An object. Recurse further.","          deepValue(value, remaining, list)","        }","      }","    }","","    return list","  }","","  function isArray (obj) {","    return Object.prototype.toString.call(obj) === '[object Array]'","  }","","  /**","   * Adapted from \"Diff, Match and Patch\", by Google","   *","   *   http://code.google.com/p/google-diff-match-patch/","   *","   * Modified by: Kirollos Risk <kirollos@gmail.com>","   * -----------------------------------------------","   * Details: the algorithm and structure was modified to allow the creation of","   * <Searcher> instances with a <search> method which does the actual","   * bitap search. The <pattern> (the string that is searched for) is only defined","   * once per instance and thus it eliminates redundant re-creation when searching","   * over a list of strings.","   *","   * Licensed under the Apache License, Version 2.0 (the \"License\")","   * you may not use this file except in compliance with the License.","   *","   * @constructor","   */","  function BitapSearcher (pattern, options) {","    options = options || {}","    this.options = options","    this.options.location = options.location || BitapSearcher.defaultOptions.location","    this.options.distance = 'distance' in options ? options.distance : BitapSearcher.defaultOptions.distance","    this.options.threshold = 'threshold' in options ? options.threshold : BitapSearcher.defaultOptions.threshold","    this.options.maxPatternLength = options.maxPatternLength || BitapSearcher.defaultOptions.maxPatternLength","","    this.pattern = options.caseSensitive ? pattern : pattern.toLowerCase()","    this.patternLen = pattern.length","","    if (this.patternLen <= this.options.maxPatternLength) {","      this.matchmask = 1 << (this.patternLen - 1)","      this.patternAlphabet = this._calculatePatternAlphabet()","    }","  }","","  BitapSearcher.defaultOptions = {","    // Approximately where in the text is the pattern expected to be found?","    location: 0,","","    // Determines how close the match must be to the fuzzy location (specified above).","    // An exact letter match which is 'distance' characters away from the fuzzy location","    // would score as a complete mismatch. A distance of '0' requires the match be at","    // the exact location specified, a threshold of '1000' would require a perfect match","    // to be within 800 characters of the fuzzy location to be found using a 0.8 threshold.","    distance: 100,","","    // At what point does the match algorithm give up. A threshold of '0.0' requires a perfect match","    // (of both letters and location), a threshold of '1.0' would match anything.","    threshold: 0.6,","","    // Machine word size","    maxPatternLength: 32","  }","","  /**","   * Initialize the alphabet for the Bitap algorithm.","   * @return {Object} Hash of character locations.","   * @private","   */","  BitapSearcher.prototype._calculatePatternAlphabet = function () {","    var mask = {},","      i = 0","","    for (i = 0; i < this.patternLen; i++) {","      mask[this.pattern.charAt(i)] = 0","    }","","    for (i = 0; i < this.patternLen; i++) {","      mask[this.pattern.charAt(i)] |= 1 << (this.pattern.length - i - 1)","    }","","    return mask","  }","","  /**","   * Compute and return the score for a match with `e` errors and `x` location.","   * @param {number} errors Number of errors in match.","   * @param {number} location Location of match.","   * @return {number} Overall score for match (0.0 = good, 1.0 = bad).","   * @private","   */","  BitapSearcher.prototype._bitapScore = function (errors, location) {","    var accuracy = errors / this.patternLen,","      proximity = Math.abs(this.options.location - location)","","    if (!this.options.distance) {","      // Dodge divide by zero error.","      return proximity ? 1.0 : accuracy","    }","    return accuracy + (proximity / this.options.distance)","  }","","  /**","   * Compute and return the result of the search","   * @param {string} text The text to search in","   * @return {{isMatch: boolean, score: number}} Literal containing:","   *                          isMatch - Whether the text is a match or not","   *                          score - Overall score for the match","   * @public","   */","  BitapSearcher.prototype.search = function (text) {","    var options = this.options","    var i","    var j","    var textLen","    var findAllMatches","    var location","    var threshold","    var bestLoc","    var binMin","    var binMid","    var binMax","    var start, finish","    var bitArr","    var lastBitArr","    var charMatch","    var score","    var locations","    var matches","    var isMatched","    var matchMask","    var matchedIndices","    var matchesLen","    var match","","    text = options.caseSensitive ? text : text.toLowerCase()","","    if (this.pattern === text) {","      // Exact match","      return {","        isMatch: true,","        score: 0,","        matchedIndices: [[0, text.length - 1]]","      }","    }","","    // When pattern length is greater than the machine word length, just do a a regex comparison","    if (this.patternLen > options.maxPatternLength) {","      matches = text.match(new RegExp(this.pattern.replace(options.tokenSeparator, '|')))","      isMatched = !!matches","","      if (isMatched) {","        matchedIndices = []","        for (i = 0, matchesLen = matches.length; i < matchesLen; i++) {","          match = matches[i]","          matchedIndices.push([text.indexOf(match), match.length - 1])","        }","      }","","      return {","        isMatch: isMatched,","        // TODO: revisit this score","        score: isMatched ? 0.5 : 1,","        matchedIndices: matchedIndices","      }","    }","","    findAllMatches = options.findAllMatches","","    location = options.location","    // Set starting location at beginning text and initialize the alphabet.","    textLen = text.length","    // Highest score beyond which we give up.","    threshold = options.threshold","    // Is there a nearby exact match? (speedup)","    bestLoc = text.indexOf(this.pattern, location)","","    // a mask of the matches","    matchMask = []","    for (i = 0; i < textLen; i++) {","      matchMask[i] = 0","    }","","    if (bestLoc != -1) {","      threshold = Math.min(this._bitapScore(0, bestLoc), threshold)","      // What about in the other direction? (speed up)","      bestLoc = text.lastIndexOf(this.pattern, location + this.patternLen)","","      if (bestLoc != -1) {","        threshold = Math.min(this._bitapScore(0, bestLoc), threshold)","      }","    }","","    bestLoc = -1","    score = 1","    locations = []","    binMax = this.patternLen + textLen","","    for (i = 0; i < this.patternLen; i++) {","      // Scan for the best match; each iteration allows for one more error.","      // Run a binary search to determine how far from the match location we can stray","      // at this error level.","      binMin = 0","      binMid = binMax","      while (binMin < binMid) {","        if (this._bitapScore(i, location + binMid) <= threshold) {","          binMin = binMid","        } else {","          binMax = binMid","        }","        binMid = Math.floor((binMax - binMin) / 2 + binMin)","      }","","      // Use the result from this iteration as the maximum for the next.","      binMax = binMid","      start = Math.max(1, location - binMid + 1)","      if (findAllMatches) {","        finish = textLen;","      } else {","        finish = Math.min(location + binMid, textLen) + this.patternLen","      }","","      // Initialize the bit array","      bitArr = Array(finish + 2)","","      bitArr[finish + 1] = (1 << i) - 1","","      for (j = finish; j >= start; j--) {","        charMatch = this.patternAlphabet[text.charAt(j - 1)]","","        if (charMatch) {","          matchMask[j - 1] = 1","        }","","        if (i === 0) {","          // First pass: exact match.","          bitArr[j] = ((bitArr[j + 1] << 1) | 1) & charMatch","        } else {","          // Subsequent passes: fuzzy match.","          bitArr[j] = ((bitArr[j + 1] << 1) | 1) & charMatch | (((lastBitArr[j + 1] | lastBitArr[j]) << 1) | 1) | lastBitArr[j + 1]","        }","        if (bitArr[j] & this.matchmask) {","          score = this._bitapScore(i, j - 1)","","          // This match will almost certainly be better than any existing match.","          // But check anyway.","          if (score <= threshold) {","            // Indeed it is","            threshold = score","            bestLoc = j - 1","            locations.push(bestLoc)","","            if (bestLoc > location) {","              // When passing loc, don't exceed our current distance from loc.","              start = Math.max(1, 2 * location - bestLoc)","            } else {","              // Already passed loc, downhill from here on in.","              break","            }","          }","        }","      }","","      // No hope for a (better) match at greater error levels.","      if (this._bitapScore(i + 1, location) > threshold) {","        break","      }","      lastBitArr = bitArr","    }","","    matchedIndices = this._getMatchedIndices(matchMask)","","    // Count exact matches (those with a score of 0) to be \"almost\" exact","    return {","      isMatch: bestLoc >= 0,","      score: score === 0 ? 0.001 : score,","      matchedIndices: matchedIndices","    }","  }","","  BitapSearcher.prototype._getMatchedIndices = function (matchMask) {","    var matchedIndices = []","    var start = -1","    var end = -1","    var i = 0","    var match","    var len = matchMask.length","    for (; i < len; i++) {","      match = matchMask[i]","      if (match && start === -1) {","        start = i","      } else if (!match && start !== -1) {","        end = i - 1","        if ((end - start) + 1 >= this.options.minMatchCharLength) {","            matchedIndices.push([start, end])","        }","        start = -1","      }","    }","    if (matchMask[i - 1]) {","      if ((i-1 - start) + 1 >= this.options.minMatchCharLength) {","        matchedIndices.push([start, i - 1])","      }","    }","    return matchedIndices","  }","","  // Export to Common JS Loader","  if (typeof exports === 'object') {","    // Node. Does not work with strict CommonJS, but","    // only CommonJS-like environments that support module.exports,","    // like Node.","    module.exports = Fuse","  } else if (typeof define === 'function' && define.amd) {","    // AMD. Register as an anonymous module.","    define(function () {","      return Fuse","    })","  } else {","    // Browser globals (root is window)","    global.Fuse = Fuse","  }","","})(this);",""],"l":{"20":1,"24":1,"25":0,"28":1,"61":0,"99":1,"100":0,"102":0,"103":0,"105":0,"106":0,"107":0,"110":0,"111":0,"114":0,"119":1,"127":1,"128":0,"129":0,"132":1,"133":0,"135":0,"136":0,"137":0,"138":0,"140":0,"141":0,"142":0,"143":0,"145":0,"146":0,"149":1,"150":0,"151":0,"152":0,"153":0,"154":0,"155":0,"157":0,"158":0,"159":0,"160":0,"163":0,"166":1,"167":0,"168":0,"169":0,"170":0,"171":0,"172":0,"173":0,"174":0,"175":0,"176":0,"177":0,"181":0,"183":0,"184":0,"187":0,"191":0,"192":0,"194":0,"195":0,"196":0,"197":0,"198":0,"201":0,"202":0,"204":0,"206":0,"210":0,"216":1,"217":0,"218":0,"219":0,"220":0,"221":0,"222":0,"223":0,"224":0,"225":0,"226":0,"227":0,"228":0,"229":0,"230":0,"231":0,"232":0,"233":0,"236":0,"237":0,"240":0,"242":0,"244":0,"245":0,"247":0,"249":0,"250":0,"251":0,"253":0,"255":0,"256":0,"258":0,"259":0,"260":0,"261":0,"262":0,"263":0,"264":0,"265":0,"266":0,"268":0,"269":0,"270":0,"273":0,"276":0,"277":0,"280":0,"283":0,"284":0,"285":0,"286":0,"288":0,"290":0,"293":0,"294":0,"296":0,"297":0,"298":0,"301":0,"303":0,"305":0,"308":0,"310":0,"312":0,"315":0,"322":0,"331":0,"334":0,"335":0,"336":0,"341":1,"342":0,"343":0,"344":0,"345":0,"346":0,"347":0,"348":0,"349":0,"350":0,"351":0,"352":0,"354":0,"356":0,"357":0,"358":0,"359":0,"361":0,"363":0,"364":0,"365":0,"367":0,"369":0,"370":0,"372":0,"373":0,"377":0,"378":0,"380":0,"383":0,"387":1,"388":0,"389":0,"390":0,"391":0,"395":1,"396":0,"397":0,"398":0,"399":0,"400":0,"401":0,"402":0,"403":0,"404":0,"405":0,"407":0,"411":0,"412":0,"415":0,"416":0,"417":0,"418":0,"419":0,"420":0,"421":0,"424":0,"425":0,"428":0,"429":0,"430":0,"431":0,"432":0,"433":0,"436":0,"437":0,"439":0,"443":0,"444":0,"448":0,"451":0,"457":0,"458":0,"459":0,"460":0,"463":0,"468":1,"469":0,"470":0,"471":0,"472":0,"473":0,"474":0,"476":0,"478":0,"480":0,"482":0,"483":0,"484":0,"486":0,"489":0,"490":0,"491":0,"492":0,"493":0,"495":0,"496":0,"498":0,"500":0,"505":0,"508":1,"509":0,"530":1,"531":0,"532":0,"533":0,"534":0,"535":0,"536":0,"538":0,"539":0,"541":0,"542":0,"543":0,"547":1,"571":1,"572":0,"575":0,"576":0,"579":0,"580":0,"583":0,"593":1,"594":0,"597":0,"599":0,"601":0,"612":1,"613":0,"614":0,"615":0,"616":0,"617":0,"618":0,"619":0,"620":0,"621":0,"622":0,"623":0,"624":0,"625":0,"626":0,"627":0,"628":0,"629":0,"630":0,"631":0,"632":0,"633":0,"634":0,"635":0,"637":0,"639":0,"641":0,"649":0,"650":0,"651":0,"653":0,"654":0,"655":0,"656":0,"657":0,"661":0,"669":0,"671":0,"673":0,"675":0,"677":0,"680":0,"681":0,"682":0,"685":0,"686":0,"688":0,"690":0,"691":0,"695":0,"696":0,"697":0,"698":0,"700":0,"704":0,"705":0,"706":0,"707":0,"708":0,"710":0,"712":0,"716":0,"717":0,"718":0,"719":0,"721":0,"725":0,"727":0,"729":0,"730":0,"732":0,"733":0,"736":0,"738":0,"741":0,"743":0,"744":0,"748":0,"750":0,"751":0,"752":0,"754":0,"756":0,"759":0,"766":0,"767":0,"769":0,"772":0,"775":0,"782":1,"783":0,"784":0,"785":0,"786":0,"787":0,"788":0,"789":0,"790":0,"791":0,"792":0,"793":0,"794":0,"795":0,"796":0,"798":0,"801":0,"802":0,"803":0,"806":0,"810":1,"814":1,"815":0,"817":0,"818":0,"822":0}}}